<?xml version="1.0" encoding="UTF-8"?>
<testsuite xmlns:xsi="http://www.w3.org/2001/XMLSchema-instance" xsi:noNamespaceSchemaLocation="https://maven.apache.org/surefire/maven-surefire-plugin/xsd/surefire-test-report-3.0.xsd" version="3.0" name="com.confuturo.runners.CucumberRunner" time="105.561" tests="88" errors="0" skipped="0" failures="8">
  <properties>
    <property name="java.specification.version" value="21"/>
    <property name="sun.cpu.isalist" value="amd64"/>
    <property name="sun.jnu.encoding" value="Cp1252"/>
    <property name="java.class.path" value="C:\Users\spena\Desktop\AutomationYamlAndJson\AutomationYamlAndJsonMultiple\yaml-validator\target\test-classes;C:\Users\spena\Desktop\AutomationYamlAndJson\AutomationYamlAndJsonMultiple\yaml-validator\target\classes;C:\Users\spena\.m2\repository\io\cucumber\cucumber-java\7.15.0\cucumber-java-7.15.0.jar;C:\Users\spena\.m2\repository\io\cucumber\cucumber-core\7.15.0\cucumber-core-7.15.0.jar;C:\Users\spena\.m2\repository\io\cucumber\cucumber-gherkin\7.15.0\cucumber-gherkin-7.15.0.jar;C:\Users\spena\.m2\repository\io\cucumber\cucumber-gherkin-messages\7.15.0\cucumber-gherkin-messages-7.15.0.jar;C:\Users\spena\.m2\repository\io\cucumber\gherkin\26.2.0\gherkin-26.2.0.jar;C:\Users\spena\.m2\repository\io\cucumber\messages\22.0.0\messages-22.0.0.jar;C:\Users\spena\.m2\repository\io\cucumber\tag-expressions\6.0.0\tag-expressions-6.0.0.jar;C:\Users\spena\.m2\repository\io\cucumber\cucumber-expressions\17.0.1\cucumber-expressions-17.0.1.jar;C:\Users\spena\.m2\repository\io\cucumber\datatable\7.15.0\datatable-7.15.0.jar;C:\Users\spena\.m2\repository\io\cucumber\cucumber-plugin\7.15.0\cucumber-plugin-7.15.0.jar;C:\Users\spena\.m2\repository\io\cucumber\docstring\7.15.0\docstring-7.15.0.jar;C:\Users\spena\.m2\repository\io\cucumber\html-formatter\20.4.0\html-formatter-20.4.0.jar;C:\Users\spena\.m2\repository\io\cucumber\junit-xml-formatter\0.2.0\junit-xml-formatter-0.2.0.jar;C:\Users\spena\.m2\repository\io\cucumber\ci-environment\10.0.0\ci-environment-10.0.0.jar;C:\Users\spena\.m2\repository\org\apiguardian\apiguardian-api\1.1.2\apiguardian-api-1.1.2.jar;C:\Users\spena\.m2\repository\io\cucumber\cucumber-junit\7.15.0\cucumber-junit-7.15.0.jar;C:\Users\spena\.m2\repository\org\yaml\snakeyaml\1.33\snakeyaml-1.33.jar;C:\Users\spena\.m2\repository\io\github\cdimascio\dotenv-java\2.3.2\dotenv-java-2.3.2.jar;C:\Users\spena\.m2\repository\org\json\json\20230618\json-20230618.jar;C:\Users\spena\.m2\repository\org\gitlab4j\gitlab4j-api\5.4.0\gitlab4j-api-5.4.0.jar;C:\Users\spena\.m2\repository\jakarta\activation\jakarta.activation-api\1.2.2\jakarta.activation-api-1.2.2.jar;C:\Users\spena\.m2\repository\org\glassfish\jersey\inject\jersey-hk2\2.39.1\jersey-hk2-2.39.1.jar;C:\Users\spena\.m2\repository\org\glassfish\jersey\core\jersey-common\2.39.1\jersey-common-2.39.1.jar;C:\Users\spena\.m2\repository\jakarta\annotation\jakarta.annotation-api\1.3.5\jakarta.annotation-api-1.3.5.jar;C:\Users\spena\.m2\repository\org\glassfish\hk2\osgi-resource-locator\1.0.3\osgi-resource-locator-1.0.3.jar;C:\Users\spena\.m2\repository\org\glassfish\hk2\hk2-locator\2.6.1\hk2-locator-2.6.1.jar;C:\Users\spena\.m2\repository\org\glassfish\hk2\external\aopalliance-repackaged\2.6.1\aopalliance-repackaged-2.6.1.jar;C:\Users\spena\.m2\repository\org\glassfish\hk2\hk2-api\2.6.1\hk2-api-2.6.1.jar;C:\Users\spena\.m2\repository\org\glassfish\hk2\hk2-utils\2.6.1\hk2-utils-2.6.1.jar;C:\Users\spena\.m2\repository\org\javassist\javassist\3.29.0-GA\javassist-3.29.0-GA.jar;C:\Users\spena\.m2\repository\org\glassfish\jersey\core\jersey-client\2.39.1\jersey-client-2.39.1.jar;C:\Users\spena\.m2\repository\jakarta\ws\rs\jakarta.ws.rs-api\2.1.6\jakarta.ws.rs-api-2.1.6.jar;C:\Users\spena\.m2\repository\org\glassfish\hk2\external\jakarta.inject\2.6.1\jakarta.inject-2.6.1.jar;C:\Users\spena\.m2\repository\org\glassfish\jersey\connectors\jersey-apache-connector\2.39.1\jersey-apache-connector-2.39.1.jar;C:\Users\spena\.m2\repository\org\apache\httpcomponents\httpclient\4.5.13\httpclient-4.5.13.jar;C:\Users\spena\.m2\repository\org\apache\httpcomponents\httpcore\4.4.13\httpcore-4.4.13.jar;C:\Users\spena\.m2\repository\commons-logging\commons-logging\1.2\commons-logging-1.2.jar;C:\Users\spena\.m2\repository\commons-codec\commons-codec\1.11\commons-codec-1.11.jar;C:\Users\spena\.m2\repository\org\glassfish\jersey\media\jersey-media-multipart\2.39.1\jersey-media-multipart-2.39.1.jar;C:\Users\spena\.m2\repository\org\jvnet\mimepull\mimepull\1.9.15\mimepull-1.9.15.jar;C:\Users\spena\.m2\repository\org\glassfish\jersey\media\jersey-media-json-jackson\2.39.1\jersey-media-json-jackson-2.39.1.jar;C:\Users\spena\.m2\repository\org\glassfish\jersey\ext\jersey-entity-filtering\2.39.1\jersey-entity-filtering-2.39.1.jar;C:\Users\spena\.m2\repository\com\fasterxml\jackson\module\jackson-module-jaxb-annotations\2.14.1\jackson-module-jaxb-annotations-2.14.1.jar;C:\Users\spena\.m2\repository\jakarta\xml\bind\jakarta.xml.bind-api\2.3.3\jakarta.xml.bind-api-2.3.3.jar;C:\Users\spena\.m2\repository\jakarta\servlet\jakarta.servlet-api\4.0.4\jakarta.servlet-api-4.0.4.jar;C:\Users\spena\.m2\repository\junit\junit\4.13.2\junit-4.13.2.jar;C:\Users\spena\.m2\repository\org\hamcrest\hamcrest-core\1.3\hamcrest-core-1.3.jar;C:\Users\spena\.m2\repository\org\assertj\assertj-core\3.24.2\assertj-core-3.24.2.jar;C:\Users\spena\.m2\repository\net\bytebuddy\byte-buddy\1.12.21\byte-buddy-1.12.21.jar;C:\Users\spena\.m2\repository\com\fasterxml\jackson\core\jackson-databind\2.15.2\jackson-databind-2.15.2.jar;C:\Users\spena\.m2\repository\com\fasterxml\jackson\core\jackson-annotations\2.15.2\jackson-annotations-2.15.2.jar;C:\Users\spena\.m2\repository\com\fasterxml\jackson\core\jackson-core\2.15.2\jackson-core-2.15.2.jar;C:\Users\spena\.m2\repository\com\google\code\gson\gson\2.10.1\gson-2.10.1.jar;C:\Users\spena\.m2\repository\org\projectlombok\lombok\1.18.30\lombok-1.18.30.jar;"/>
    <property name="java.vm.vendor" value="Oracle Corporation"/>
    <property name="sun.arch.data.model" value="64"/>
    <property name="user.variant" value=""/>
    <property name="java.vendor.url" value="https://java.oracle.com/"/>
    <property name="user.timezone" value="America/Santiago"/>
    <property name="os.name" value="Windows 10"/>
    <property name="java.vm.specification.version" value="21"/>
    <property name="sun.java.launcher" value="SUN_STANDARD"/>
    <property name="user.country" value="CL"/>
    <property name="sun.boot.library.path" value="C:\Program Files\Java\jdk-21\bin"/>
    <property name="sun.java.command" value="C:\Users\spena\AppData\Local\Temp\surefire13563240317379186709\surefirebooter-20250721160532187_3.jar C:\Users\spena\AppData\Local\Temp\surefire13563240317379186709 2025-07-21T16-05-31_443-jvmRun1 surefire-20250721160532187_1tmp surefire_0-20250721160532187_2tmp"/>
    <property name="jdk.debug" value="release"/>
    <property name="surefire.test.class.path" value="C:\Users\spena\Desktop\AutomationYamlAndJson\AutomationYamlAndJsonMultiple\yaml-validator\target\test-classes;C:\Users\spena\Desktop\AutomationYamlAndJson\AutomationYamlAndJsonMultiple\yaml-validator\target\classes;C:\Users\spena\.m2\repository\io\cucumber\cucumber-java\7.15.0\cucumber-java-7.15.0.jar;C:\Users\spena\.m2\repository\io\cucumber\cucumber-core\7.15.0\cucumber-core-7.15.0.jar;C:\Users\spena\.m2\repository\io\cucumber\cucumber-gherkin\7.15.0\cucumber-gherkin-7.15.0.jar;C:\Users\spena\.m2\repository\io\cucumber\cucumber-gherkin-messages\7.15.0\cucumber-gherkin-messages-7.15.0.jar;C:\Users\spena\.m2\repository\io\cucumber\gherkin\26.2.0\gherkin-26.2.0.jar;C:\Users\spena\.m2\repository\io\cucumber\messages\22.0.0\messages-22.0.0.jar;C:\Users\spena\.m2\repository\io\cucumber\tag-expressions\6.0.0\tag-expressions-6.0.0.jar;C:\Users\spena\.m2\repository\io\cucumber\cucumber-expressions\17.0.1\cucumber-expressions-17.0.1.jar;C:\Users\spena\.m2\repository\io\cucumber\datatable\7.15.0\datatable-7.15.0.jar;C:\Users\spena\.m2\repository\io\cucumber\cucumber-plugin\7.15.0\cucumber-plugin-7.15.0.jar;C:\Users\spena\.m2\repository\io\cucumber\docstring\7.15.0\docstring-7.15.0.jar;C:\Users\spena\.m2\repository\io\cucumber\html-formatter\20.4.0\html-formatter-20.4.0.jar;C:\Users\spena\.m2\repository\io\cucumber\junit-xml-formatter\0.2.0\junit-xml-formatter-0.2.0.jar;C:\Users\spena\.m2\repository\io\cucumber\ci-environment\10.0.0\ci-environment-10.0.0.jar;C:\Users\spena\.m2\repository\org\apiguardian\apiguardian-api\1.1.2\apiguardian-api-1.1.2.jar;C:\Users\spena\.m2\repository\io\cucumber\cucumber-junit\7.15.0\cucumber-junit-7.15.0.jar;C:\Users\spena\.m2\repository\org\yaml\snakeyaml\1.33\snakeyaml-1.33.jar;C:\Users\spena\.m2\repository\io\github\cdimascio\dotenv-java\2.3.2\dotenv-java-2.3.2.jar;C:\Users\spena\.m2\repository\org\json\json\20230618\json-20230618.jar;C:\Users\spena\.m2\repository\org\gitlab4j\gitlab4j-api\5.4.0\gitlab4j-api-5.4.0.jar;C:\Users\spena\.m2\repository\jakarta\activation\jakarta.activation-api\1.2.2\jakarta.activation-api-1.2.2.jar;C:\Users\spena\.m2\repository\org\glassfish\jersey\inject\jersey-hk2\2.39.1\jersey-hk2-2.39.1.jar;C:\Users\spena\.m2\repository\org\glassfish\jersey\core\jersey-common\2.39.1\jersey-common-2.39.1.jar;C:\Users\spena\.m2\repository\jakarta\annotation\jakarta.annotation-api\1.3.5\jakarta.annotation-api-1.3.5.jar;C:\Users\spena\.m2\repository\org\glassfish\hk2\osgi-resource-locator\1.0.3\osgi-resource-locator-1.0.3.jar;C:\Users\spena\.m2\repository\org\glassfish\hk2\hk2-locator\2.6.1\hk2-locator-2.6.1.jar;C:\Users\spena\.m2\repository\org\glassfish\hk2\external\aopalliance-repackaged\2.6.1\aopalliance-repackaged-2.6.1.jar;C:\Users\spena\.m2\repository\org\glassfish\hk2\hk2-api\2.6.1\hk2-api-2.6.1.jar;C:\Users\spena\.m2\repository\org\glassfish\hk2\hk2-utils\2.6.1\hk2-utils-2.6.1.jar;C:\Users\spena\.m2\repository\org\javassist\javassist\3.29.0-GA\javassist-3.29.0-GA.jar;C:\Users\spena\.m2\repository\org\glassfish\jersey\core\jersey-client\2.39.1\jersey-client-2.39.1.jar;C:\Users\spena\.m2\repository\jakarta\ws\rs\jakarta.ws.rs-api\2.1.6\jakarta.ws.rs-api-2.1.6.jar;C:\Users\spena\.m2\repository\org\glassfish\hk2\external\jakarta.inject\2.6.1\jakarta.inject-2.6.1.jar;C:\Users\spena\.m2\repository\org\glassfish\jersey\connectors\jersey-apache-connector\2.39.1\jersey-apache-connector-2.39.1.jar;C:\Users\spena\.m2\repository\org\apache\httpcomponents\httpclient\4.5.13\httpclient-4.5.13.jar;C:\Users\spena\.m2\repository\org\apache\httpcomponents\httpcore\4.4.13\httpcore-4.4.13.jar;C:\Users\spena\.m2\repository\commons-logging\commons-logging\1.2\commons-logging-1.2.jar;C:\Users\spena\.m2\repository\commons-codec\commons-codec\1.11\commons-codec-1.11.jar;C:\Users\spena\.m2\repository\org\glassfish\jersey\media\jersey-media-multipart\2.39.1\jersey-media-multipart-2.39.1.jar;C:\Users\spena\.m2\repository\org\jvnet\mimepull\mimepull\1.9.15\mimepull-1.9.15.jar;C:\Users\spena\.m2\repository\org\glassfish\jersey\media\jersey-media-json-jackson\2.39.1\jersey-media-json-jackson-2.39.1.jar;C:\Users\spena\.m2\repository\org\glassfish\jersey\ext\jersey-entity-filtering\2.39.1\jersey-entity-filtering-2.39.1.jar;C:\Users\spena\.m2\repository\com\fasterxml\jackson\module\jackson-module-jaxb-annotations\2.14.1\jackson-module-jaxb-annotations-2.14.1.jar;C:\Users\spena\.m2\repository\jakarta\xml\bind\jakarta.xml.bind-api\2.3.3\jakarta.xml.bind-api-2.3.3.jar;C:\Users\spena\.m2\repository\jakarta\servlet\jakarta.servlet-api\4.0.4\jakarta.servlet-api-4.0.4.jar;C:\Users\spena\.m2\repository\junit\junit\4.13.2\junit-4.13.2.jar;C:\Users\spena\.m2\repository\org\hamcrest\hamcrest-core\1.3\hamcrest-core-1.3.jar;C:\Users\spena\.m2\repository\org\assertj\assertj-core\3.24.2\assertj-core-3.24.2.jar;C:\Users\spena\.m2\repository\net\bytebuddy\byte-buddy\1.12.21\byte-buddy-1.12.21.jar;C:\Users\spena\.m2\repository\com\fasterxml\jackson\core\jackson-databind\2.15.2\jackson-databind-2.15.2.jar;C:\Users\spena\.m2\repository\com\fasterxml\jackson\core\jackson-annotations\2.15.2\jackson-annotations-2.15.2.jar;C:\Users\spena\.m2\repository\com\fasterxml\jackson\core\jackson-core\2.15.2\jackson-core-2.15.2.jar;C:\Users\spena\.m2\repository\com\google\code\gson\gson\2.10.1\gson-2.10.1.jar;C:\Users\spena\.m2\repository\org\projectlombok\lombok\1.18.30\lombok-1.18.30.jar;"/>
    <property name="sun.cpu.endian" value="little"/>
    <property name="user.home" value="C:\Users\spena"/>
    <property name="user.language" value="es"/>
    <property name="java.specification.vendor" value="Oracle Corporation"/>
    <property name="java.version.date" value="2024-07-16"/>
    <property name="java.home" value="C:\Program Files\Java\jdk-21"/>
    <property name="file.separator" value="\"/>
    <property name="basedir" value="C:\Users\spena\Desktop\AutomationYamlAndJson\AutomationYamlAndJsonMultiple\yaml-validator"/>
    <property name="java.vm.compressedOopsMode" value="Zero based"/>
    <property name="line.separator" value="&#10;"/>
    <property name="java.vm.specification.vendor" value="Oracle Corporation"/>
    <property name="java.specification.name" value="Java Platform API Specification"/>
    <property name="surefire.real.class.path" value="C:\Users\spena\AppData\Local\Temp\surefire13563240317379186709\surefirebooter-20250721160532187_3.jar"/>
    <property name="user.script" value=""/>
    <property name="sun.management.compiler" value="HotSpot 64-Bit Tiered Compilers"/>
    <property name="java.runtime.version" value="21.0.4+8-LTS-274"/>
    <property name="user.name" value="spena"/>
    <property name="stdout.encoding" value="Cp1252"/>
    <property name="path.separator" value=";"/>
    <property name="os.version" value="10.0"/>
    <property name="java.runtime.name" value="Java(TM) SE Runtime Environment"/>
    <property name="file.encoding" value="UTF-8"/>
    <property name="java.vm.name" value="Java HotSpot(TM) 64-Bit Server VM"/>
    <property name="localRepository" value="C:\Users\spena\.m2\repository"/>
    <property name="java.vendor.url.bug" value="https://bugreport.java.com/bugreport/"/>
    <property name="java.io.tmpdir" value="C:\Users\spena\AppData\Local\Temp\"/>
    <property name="java.version" value="21.0.4"/>
    <property name="user.dir" value="C:\Users\spena\Desktop\AutomationYamlAndJson\AutomationYamlAndJsonMultiple\yaml-validator"/>
    <property name="os.arch" value="amd64"/>
    <property name="java.vm.specification.name" value="Java Virtual Machine Specification"/>
    <property name="sun.os.patch.level" value=""/>
    <property name="native.encoding" value="Cp1252"/>
    <property name="java.library.path" value="C:\Program Files\Java\jdk-21\bin;C:\WINDOWS\Sun\Java\bin;C:\WINDOWS\system32;C:\WINDOWS;C:\Program Files\Common Files\Oracle\Java\javapath;C:\WINDOWS\system32;C:\WINDOWS;C:\WINDOWS\System32\Wbem;C:\WINDOWS\System32\WindowsPowerShell\v1.0\;C:\WINDOWS\System32\OpenSSH\;C:\Program Files\dotnet\;C:\Program Files\Microsoft SQL Server\130\Tools\Binn\;C:\Program Files\Microsoft SQL Server\Client SDK\ODBC\170\Tools\Binn\;C:\Program Files (x86)\Microsoft SQL Server\150\DTS\Binn\;C:\Program Files\Azure Data Studio\bin;C:\Users\mberkhoff\AppData\Roaming\nvm;C:\Program Files\nodejs;C:\Program Files\Git\cmd;C:\Program Files\apache-maven-3.9.9\bin;C:\Program Files\Java\jdk-21\bin;C:\Program Files\nodejs;C:\Program Files\;C:\Program Files\Apache\apache-maven-3.9.9\bin;C:\Users\spena\AppData\Local\Microsoft\WindowsApps;C:\Users\spena\AppData\Local\Programs\Microsoft VS Code\bin;C:\Users\spena\AppData\Roaming\npm;C:\Program Files\Git\mingw64\bin;C:\Program Files\Git\usr\bin;C:\cmder\vendor\bin;C:\cmder\bin;C:\cmder;."/>
    <property name="java.vm.info" value="mixed mode, sharing"/>
    <property name="stderr.encoding" value="Cp1252"/>
    <property name="java.vendor" value="Oracle Corporation"/>
    <property name="java.vm.version" value="21.0.4+8-LTS-274"/>
    <property name="sun.io.unicode.encoding" value="UnicodeLittle"/>
    <property name="java.class.version" value="65.0"/>
  </properties>
  <testcase name="El archivo YAML debe tener la configuración de servicios correcta #1" classname="Validación de configuración de archivo json en ambiente de Produccion #2" time="3.4">
    <failure message="Se encontraron 1 errores de validación. Consulta el detalle en los logs." type="java.lang.AssertionError"><![CDATA[java.lang.AssertionError: Se encontraron 1 errores de validación. Consulta el detalle en los logs.
	at com.confuturo.steps.YamlValidationSteps.afterScenario(YamlValidationSteps.java:48)
]]></failure>
    <system-out><![CDATA[
@yaml-prod
Escenario: El archivo YAML debe tener la configuración de servicios correcta                                       # src/test/resources/features/yaml-validation_prod.feature:15

===== INICIANDO ESCENARIO =====
Nombre: El archivo YAML debe tener la configuración de servicios correcta

===== INICIANDO ESCENARIO =====
Nombre: El archivo YAML debe tener la configuración de servicios correcta
Conectando al repositorio: confuturo_ti/servicios-globales/integraciones-generales/alfresco-services
Buscando token en archivo .env...
Comprobando archivo .env en: C:\Users\spena\Desktop\AutomationYamlAndJson\AutomationYamlAndJsonMultiple\yaml-validator\.env
Comprobando archivo .env en: C:\Users\spena\Desktop\AutomationYamlAndJson\AutomationYamlAndJsonMultiple\yaml-validator\..\.env
Archivo .env encontrado en: C:\Users\spena\Desktop\AutomationYamlAndJson\AutomationYamlAndJsonMultiple\yaml-validator\..\.env
Token encontrado en archivo .env: ../.env
Conexión a GitLab establecida correctamente
Conexión establecida correctamente al repositorio: confuturo_ti/servicios-globales/integraciones-generales/alfresco-services
  Dado que tengo acceso al repositorio 'confuturo_ti/servicios-globales/integraciones-generales/alfresco-services' # com.confuturo.steps.YamlValidationSteps.queAccesoAlRepositorio(java.lang.String)
Intentando leer archivo YAML: helm/prod-values-gke.yaml del proyecto: confuturo_ti/servicios-globales/integraciones-generales/alfresco-services
Proyecto encontrado con ID: 48755551
Intentando obtener archivo de la rama: develop
Archivo encontrado en la rama: develop
Contenido YAML guardado en 'gitlab-yaml-content.txt'
=== CONTENIDO YAML ORIGINAL ===
Longitud: 2636 caracteres
Primeras 300 caracteres:
replicaCount: 1

image:
  repository: confuturocloud/alfresco-services
  tag: "latest"

imagePullSecrets:
  - name: confuturo-registry

nameOverride: ""
fullnameOverride: ""

serviceAccount:
  create: true
  annotations: {}
  name: ""

configmap:
  name: alfresco-services
  data:
    API_BASE_PATH: 
=== FIN DEL CONTENIDO ORIGINAL ===
=== PROCESO DE LIMPIEZA DE COMENTARIOS YAML ===
Líneas originales: 103
Líneas procesadas: 103
Comentarios eliminados: 0
=== FIN DEL PROCESO DE LIMPIEZA ===
YAML limpio guardado en 'cleaned-yaml-content.txt'
Longitud después de limpieza: 2637 caracteres
YAML limpio parseado correctamente
  Cuando leo el archivo 'helm/prod-values-gke.yaml'                                                                # com.confuturo.steps.YamlValidationSteps.leoElArchivo(java.lang.String)

============================================================
🔍 VERIFICANDO QUE NO EXISTA LA PALABRA EXACTA
============================================================
🎯 Palabra EXACTA que NO debe existir: 'qa'
📝 Nota: Búsqueda realizada en contenido SIN comentarios
Longitud del contenido a buscar: 2637
Usando contenido: LIMPIO (sin comentarios)
¿Contiene 'qa' con búsqueda simple? true
Ejemplos de dónde aparece (máximo 3):
  1: ...       - api-alfresco-service-qa-group
        - Zerviz-alfres...
  2: ...    - Zerviz-alfresco-service-qa-group
      hideGroupsHeader:...
Aplicando 9 patrones de búsqueda...
Patrón 8 (\b\QQA\E\b): 2 coincidencias
Patrón 9 (\b\Qqa\E\b(?![a-zA-Z])): 2 coincidencias
¿Palabra EXACTA encontrada? true
Total de contextos únicos: 2
  Entonces el archivo Yaml NO debe contener la palabra "qa"                                                        # com.confuturo.steps.YamlValidationSteps.elArchivoYamlNoDebeContenerLaPalabra(java.lang.String)

===== ERRORES DE VALIDACIÓN ENCONTRADOS =====

    Error de validación: La palabra EXACTA 'qa' fue encontrada en el archivo pero NO debería estar presente. Total ocurrencias: 2. Contexto(s): Patrón 8: ... - api-alfresco-service-qa-group - Zerviz-alfres... | Patrón 8: ... - Zerviz-alfresco-service-qa-group hideGroupsHeader:...


    Embedding Error de validación [text/plain 258 bytes]

      java.lang.AssertionError: Se encontraron 1 errores de validación. Consulta el detalle en los logs.
	at com.confuturo.steps.YamlValidationSteps.afterScenario(YamlValidationSteps.java:48)


===== ESCENARIO FALLIDO =====
Nombre: El archivo YAML debe tener la configuración de servicios correcta
Error: de960830-0eae-4685-bb13-893868650ab4
]]></system-out>
    <system-err><![CDATA[¡ERROR DE VALIDACIÓN! La palabra EXACTA 'qa' fue encontrada en el archivo pero NO debería estar presente. Total ocurrencias: 2. Contexto(s): Patrón 8: ... - api-alfresco-service-qa-group - Zerviz-alfres... | Patrón 8: ... - Zerviz-alfresco-service-qa-group hideGroupsHeader:...
- La palabra EXACTA 'qa' fue encontrada en el archivo pero NO debería estar presente. Total ocurrencias: 2. Contexto(s): Patrón 8: ... - api-alfresco-service-qa-group - Zerviz-alfres... | Patrón 8: ... - Zerviz-alfresco-service-qa-group hideGroupsHeader:...
]]></system-err>
  </testcase>
  <testcase name="El archivo YAML debe tener la configuración de servicios correcta #2" classname="Validación de configuración de archivo json en ambiente de Produccion #2" time="1.1">
    <system-out><![CDATA[
@yaml-prod
Escenario: El archivo YAML debe tener la configuración de servicios correcta # src/test/resources/features/yaml-validation_prod.feature:16

===== INICIANDO ESCENARIO =====
Nombre: El archivo YAML debe tener la configuración de servicios correcta

===== INICIANDO ESCENARIO =====
Nombre: El archivo YAML debe tener la configuración de servicios correcta
Conectando al repositorio: confuturo_ti/aps/api-aps
Buscando token en archivo .env...
Comprobando archivo .env en: C:\Users\spena\Desktop\AutomationYamlAndJson\AutomationYamlAndJsonMultiple\yaml-validator\.env
Comprobando archivo .env en: C:\Users\spena\Desktop\AutomationYamlAndJson\AutomationYamlAndJsonMultiple\yaml-validator\..\.env
Archivo .env encontrado en: C:\Users\spena\Desktop\AutomationYamlAndJson\AutomationYamlAndJsonMultiple\yaml-validator\..\.env
Token encontrado en archivo .env: ../.env
Conexión a GitLab establecida correctamente
Conexión establecida correctamente al repositorio: confuturo_ti/aps/api-aps
  Dado que tengo acceso al repositorio 'confuturo_ti/aps/api-aps'            # com.confuturo.steps.YamlValidationSteps.queAccesoAlRepositorio(java.lang.String)
Intentando leer archivo YAML: helm/prod-values-gke.yaml del proyecto: confuturo_ti/aps/api-aps
Proyecto encontrado con ID: 31660921
Intentando obtener archivo de la rama: develop
Archivo encontrado en la rama: develop
Contenido YAML guardado en 'gitlab-yaml-content.txt'
=== CONTENIDO YAML ORIGINAL ===
Longitud: 2337 caracteres
Primeras 300 caracteres:
replicaCount: 1

image:
  repository: confuturocloud/api-aps
  tag: "latest"

imagePullSecrets: 
  - name: confuturo-registry

nameOverride: ""
fullnameOverride: ""

serviceAccount:
  create: true
  annotations: {}
  name: ""

configmap:
  name: api-aps
  data:
    API_BASE_PATH: "/rentas-services"

=== FIN DEL CONTENIDO ORIGINAL ===
=== PROCESO DE LIMPIEZA DE COMENTARIOS YAML ===
Líneas originales: 94
Líneas procesadas: 94
Comentarios eliminados: 0
=== FIN DEL PROCESO DE LIMPIEZA ===
YAML limpio guardado en 'cleaned-yaml-content.txt'
Longitud después de limpieza: 2338 caracteres
YAML limpio parseado correctamente
  Cuando leo el archivo 'helm/prod-values-gke.yaml'                          # com.confuturo.steps.YamlValidationSteps.leoElArchivo(java.lang.String)

============================================================
🔍 VERIFICANDO QUE NO EXISTA LA PALABRA EXACTA
============================================================
🎯 Palabra EXACTA que NO debe existir: 'qa'
📝 Nota: Búsqueda realizada en contenido SIN comentarios
Longitud del contenido a buscar: 2338
Usando contenido: LIMPIO (sin comentarios)
¿Contiene 'qa' con búsqueda simple? true
Ejemplos de dónde aparece (máximo 3):
  1: ...  origins: ["http://clientescfqa.confuturo.cl:85", "http://qaa...
  2: ...fqa.confuturo.cl:85", "http://qaappsfront"]
      methods: ["G...
Aplicando 9 patrones de búsqueda...
¿Palabra EXACTA encontrada? false
Total de contextos únicos: 0
✓ Correcto: La palabra EXACTA 'qa' NO fue encontrada como término independiente
ℹ Nota: La secuencia 'qa' SÍ aparece en el archivo, pero NO como término independiente según los patrones definidos
  Entonces el archivo Yaml NO debe contener la palabra "qa"                  # com.confuturo.steps.YamlValidationSteps.elArchivoYamlNoDebeContenerLaPalabra(java.lang.String)

===== ESCENARIO EXITOSO =====
Nombre: El archivo YAML debe tener la configuración de servicios correcta

===== ESCENARIO EXITOSO =====
Nombre: El archivo YAML debe tener la configuración de servicios correcta
]]></system-out>
  </testcase>
  <testcase name="El archivo YAML debe tener la configuración de servicios correcta #3" classname="Validación de configuración de archivo json en ambiente de Produccion #2" time="1.056">
    <failure message="Se encontraron 1 errores de validación. Consulta el detalle en los logs." type="java.lang.AssertionError"><![CDATA[java.lang.AssertionError: Se encontraron 1 errores de validación. Consulta el detalle en los logs.
	at com.confuturo.steps.YamlValidationSteps.afterScenario(YamlValidationSteps.java:48)
]]></failure>
    <system-out><![CDATA[
@yaml-prod
Escenario: El archivo YAML debe tener la configuración de servicios correcta # src/test/resources/features/yaml-validation_prod.feature:17

===== INICIANDO ESCENARIO =====
Nombre: El archivo YAML debe tener la configuración de servicios correcta

===== INICIANDO ESCENARIO =====
Nombre: El archivo YAML debe tener la configuración de servicios correcta
Conectando al repositorio: confuturo_ti/api-cambio-domicilio
Buscando token en archivo .env...
Comprobando archivo .env en: C:\Users\spena\Desktop\AutomationYamlAndJson\AutomationYamlAndJsonMultiple\yaml-validator\.env
Comprobando archivo .env en: C:\Users\spena\Desktop\AutomationYamlAndJson\AutomationYamlAndJsonMultiple\yaml-validator\..\.env
Archivo .env encontrado en: C:\Users\spena\Desktop\AutomationYamlAndJson\AutomationYamlAndJsonMultiple\yaml-validator\..\.env
Token encontrado en archivo .env: ../.env
Conexión a GitLab establecida correctamente
Conexión establecida correctamente al repositorio: confuturo_ti/api-cambio-domicilio
  Dado que tengo acceso al repositorio 'confuturo_ti/api-cambio-domicilio'   # com.confuturo.steps.YamlValidationSteps.queAccesoAlRepositorio(java.lang.String)
Intentando leer archivo YAML: helm/prod-values-gke.yaml del proyecto: confuturo_ti/api-cambio-domicilio
Proyecto encontrado con ID: 31210596
Intentando obtener archivo de la rama: develop
Archivo encontrado en la rama: develop
Contenido YAML guardado en 'gitlab-yaml-content.txt'
=== CONTENIDO YAML ORIGINAL ===
Longitud: 1468 caracteres
Primeras 300 caracteres:
replicaCount: 1

image:
  repository: confuturocloud/api-cambio-domicilio
  pullPolicy: IfNotPresent
  tag: "latest"

imagePullSecrets: 
  - name: confuturo-registry
nameOverride: ""
fullnameOverride: ""

serviceAccount:
  create: true
  annotations: {}
  name: ""

configmap:
  name: api-cambio-domi
=== FIN DEL CONTENIDO ORIGINAL ===
=== PROCESO DE LIMPIEZA DE COMENTARIOS YAML ===
Líneas originales: 62
Líneas procesadas: 62
Comentarios eliminados: 0
=== FIN DEL PROCESO DE LIMPIEZA ===
YAML limpio guardado en 'cleaned-yaml-content.txt'
Longitud después de limpieza: 1469 caracteres
YAML limpio parseado correctamente
  Cuando leo el archivo 'helm/prod-values-gke.yaml'                          # com.confuturo.steps.YamlValidationSteps.leoElArchivo(java.lang.String)

============================================================
🔍 VERIFICANDO QUE NO EXISTA LA PALABRA EXACTA
============================================================
🎯 Palabra EXACTA que NO debe existir: 'qa'
📝 Nota: Búsqueda realizada en contenido SIN comentarios
Longitud del contenido a buscar: 1469
Usando contenido: LIMPIO (sin comentarios)
¿Contiene 'qa' con búsqueda simple? true
Ejemplos de dónde aparece (máximo 3):
  1: ...l   
  hosts:
    - host: api.qa.seguros.local
      paths:
  ...
Aplicando 9 patrones de búsqueda...
Patrón 2 (\.\Qqa\E(?=[-\.])): 1 coincidencias
Patrón 3 ((?<=[:/\.])\Qqa\E(?=[-\.])): 1 coincidencias
Patrón 8 (\b\QQA\E\b): 1 coincidencias
Patrón 9 (\b\Qqa\E\b(?![a-zA-Z])): 1 coincidencias
¿Palabra EXACTA encontrada? true
Total de contextos únicos: 2
  Entonces el archivo Yaml NO debe contener la palabra "qa"                  # com.confuturo.steps.YamlValidationSteps.elArchivoYamlNoDebeContenerLaPalabra(java.lang.String)

===== ERRORES DE VALIDACIÓN ENCONTRADOS =====

    Error de validación: La palabra EXACTA 'qa' fue encontrada en el archivo pero NO debería estar presente. Total ocurrencias: 2. Contexto(s): Patrón 2: ...al hosts: - host: api.qa.seguros.local paths: ... | Patrón 3: ...l hosts: - host: api.qa.seguros.local paths: ...


    Embedding Error de validación [text/plain 248 bytes]

      java.lang.AssertionError: Se encontraron 1 errores de validación. Consulta el detalle en los logs.
	at com.confuturo.steps.YamlValidationSteps.afterScenario(YamlValidationSteps.java:48)


===== ESCENARIO FALLIDO =====
Nombre: El archivo YAML debe tener la configuración de servicios correcta
Error: b48a8b72-4707-41c2-8c0a-70000da4be4c
]]></system-out>
    <system-err><![CDATA[¡ERROR DE VALIDACIÓN! La palabra EXACTA 'qa' fue encontrada en el archivo pero NO debería estar presente. Total ocurrencias: 2. Contexto(s): Patrón 2: ...al hosts: - host: api.qa.seguros.local paths: ... | Patrón 3: ...l hosts: - host: api.qa.seguros.local paths: ...
- La palabra EXACTA 'qa' fue encontrada en el archivo pero NO debería estar presente. Total ocurrencias: 2. Contexto(s): Patrón 2: ...al hosts: - host: api.qa.seguros.local paths: ... | Patrón 3: ...l hosts: - host: api.qa.seguros.local paths: ...
]]></system-err>
  </testcase>
  <testcase name="El archivo YAML debe tener la configuración de servicios correcta #4" classname="Validación de configuración de archivo json en ambiente de Produccion #2" time="1.315">
    <system-out><![CDATA[
@yaml-prod
Escenario: El archivo YAML debe tener la configuración de servicios correcta # src/test/resources/features/yaml-validation_prod.feature:18

===== INICIANDO ESCENARIO =====
Nombre: El archivo YAML debe tener la configuración de servicios correcta

===== INICIANDO ESCENARIO =====
Nombre: El archivo YAML debe tener la configuración de servicios correcta
Conectando al repositorio: confuturo_ti/api-cambio-via-pago
Buscando token en archivo .env...
Comprobando archivo .env en: C:\Users\spena\Desktop\AutomationYamlAndJson\AutomationYamlAndJsonMultiple\yaml-validator\.env
Comprobando archivo .env en: C:\Users\spena\Desktop\AutomationYamlAndJson\AutomationYamlAndJsonMultiple\yaml-validator\..\.env
Archivo .env encontrado en: C:\Users\spena\Desktop\AutomationYamlAndJson\AutomationYamlAndJsonMultiple\yaml-validator\..\.env
Token encontrado en archivo .env: ../.env
Conexión a GitLab establecida correctamente
Conexión establecida correctamente al repositorio: confuturo_ti/api-cambio-via-pago
  Dado que tengo acceso al repositorio 'confuturo_ti/api-cambio-via-pago'    # com.confuturo.steps.YamlValidationSteps.queAccesoAlRepositorio(java.lang.String)
Intentando leer archivo YAML: helm/prod-values-gke.yaml del proyecto: confuturo_ti/api-cambio-via-pago
Proyecto encontrado con ID: 37970327
Intentando obtener archivo de la rama: develop
Archivo encontrado en la rama: develop
Contenido YAML guardado en 'gitlab-yaml-content.txt'
=== CONTENIDO YAML ORIGINAL ===
Longitud: 3120 caracteres
Primeras 300 caracteres:
replicaCount: 1

image:
  repository: confuturocloud/api-cambio-via-pago
  tag: "latest"

imagePullSecrets:
  - name: confuturo-registry
nameOverride: ""
fullnameOverride: ""

serviceAccount:
  create: true
  annotations: {}
  name: ""

configmap:
  name: api-cambio-via-pago
  data:
    AllowedHosts
=== FIN DEL CONTENIDO ORIGINAL ===
=== PROCESO DE LIMPIEZA DE COMENTARIOS YAML ===
Líneas originales: 105
Líneas procesadas: 105
Comentarios eliminados: 0
=== FIN DEL PROCESO DE LIMPIEZA ===
YAML limpio guardado en 'cleaned-yaml-content.txt'
Longitud después de limpieza: 3121 caracteres
YAML limpio parseado correctamente
  Cuando leo el archivo 'helm/prod-values-gke.yaml'                          # com.confuturo.steps.YamlValidationSteps.leoElArchivo(java.lang.String)

============================================================
🔍 VERIFICANDO QUE NO EXISTA LA PALABRA EXACTA
============================================================
🎯 Palabra EXACTA que NO debe existir: 'qa'
📝 Nota: Búsqueda realizada en contenido SIN comentarios
Longitud del contenido a buscar: 3121
Usando contenido: LIMPIO (sin comentarios)
¿Contiene 'qa' con búsqueda simple? false
Aplicando 9 patrones de búsqueda...
¿Palabra EXACTA encontrada? false
Total de contextos únicos: 0
✓ Correcto: La palabra EXACTA 'qa' NO fue encontrada como término independiente
ℹ Confirmado: La secuencia 'qa' no aparece en absoluto en el archivo
  Entonces el archivo Yaml NO debe contener la palabra "qa"                  # com.confuturo.steps.YamlValidationSteps.elArchivoYamlNoDebeContenerLaPalabra(java.lang.String)

===== ESCENARIO EXITOSO =====
Nombre: El archivo YAML debe tener la configuración de servicios correcta

===== ESCENARIO EXITOSO =====
Nombre: El archivo YAML debe tener la configuración de servicios correcta
]]></system-out>
  </testcase>
  <testcase name="El archivo YAML debe tener la configuración de servicios correcta #5" classname="Validación de configuración de archivo json en ambiente de Produccion #2" time="1.073">
    <system-out><![CDATA[
@yaml-prod
Escenario: El archivo YAML debe tener la configuración de servicios correcta             # src/test/resources/features/yaml-validation_prod.feature:19

===== INICIANDO ESCENARIO =====
Nombre: El archivo YAML debe tener la configuración de servicios correcta

===== INICIANDO ESCENARIO =====
Nombre: El archivo YAML debe tener la configuración de servicios correcta
Conectando al repositorio: confuturo_ti/servicios-globales/api-certificate
Buscando token en archivo .env...
Comprobando archivo .env en: C:\Users\spena\Desktop\AutomationYamlAndJson\AutomationYamlAndJsonMultiple\yaml-validator\.env
Comprobando archivo .env en: C:\Users\spena\Desktop\AutomationYamlAndJson\AutomationYamlAndJsonMultiple\yaml-validator\..\.env
Archivo .env encontrado en: C:\Users\spena\Desktop\AutomationYamlAndJson\AutomationYamlAndJsonMultiple\yaml-validator\..\.env
Token encontrado en archivo .env: ../.env
Conexión a GitLab establecida correctamente
Conexión establecida correctamente al repositorio: confuturo_ti/servicios-globales/api-certificate
  Dado que tengo acceso al repositorio 'confuturo_ti/servicios-globales/api-certificate' # com.confuturo.steps.YamlValidationSteps.queAccesoAlRepositorio(java.lang.String)
Intentando leer archivo YAML: helm/prod-values-gke.yaml del proyecto: confuturo_ti/servicios-globales/api-certificate
Proyecto encontrado con ID: 39348657
Intentando obtener archivo de la rama: develop
Archivo encontrado en la rama: develop
Contenido YAML guardado en 'gitlab-yaml-content.txt'
=== CONTENIDO YAML ORIGINAL ===
Longitud: 1677 caracteres
Primeras 300 caracteres:
replicaCount: 1

image:
  repository: confuturocloud/api-certificate
  tag: "latest"

imagePullSecrets: 
  - name: confuturo-registry
nameOverride: ""
fullnameOverride: ""

serviceAccount:
  create: true
  annotations: {}
  name: ""

configmap:
  name: api-certificate
  data:
    API_BASE_PATH: "/ap
=== FIN DEL CONTENIDO ORIGINAL ===
=== PROCESO DE LIMPIEZA DE COMENTARIOS YAML ===
Líneas originales: 72
Líneas procesadas: 72
Comentarios eliminados: 0
=== FIN DEL PROCESO DE LIMPIEZA ===
YAML limpio guardado en 'cleaned-yaml-content.txt'
Longitud después de limpieza: 1678 caracteres
YAML limpio parseado correctamente
  Cuando leo el archivo 'helm/prod-values-gke.yaml'                                      # com.confuturo.steps.YamlValidationSteps.leoElArchivo(java.lang.String)

============================================================
🔍 VERIFICANDO QUE NO EXISTA LA PALABRA EXACTA
============================================================
🎯 Palabra EXACTA que NO debe existir: 'qa'
📝 Nota: Búsqueda realizada en contenido SIN comentarios
Longitud del contenido a buscar: 1678
Usando contenido: LIMPIO (sin comentarios)
¿Contiene 'qa' con búsqueda simple? false
Aplicando 9 patrones de búsqueda...
¿Palabra EXACTA encontrada? false
Total de contextos únicos: 0
✓ Correcto: La palabra EXACTA 'qa' NO fue encontrada como término independiente
ℹ Confirmado: La secuencia 'qa' no aparece en absoluto en el archivo
  Entonces el archivo Yaml NO debe contener la palabra "qa"                              # com.confuturo.steps.YamlValidationSteps.elArchivoYamlNoDebeContenerLaPalabra(java.lang.String)

===== ESCENARIO EXITOSO =====
Nombre: El archivo YAML debe tener la configuración de servicios correcta

===== ESCENARIO EXITOSO =====
Nombre: El archivo YAML debe tener la configuración de servicios correcta
]]></system-out>
  </testcase>
  <testcase name="El archivo YAML debe tener la configuración de servicios correcta #6" classname="Validación de configuración de archivo json en ambiente de Produccion #2" time="1.334">
    <system-out><![CDATA[
@yaml-prod
Escenario: El archivo YAML debe tener la configuración de servicios correcta              # src/test/resources/features/yaml-validation_prod.feature:20

===== INICIANDO ESCENARIO =====
Nombre: El archivo YAML debe tener la configuración de servicios correcta

===== INICIANDO ESCENARIO =====
Nombre: El archivo YAML debe tener la configuración de servicios correcta
Conectando al repositorio: confuturo_ti/check-status-vt/api-check-status-vt
Buscando token en archivo .env...
Comprobando archivo .env en: C:\Users\spena\Desktop\AutomationYamlAndJson\AutomationYamlAndJsonMultiple\yaml-validator\.env
Comprobando archivo .env en: C:\Users\spena\Desktop\AutomationYamlAndJson\AutomationYamlAndJsonMultiple\yaml-validator\..\.env
Archivo .env encontrado en: C:\Users\spena\Desktop\AutomationYamlAndJson\AutomationYamlAndJsonMultiple\yaml-validator\..\.env
Token encontrado en archivo .env: ../.env
Conexión a GitLab establecida correctamente
Conexión establecida correctamente al repositorio: confuturo_ti/check-status-vt/api-check-status-vt
  Dado que tengo acceso al repositorio 'confuturo_ti/check-status-vt/api-check-status-vt' # com.confuturo.steps.YamlValidationSteps.queAccesoAlRepositorio(java.lang.String)
Intentando leer archivo YAML: helm/prod-values-gke.yaml del proyecto: confuturo_ti/check-status-vt/api-check-status-vt
Proyecto encontrado con ID: 64215217
Intentando obtener archivo de la rama: develop
Archivo encontrado en la rama: develop
Contenido YAML guardado en 'gitlab-yaml-content.txt'
=== CONTENIDO YAML ORIGINAL ===
Longitud: 1316 caracteres
Primeras 300 caracteres:
replicaCount: 1

image:
  repository: confuturocloud/api-check-status-vt
  tag: "latest"

imagePullSecrets: 
  - name: confuturo-registry

nameOverride: ""
fullnameOverride: ""

serviceAccount:
  create: true
  annotations: {}
  name: ""
  
configmap:
  name: api-check-status-vt
  data:
    API_BASE
=== FIN DEL CONTENIDO ORIGINAL ===
=== PROCESO DE LIMPIEZA DE COMENTARIOS YAML ===
Líneas originales: 61
Líneas procesadas: 61
Comentarios eliminados: 0
=== FIN DEL PROCESO DE LIMPIEZA ===
YAML limpio guardado en 'cleaned-yaml-content.txt'
Longitud después de limpieza: 1317 caracteres
YAML limpio parseado correctamente
  Cuando leo el archivo 'helm/prod-values-gke.yaml'                                       # com.confuturo.steps.YamlValidationSteps.leoElArchivo(java.lang.String)

============================================================
🔍 VERIFICANDO QUE NO EXISTA LA PALABRA EXACTA
============================================================
🎯 Palabra EXACTA que NO debe existir: 'qa'
📝 Nota: Búsqueda realizada en contenido SIN comentarios
Longitud del contenido a buscar: 1317
Usando contenido: LIMPIO (sin comentarios)
¿Contiene 'qa' con búsqueda simple? false
Aplicando 9 patrones de búsqueda...
¿Palabra EXACTA encontrada? false
Total de contextos únicos: 0
✓ Correcto: La palabra EXACTA 'qa' NO fue encontrada como término independiente
ℹ Confirmado: La secuencia 'qa' no aparece en absoluto en el archivo
  Entonces el archivo Yaml NO debe contener la palabra "qa"                               # com.confuturo.steps.YamlValidationSteps.elArchivoYamlNoDebeContenerLaPalabra(java.lang.String)

===== ESCENARIO EXITOSO =====
Nombre: El archivo YAML debe tener la configuración de servicios correcta

===== ESCENARIO EXITOSO =====
Nombre: El archivo YAML debe tener la configuración de servicios correcta
]]></system-out>
  </testcase>
  <testcase name="El archivo YAML debe tener la configuración de servicios correcta #7" classname="Validación de configuración de archivo json en ambiente de Produccion #2" time="1.568">
    <system-out><![CDATA[
@yaml-prod
Escenario: El archivo YAML debe tener la configuración de servicios correcta           # src/test/resources/features/yaml-validation_prod.feature:21

===== INICIANDO ESCENARIO =====
Nombre: El archivo YAML debe tener la configuración de servicios correcta

===== INICIANDO ESCENARIO =====
Nombre: El archivo YAML debe tener la configuración de servicios correcta
Conectando al repositorio: confuturo_ti/api-contrato-operaciones-remotas
Buscando token en archivo .env...
Comprobando archivo .env en: C:\Users\spena\Desktop\AutomationYamlAndJson\AutomationYamlAndJsonMultiple\yaml-validator\.env
Comprobando archivo .env en: C:\Users\spena\Desktop\AutomationYamlAndJson\AutomationYamlAndJsonMultiple\yaml-validator\..\.env
Archivo .env encontrado en: C:\Users\spena\Desktop\AutomationYamlAndJson\AutomationYamlAndJsonMultiple\yaml-validator\..\.env
Token encontrado en archivo .env: ../.env
Conexión a GitLab establecida correctamente
Conexión establecida correctamente al repositorio: confuturo_ti/api-contrato-operaciones-remotas
  Dado que tengo acceso al repositorio 'confuturo_ti/api-contrato-operaciones-remotas' # com.confuturo.steps.YamlValidationSteps.queAccesoAlRepositorio(java.lang.String)
Intentando leer archivo YAML: helm/prod-values-gke.yaml del proyecto: confuturo_ti/api-contrato-operaciones-remotas
Proyecto encontrado con ID: 36003355
Intentando obtener archivo de la rama: develop
Archivo encontrado en la rama: develop
Contenido YAML guardado en 'gitlab-yaml-content.txt'
=== CONTENIDO YAML ORIGINAL ===
Longitud: 1694 caracteres
Primeras 300 caracteres:
replicaCount: 1

image:
  repository: confuturocloud/api-contrato-operaciones-remotas
  tag: "latest"

imagePullSecrets:
  - name: confuturo-registry

nameOverride: ""
fullnameOverride: ""

serviceAccount:
  create: true
  annotations: {}
  name: ""

configmap:
  name: api-contrato-operaciones-remot
=== FIN DEL CONTENIDO ORIGINAL ===
=== PROCESO DE LIMPIEZA DE COMENTARIOS YAML ===
Líneas originales: 65
Líneas procesadas: 65
Comentarios eliminados: 0
=== FIN DEL PROCESO DE LIMPIEZA ===
YAML limpio guardado en 'cleaned-yaml-content.txt'
Longitud después de limpieza: 1695 caracteres
YAML limpio parseado correctamente
  Cuando leo el archivo 'helm/prod-values-gke.yaml'                                    # com.confuturo.steps.YamlValidationSteps.leoElArchivo(java.lang.String)

============================================================
🔍 VERIFICANDO QUE NO EXISTA LA PALABRA EXACTA
============================================================
🎯 Palabra EXACTA que NO debe existir: 'qa'
📝 Nota: Búsqueda realizada en contenido SIN comentarios
Longitud del contenido a buscar: 1695
Usando contenido: LIMPIO (sin comentarios)
¿Contiene 'qa' con búsqueda simple? false
Aplicando 9 patrones de búsqueda...
¿Palabra EXACTA encontrada? false
Total de contextos únicos: 0
✓ Correcto: La palabra EXACTA 'qa' NO fue encontrada como término independiente
ℹ Confirmado: La secuencia 'qa' no aparece en absoluto en el archivo
  Entonces el archivo Yaml NO debe contener la palabra "qa"                            # com.confuturo.steps.YamlValidationSteps.elArchivoYamlNoDebeContenerLaPalabra(java.lang.String)

===== ESCENARIO EXITOSO =====
Nombre: El archivo YAML debe tener la configuración de servicios correcta

===== ESCENARIO EXITOSO =====
Nombre: El archivo YAML debe tener la configuración de servicios correcta
]]></system-out>
  </testcase>
  <testcase name="El archivo YAML debe tener la configuración de servicios correcta #8" classname="Validación de configuración de archivo json en ambiente de Produccion #2" time="1.001">
    <system-out><![CDATA[
@yaml-prod
Escenario: El archivo YAML debe tener la configuración de servicios correcta          # src/test/resources/features/yaml-validation_prod.feature:22

===== INICIANDO ESCENARIO =====
Nombre: El archivo YAML debe tener la configuración de servicios correcta

===== INICIANDO ESCENARIO =====
Nombre: El archivo YAML debe tener la configuración de servicios correcta
Conectando al repositorio: confuturo_ti/api-declaracion-origenes-fondos
Buscando token en archivo .env...
Comprobando archivo .env en: C:\Users\spena\Desktop\AutomationYamlAndJson\AutomationYamlAndJsonMultiple\yaml-validator\.env
Comprobando archivo .env en: C:\Users\spena\Desktop\AutomationYamlAndJson\AutomationYamlAndJsonMultiple\yaml-validator\..\.env
Archivo .env encontrado en: C:\Users\spena\Desktop\AutomationYamlAndJson\AutomationYamlAndJsonMultiple\yaml-validator\..\.env
Token encontrado en archivo .env: ../.env
Conexión a GitLab establecida correctamente
Conexión establecida correctamente al repositorio: confuturo_ti/api-declaracion-origenes-fondos
  Dado que tengo acceso al repositorio 'confuturo_ti/api-declaracion-origenes-fondos' # com.confuturo.steps.YamlValidationSteps.queAccesoAlRepositorio(java.lang.String)
Intentando leer archivo YAML: helm/prod-values-gke.yaml del proyecto: confuturo_ti/api-declaracion-origenes-fondos
Proyecto encontrado con ID: 36420559
Intentando obtener archivo de la rama: develop
Archivo encontrado en la rama: develop
Contenido YAML guardado en 'gitlab-yaml-content.txt'
=== CONTENIDO YAML ORIGINAL ===
Longitud: 2392 caracteres
Primeras 300 caracteres:
replicaCount: 1

image:
  repository: confuturocloud/api-declaracion-origenes-fondos
  tag: "latest"

imagePullSecrets:
  - name: confuturo-registry

nameOverride: ""
fullnameOverride: ""

serviceAccount:
  create: true
  annotations: {}
  name: ""

configmap:
  name: api-declaracion-origenes-fondos
=== FIN DEL CONTENIDO ORIGINAL ===
=== PROCESO DE LIMPIEZA DE COMENTARIOS YAML ===
Líneas originales: 85
Líneas procesadas: 85
Comentarios eliminados: 0
=== FIN DEL PROCESO DE LIMPIEZA ===
YAML limpio guardado en 'cleaned-yaml-content.txt'
Longitud después de limpieza: 2393 caracteres
YAML limpio parseado correctamente
  Cuando leo el archivo 'helm/prod-values-gke.yaml'                                   # com.confuturo.steps.YamlValidationSteps.leoElArchivo(java.lang.String)

============================================================
🔍 VERIFICANDO QUE NO EXISTA LA PALABRA EXACTA
============================================================
🎯 Palabra EXACTA que NO debe existir: 'qa'
📝 Nota: Búsqueda realizada en contenido SIN comentarios
Longitud del contenido a buscar: 2393
Usando contenido: LIMPIO (sin comentarios)
¿Contiene 'qa' con búsqueda simple? false
Aplicando 9 patrones de búsqueda...
¿Palabra EXACTA encontrada? false
Total de contextos únicos: 0
✓ Correcto: La palabra EXACTA 'qa' NO fue encontrada como término independiente
ℹ Confirmado: La secuencia 'qa' no aparece en absoluto en el archivo
  Entonces el archivo Yaml NO debe contener la palabra "qa"                           # com.confuturo.steps.YamlValidationSteps.elArchivoYamlNoDebeContenerLaPalabra(java.lang.String)

===== ESCENARIO EXITOSO =====
Nombre: El archivo YAML debe tener la configuración de servicios correcta

===== ESCENARIO EXITOSO =====
Nombre: El archivo YAML debe tener la configuración de servicios correcta
]]></system-out>
  </testcase>
  <testcase name="El archivo YAML debe tener la configuración de servicios correcta #9" classname="Validación de configuración de archivo json en ambiente de Produccion #2" time="1.073">
    <failure message="Se encontraron 1 errores de validación. Consulta el detalle en los logs." type="java.lang.AssertionError"><![CDATA[java.lang.AssertionError: Se encontraron 1 errores de validación. Consulta el detalle en los logs.
	at com.confuturo.steps.YamlValidationSteps.afterScenario(YamlValidationSteps.java:48)
]]></failure>
    <system-out><![CDATA[
@yaml-prod
Escenario: El archivo YAML debe tener la configuración de servicios correcta         # src/test/resources/features/yaml-validation_prod.feature:23

===== INICIANDO ESCENARIO =====
Nombre: El archivo YAML debe tener la configuración de servicios correcta

===== INICIANDO ESCENARIO =====
Nombre: El archivo YAML debe tener la configuración de servicios correcta
Conectando al repositorio: confuturo_ti/portales-internos/api-feriados
Buscando token en archivo .env...
Comprobando archivo .env en: C:\Users\spena\Desktop\AutomationYamlAndJson\AutomationYamlAndJsonMultiple\yaml-validator\.env
Comprobando archivo .env en: C:\Users\spena\Desktop\AutomationYamlAndJson\AutomationYamlAndJsonMultiple\yaml-validator\..\.env
Archivo .env encontrado en: C:\Users\spena\Desktop\AutomationYamlAndJson\AutomationYamlAndJsonMultiple\yaml-validator\..\.env
Token encontrado en archivo .env: ../.env
Conexión a GitLab establecida correctamente
Conexión establecida correctamente al repositorio: confuturo_ti/portales-internos/api-feriados
  Dado que tengo acceso al repositorio 'confuturo_ti/portales-internos/api-feriados' # com.confuturo.steps.YamlValidationSteps.queAccesoAlRepositorio(java.lang.String)
Intentando leer archivo YAML: helm/prod-values-gke.yaml del proyecto: confuturo_ti/portales-internos/api-feriados
Proyecto encontrado con ID: 26951817
Intentando obtener archivo de la rama: develop
Archivo encontrado en la rama: develop
Contenido YAML guardado en 'gitlab-yaml-content.txt'
=== CONTENIDO YAML ORIGINAL ===
Longitud: 1418 caracteres
Primeras 300 caracteres:
replicaCount: 1

image:
  repository: confuturocloud/api-feriados
  tag: "latest"

imagePullSecrets: []
nameOverride: ""
fullnameOverride: ""

serviceAccount:
  create: true
  annotations: {}
  name: ""

configmap:
  name: api-feriados
  data:
    API_BASE_PATH: "/feriados"
    ASPNETCORE_ENVIRONMEN
=== FIN DEL CONTENIDO ORIGINAL ===
=== PROCESO DE LIMPIEZA DE COMENTARIOS YAML ===
Líneas originales: 64
Líneas procesadas: 64
Comentarios eliminados: 0
=== FIN DEL PROCESO DE LIMPIEZA ===
YAML limpio guardado en 'cleaned-yaml-content.txt'
Longitud después de limpieza: 1417 caracteres
YAML limpio parseado correctamente
  Cuando leo el archivo 'helm/prod-values-gke.yaml'                                  # com.confuturo.steps.YamlValidationSteps.leoElArchivo(java.lang.String)

============================================================
🔍 VERIFICANDO QUE NO EXISTA LA PALABRA EXACTA
============================================================
🎯 Palabra EXACTA que NO debe existir: 'qa'
📝 Nota: Búsqueda realizada en contenido SIN comentarios
Longitud del contenido a buscar: 1417
Usando contenido: LIMPIO (sin comentarios)
¿Contiene 'qa' con búsqueda simple? true
Ejemplos de dónde aparece (máximo 3):
  1: ...tp" 
  hosts:
    - host: api.qa.seguros.local
      paths:
  ...
Aplicando 9 patrones de búsqueda...
Patrón 2 (\.\Qqa\E(?=[-\.])): 1 coincidencias
Patrón 3 ((?<=[:/\.])\Qqa\E(?=[-\.])): 1 coincidencias
Patrón 8 (\b\QQA\E\b): 1 coincidencias
Patrón 9 (\b\Qqa\E\b(?![a-zA-Z])): 1 coincidencias
¿Palabra EXACTA encontrada? true
Total de contextos únicos: 2
  Entonces el archivo Yaml NO debe contener la palabra "qa"                          # com.confuturo.steps.YamlValidationSteps.elArchivoYamlNoDebeContenerLaPalabra(java.lang.String)

===== ERRORES DE VALIDACIÓN ENCONTRADOS =====

    Error de validación: La palabra EXACTA 'qa' fue encontrada en el archivo pero NO debería estar presente. Total ocurrencias: 2. Contexto(s): Patrón 2: ...ttp" hosts: - host: api.qa.seguros.local paths: ... | Patrón 3: ...tp" hosts: - host: api.qa.seguros.local paths: ...


    Embedding Error de validación [text/plain 252 bytes]

      java.lang.AssertionError: Se encontraron 1 errores de validación. Consulta el detalle en los logs.
	at com.confuturo.steps.YamlValidationSteps.afterScenario(YamlValidationSteps.java:48)


===== ESCENARIO FALLIDO =====
Nombre: El archivo YAML debe tener la configuración de servicios correcta
Error: 65eaedd9-c57b-4eba-b565-6e28c73163d9
]]></system-out>
    <system-err><![CDATA[¡ERROR DE VALIDACIÓN! La palabra EXACTA 'qa' fue encontrada en el archivo pero NO debería estar presente. Total ocurrencias: 2. Contexto(s): Patrón 2: ...ttp" hosts: - host: api.qa.seguros.local paths: ... | Patrón 3: ...tp" hosts: - host: api.qa.seguros.local paths: ...
- La palabra EXACTA 'qa' fue encontrada en el archivo pero NO debería estar presente. Total ocurrencias: 2. Contexto(s): Patrón 2: ...ttp" hosts: - host: api.qa.seguros.local paths: ... | Patrón 3: ...tp" hosts: - host: api.qa.seguros.local paths: ...
]]></system-err>
  </testcase>
  <testcase name="El archivo YAML debe tener la configuración de servicios correcta #10" classname="Validación de configuración de archivo json en ambiente de Produccion #2" time="0.995">
    <system-out><![CDATA[
@yaml-prod
Escenario: El archivo YAML debe tener la configuración de servicios correcta                       # src/test/resources/features/yaml-validation_prod.feature:24

===== INICIANDO ESCENARIO =====
Nombre: El archivo YAML debe tener la configuración de servicios correcta

===== INICIANDO ESCENARIO =====
Nombre: El archivo YAML debe tener la configuración de servicios correcta
Conectando al repositorio: confuturo_ti/servicios-globales/incentivos/api-incentivos
Buscando token en archivo .env...
Comprobando archivo .env en: C:\Users\spena\Desktop\AutomationYamlAndJson\AutomationYamlAndJsonMultiple\yaml-validator\.env
Comprobando archivo .env en: C:\Users\spena\Desktop\AutomationYamlAndJson\AutomationYamlAndJsonMultiple\yaml-validator\..\.env
Archivo .env encontrado en: C:\Users\spena\Desktop\AutomationYamlAndJson\AutomationYamlAndJsonMultiple\yaml-validator\..\.env
Token encontrado en archivo .env: ../.env
Conexión a GitLab establecida correctamente
Conexión establecida correctamente al repositorio: confuturo_ti/servicios-globales/incentivos/api-incentivos
  Dado que tengo acceso al repositorio 'confuturo_ti/servicios-globales/incentivos/api-incentivos' # com.confuturo.steps.YamlValidationSteps.queAccesoAlRepositorio(java.lang.String)
Intentando leer archivo YAML: helm/prod-values-gke.yaml del proyecto: confuturo_ti/servicios-globales/incentivos/api-incentivos
Proyecto encontrado con ID: 53651639
Intentando obtener archivo de la rama: develop
Archivo encontrado en la rama: develop
Contenido YAML guardado en 'gitlab-yaml-content.txt'
=== CONTENIDO YAML ORIGINAL ===
Longitud: 2064 caracteres
Primeras 300 caracteres:
replicaCount: 1

image:
  repository: confuturocloud/api-incentivos
  tag: "latest"

imagePullSecrets:
  - name: confuturo-registry

nameOverride: ""
fullnameOverride: ""

serviceAccount:
  create: true
  annotations: {}
  name: ""

configmap:
  name: api-incentivos
  data:
    API_BASE_PATH: "/ince
=== FIN DEL CONTENIDO ORIGINAL ===
=== PROCESO DE LIMPIEZA DE COMENTARIOS YAML ===
Líneas originales: 87
Líneas procesadas: 87
Comentarios eliminados: 0
=== FIN DEL PROCESO DE LIMPIEZA ===
YAML limpio guardado en 'cleaned-yaml-content.txt'
Longitud después de limpieza: 2064 caracteres
YAML limpio parseado correctamente
  Cuando leo el archivo 'helm/prod-values-gke.yaml'                                                # com.confuturo.steps.YamlValidationSteps.leoElArchivo(java.lang.String)

============================================================
🔍 VERIFICANDO QUE NO EXISTA LA PALABRA EXACTA
============================================================
🎯 Palabra EXACTA que NO debe existir: 'qa'
📝 Nota: Búsqueda realizada en contenido SIN comentarios
Longitud del contenido a buscar: 2064
Usando contenido: LIMPIO (sin comentarios)
¿Contiene 'qa' con búsqueda simple? false
Aplicando 9 patrones de búsqueda...
¿Palabra EXACTA encontrada? false
Total de contextos únicos: 0
✓ Correcto: La palabra EXACTA 'qa' NO fue encontrada como término independiente
ℹ Confirmado: La secuencia 'qa' no aparece en absoluto en el archivo
  Entonces el archivo Yaml NO debe contener la palabra "qa"                                        # com.confuturo.steps.YamlValidationSteps.elArchivoYamlNoDebeContenerLaPalabra(java.lang.String)

===== ESCENARIO EXITOSO =====
Nombre: El archivo YAML debe tener la configuración de servicios correcta

===== ESCENARIO EXITOSO =====
Nombre: El archivo YAML debe tener la configuración de servicios correcta
]]></system-out>
  </testcase>
  <testcase name="El archivo YAML debe tener la configuración de servicios correcta #11" classname="Validación de configuración de archivo json en ambiente de Produccion #2" time="1.268">
    <system-out><![CDATA[
@yaml-prod
Escenario: El archivo YAML debe tener la configuración de servicios correcta # src/test/resources/features/yaml-validation_prod.feature:25

===== INICIANDO ESCENARIO =====
Nombre: El archivo YAML debe tener la configuración de servicios correcta

===== INICIANDO ESCENARIO =====
Nombre: El archivo YAML debe tener la configuración de servicios correcta
Conectando al repositorio: confuturo_ti/kta/api-kta
Buscando token en archivo .env...
Comprobando archivo .env en: C:\Users\spena\Desktop\AutomationYamlAndJson\AutomationYamlAndJsonMultiple\yaml-validator\.env
Comprobando archivo .env en: C:\Users\spena\Desktop\AutomationYamlAndJson\AutomationYamlAndJsonMultiple\yaml-validator\..\.env
Archivo .env encontrado en: C:\Users\spena\Desktop\AutomationYamlAndJson\AutomationYamlAndJsonMultiple\yaml-validator\..\.env
Token encontrado en archivo .env: ../.env
Conexión a GitLab establecida correctamente
Conexión establecida correctamente al repositorio: confuturo_ti/kta/api-kta
  Dado que tengo acceso al repositorio 'confuturo_ti/kta/api-kta'            # com.confuturo.steps.YamlValidationSteps.queAccesoAlRepositorio(java.lang.String)
Intentando leer archivo YAML: helm/prod-values-gke.yaml del proyecto: confuturo_ti/kta/api-kta
Proyecto encontrado con ID: 59051030
Intentando obtener archivo de la rama: develop
Archivo encontrado en la rama: develop
Contenido YAML guardado en 'gitlab-yaml-content.txt'
=== CONTENIDO YAML ORIGINAL ===
Longitud: 1619 caracteres
Primeras 300 caracteres:
replicaCount: 1

image:
  repository: confuturocloud/api-kta
  tag: "latest"

imagePullSecrets: 
  - name: confuturo-registry

nameOverride: ""
fullnameOverride: ""

configmap:
  name: api-kta
  data:
    DOTNET_ENVIRONMENT: "Prod"
    ASPNETCORE_ENVIRONMENT: "Prod"
    Parameters__ambiente: ""
    
=== FIN DEL CONTENIDO ORIGINAL ===
=== PROCESO DE LIMPIEZA DE COMENTARIOS YAML ===
Líneas originales: 73
Líneas procesadas: 73
Comentarios eliminados: 0
=== FIN DEL PROCESO DE LIMPIEZA ===
YAML limpio guardado en 'cleaned-yaml-content.txt'
Longitud después de limpieza: 1620 caracteres
YAML limpio parseado correctamente
  Cuando leo el archivo 'helm/prod-values-gke.yaml'                          # com.confuturo.steps.YamlValidationSteps.leoElArchivo(java.lang.String)

============================================================
🔍 VERIFICANDO QUE NO EXISTA LA PALABRA EXACTA
============================================================
🎯 Palabra EXACTA que NO debe existir: 'qa'
📝 Nota: Búsqueda realizada en contenido SIN comentarios
Longitud del contenido a buscar: 1620
Usando contenido: LIMPIO (sin comentarios)
¿Contiene 'qa' con búsqueda simple? false
Aplicando 9 patrones de búsqueda...
¿Palabra EXACTA encontrada? false
Total de contextos únicos: 0
✓ Correcto: La palabra EXACTA 'qa' NO fue encontrada como término independiente
ℹ Confirmado: La secuencia 'qa' no aparece en absoluto en el archivo
  Entonces el archivo Yaml NO debe contener la palabra "qa"                  # com.confuturo.steps.YamlValidationSteps.elArchivoYamlNoDebeContenerLaPalabra(java.lang.String)

===== ESCENARIO EXITOSO =====
Nombre: El archivo YAML debe tener la configuración de servicios correcta

===== ESCENARIO EXITOSO =====
Nombre: El archivo YAML debe tener la configuración de servicios correcta
]]></system-out>
  </testcase>
  <testcase name="El archivo YAML debe tener la configuración de servicios correcta #12" classname="Validación de configuración de archivo json en ambiente de Produccion #2" time="1.053">
    <system-out><![CDATA[
@yaml-prod
Escenario: El archivo YAML debe tener la configuración de servicios correcta             # src/test/resources/features/yaml-validation_prod.feature:26

===== INICIANDO ESCENARIO =====
Nombre: El archivo YAML debe tener la configuración de servicios correcta

===== INICIANDO ESCENARIO =====
Nombre: El archivo YAML debe tener la configuración de servicios correcta
Conectando al repositorio: confuturo_ti/portales-internos/api-localizacion
Buscando token en archivo .env...
Comprobando archivo .env en: C:\Users\spena\Desktop\AutomationYamlAndJson\AutomationYamlAndJsonMultiple\yaml-validator\.env
Comprobando archivo .env en: C:\Users\spena\Desktop\AutomationYamlAndJson\AutomationYamlAndJsonMultiple\yaml-validator\..\.env
Archivo .env encontrado en: C:\Users\spena\Desktop\AutomationYamlAndJson\AutomationYamlAndJsonMultiple\yaml-validator\..\.env
Token encontrado en archivo .env: ../.env
Conexión a GitLab establecida correctamente
Conexión establecida correctamente al repositorio: confuturo_ti/portales-internos/api-localizacion
  Dado que tengo acceso al repositorio 'confuturo_ti/portales-internos/api-localizacion' # com.confuturo.steps.YamlValidationSteps.queAccesoAlRepositorio(java.lang.String)
Intentando leer archivo YAML: helm/prod-values-gke.yaml del proyecto: confuturo_ti/portales-internos/api-localizacion
Proyecto encontrado con ID: 29429008
Intentando obtener archivo de la rama: develop
Archivo encontrado en la rama: develop
Contenido YAML guardado en 'gitlab-yaml-content.txt'
=== CONTENIDO YAML ORIGINAL ===
Longitud: 2298 caracteres
Primeras 300 caracteres:
replicaCount: 1

image:
  repository: confuturocloud/api-localizacion
  pullPolicy: IfNotPresent
  tag: "latest"

imagePullSecrets:
  - name: confuturo-registry

nameOverride: ""
fullnameOverride: ""

serviceAccount:
  create: true
  annotations: {}
  name: ""

configmap:
  name: api-localizacion
  
=== FIN DEL CONTENIDO ORIGINAL ===
=== PROCESO DE LIMPIEZA DE COMENTARIOS YAML ===
Líneas originales: 95
Líneas procesadas: 95
Comentarios eliminados: 0
=== FIN DEL PROCESO DE LIMPIEZA ===
YAML limpio guardado en 'cleaned-yaml-content.txt'
Longitud después de limpieza: 2298 caracteres
YAML limpio parseado correctamente
  Cuando leo el archivo 'helm/prod-values-gke.yaml'                                      # com.confuturo.steps.YamlValidationSteps.leoElArchivo(java.lang.String)

============================================================
🔍 VERIFICANDO QUE NO EXISTA LA PALABRA EXACTA
============================================================
🎯 Palabra EXACTA que NO debe existir: 'qa'
📝 Nota: Búsqueda realizada en contenido SIN comentarios
Longitud del contenido a buscar: 2298
Usando contenido: LIMPIO (sin comentarios)
¿Contiene 'qa' con búsqueda simple? false
Aplicando 9 patrones de búsqueda...
¿Palabra EXACTA encontrada? false
Total de contextos únicos: 0
✓ Correcto: La palabra EXACTA 'qa' NO fue encontrada como término independiente
ℹ Confirmado: La secuencia 'qa' no aparece en absoluto en el archivo
  Entonces el archivo Yaml NO debe contener la palabra "qa"                              # com.confuturo.steps.YamlValidationSteps.elArchivoYamlNoDebeContenerLaPalabra(java.lang.String)

===== ESCENARIO EXITOSO =====
Nombre: El archivo YAML debe tener la configuración de servicios correcta

===== ESCENARIO EXITOSO =====
Nombre: El archivo YAML debe tener la configuración de servicios correcta
]]></system-out>
  </testcase>
  <testcase name="El archivo YAML debe tener la configuración de servicios correcta #13" classname="Validación de configuración de archivo json en ambiente de Produccion #2" time="1.048">
    <system-out><![CDATA[
@yaml-prod
Escenario: El archivo YAML debe tener la configuración de servicios correcta                         # src/test/resources/features/yaml-validation_prod.feature:28

===== INICIANDO ESCENARIO =====
Nombre: El archivo YAML debe tener la configuración de servicios correcta

===== INICIANDO ESCENARIO =====
Nombre: El archivo YAML debe tener la configuración de servicios correcta
Conectando al repositorio: confuturo_ti/transacciones-apoyo/api-transacciones-de-apoyo
Buscando token en archivo .env...
Comprobando archivo .env en: C:\Users\spena\Desktop\AutomationYamlAndJson\AutomationYamlAndJsonMultiple\yaml-validator\.env
Comprobando archivo .env en: C:\Users\spena\Desktop\AutomationYamlAndJson\AutomationYamlAndJsonMultiple\yaml-validator\..\.env
Archivo .env encontrado en: C:\Users\spena\Desktop\AutomationYamlAndJson\AutomationYamlAndJsonMultiple\yaml-validator\..\.env
Token encontrado en archivo .env: ../.env
Conexión a GitLab establecida correctamente
Conexión establecida correctamente al repositorio: confuturo_ti/transacciones-apoyo/api-transacciones-de-apoyo
  Dado que tengo acceso al repositorio 'confuturo_ti/transacciones-apoyo/api-transacciones-de-apoyo' # com.confuturo.steps.YamlValidationSteps.queAccesoAlRepositorio(java.lang.String)
Intentando leer archivo YAML: helm/prod-values-gke.yaml del proyecto: confuturo_ti/transacciones-apoyo/api-transacciones-de-apoyo
Proyecto encontrado con ID: 26180947
Intentando obtener archivo de la rama: develop
Archivo encontrado en la rama: develop
Contenido YAML guardado en 'gitlab-yaml-content.txt'
=== CONTENIDO YAML ORIGINAL ===
Longitud: 1814 caracteres
Primeras 300 caracteres:
replicaCount: 1

image:
  repository: confuturocloud/api-transacciones-de-apoyo
  pullPolicy: IfNotPresent
  tag: "latest"

imagePullSecrets: 
  - name: confuturo-registry

nameOverride: ""
fullnameOverride: ""

configmap:
  name: api-transacciones-de-apoyo
  data:
    ASPNETCORE_ENVIRONMENT: "Produ
=== FIN DEL CONTENIDO ORIGINAL ===
=== PROCESO DE LIMPIEZA DE COMENTARIOS YAML ===
Líneas originales: 70
Líneas procesadas: 70
Comentarios eliminados: 0
=== FIN DEL PROCESO DE LIMPIEZA ===
YAML limpio guardado en 'cleaned-yaml-content.txt'
Longitud después de limpieza: 1814 caracteres
YAML limpio parseado correctamente
  Cuando leo el archivo 'helm/prod-values-gke.yaml'                                                  # com.confuturo.steps.YamlValidationSteps.leoElArchivo(java.lang.String)

============================================================
🔍 VERIFICANDO QUE NO EXISTA LA PALABRA EXACTA
============================================================
🎯 Palabra EXACTA que NO debe existir: 'qa'
📝 Nota: Búsqueda realizada en contenido SIN comentarios
Longitud del contenido a buscar: 1814
Usando contenido: LIMPIO (sin comentarios)
¿Contiene 'qa' con búsqueda simple? false
Aplicando 9 patrones de búsqueda...
¿Palabra EXACTA encontrada? false
Total de contextos únicos: 0
✓ Correcto: La palabra EXACTA 'qa' NO fue encontrada como término independiente
ℹ Confirmado: La secuencia 'qa' no aparece en absoluto en el archivo
  Entonces el archivo Yaml NO debe contener la palabra "qa"                                          # com.confuturo.steps.YamlValidationSteps.elArchivoYamlNoDebeContenerLaPalabra(java.lang.String)

===== ESCENARIO EXITOSO =====
Nombre: El archivo YAML debe tener la configuración de servicios correcta

===== ESCENARIO EXITOSO =====
Nombre: El archivo YAML debe tener la configuración de servicios correcta
]]></system-out>
  </testcase>
  <testcase name="El archivo YAML debe tener la configuración de servicios correcta #14" classname="Validación de configuración de archivo json en ambiente de Produccion #2" time="0.992">
    <system-out><![CDATA[
@yaml-prod
Escenario: El archivo YAML debe tener la configuración de servicios correcta                 # src/test/resources/features/yaml-validation_prod.feature:29

===== INICIANDO ESCENARIO =====
Nombre: El archivo YAML debe tener la configuración de servicios correcta

===== INICIANDO ESCENARIO =====
Nombre: El archivo YAML debe tener la configuración de servicios correcta
Conectando al repositorio: confuturo_ti/portalsurrendervt/apiportalsurrendervt
Buscando token en archivo .env...
Comprobando archivo .env en: C:\Users\spena\Desktop\AutomationYamlAndJson\AutomationYamlAndJsonMultiple\yaml-validator\.env
Comprobando archivo .env en: C:\Users\spena\Desktop\AutomationYamlAndJson\AutomationYamlAndJsonMultiple\yaml-validator\..\.env
Archivo .env encontrado en: C:\Users\spena\Desktop\AutomationYamlAndJson\AutomationYamlAndJsonMultiple\yaml-validator\..\.env
Token encontrado en archivo .env: ../.env
Conexión a GitLab establecida correctamente
Conexión establecida correctamente al repositorio: confuturo_ti/portalsurrendervt/apiportalsurrendervt
  Dado que tengo acceso al repositorio 'confuturo_ti/portalsurrendervt/apiportalsurrendervt' # com.confuturo.steps.YamlValidationSteps.queAccesoAlRepositorio(java.lang.String)
Intentando leer archivo YAML: helm/prod-values-gke.yaml del proyecto: confuturo_ti/portalsurrendervt/apiportalsurrendervt
Proyecto encontrado con ID: 67014986
Intentando obtener archivo de la rama: develop
Archivo encontrado en la rama: develop
Contenido YAML guardado en 'gitlab-yaml-content.txt'
=== CONTENIDO YAML ORIGINAL ===
Longitud: 1289 caracteres
Primeras 300 caracteres:
replicaCount: 1

image:
  repository: confuturocloud/apiportalsurrendervt
  tag: "latest"

imagePullSecrets: 
  - name: confuturo-registry

nameOverride: ""
fullnameOverride: ""

serviceAccount:
  create: true
  annotations: {}
  name: ""

configmap:
  name: apiportalsurrendervt
  data:    
    ASPN
=== FIN DEL CONTENIDO ORIGINAL ===
=== PROCESO DE LIMPIEZA DE COMENTARIOS YAML ===
Líneas originales: 67
Líneas procesadas: 67
Comentarios eliminados: 0
=== FIN DEL PROCESO DE LIMPIEZA ===
YAML limpio guardado en 'cleaned-yaml-content.txt'
Longitud después de limpieza: 1289 caracteres
YAML limpio parseado correctamente
  Cuando leo el archivo 'helm/prod-values-gke.yaml'                                          # com.confuturo.steps.YamlValidationSteps.leoElArchivo(java.lang.String)

============================================================
🔍 VERIFICANDO QUE NO EXISTA LA PALABRA EXACTA
============================================================
🎯 Palabra EXACTA que NO debe existir: 'qa'
📝 Nota: Búsqueda realizada en contenido SIN comentarios
Longitud del contenido a buscar: 1289
Usando contenido: LIMPIO (sin comentarios)
¿Contiene 'qa' con búsqueda simple? false
Aplicando 9 patrones de búsqueda...
¿Palabra EXACTA encontrada? false
Total de contextos únicos: 0
✓ Correcto: La palabra EXACTA 'qa' NO fue encontrada como término independiente
ℹ Confirmado: La secuencia 'qa' no aparece en absoluto en el archivo
  Entonces el archivo Yaml NO debe contener la palabra "qa"                                  # com.confuturo.steps.YamlValidationSteps.elArchivoYamlNoDebeContenerLaPalabra(java.lang.String)

===== ESCENARIO EXITOSO =====
Nombre: El archivo YAML debe tener la configuración de servicios correcta

===== ESCENARIO EXITOSO =====
Nombre: El archivo YAML debe tener la configuración de servicios correcta
]]></system-out>
  </testcase>
  <testcase name="El archivo YAML debe tener la configuración de servicios correcta #15" classname="Validación de configuración de archivo json en ambiente de Produccion #2" time="1.09">
    <system-out><![CDATA[
@yaml-prod
Escenario: El archivo YAML debe tener la configuración de servicios correcta               # src/test/resources/features/yaml-validation_prod.feature:30

===== INICIANDO ESCENARIO =====
Nombre: El archivo YAML debe tener la configuración de servicios correcta

===== INICIANDO ESCENARIO =====
Nombre: El archivo YAML debe tener la configuración de servicios correcta
Conectando al repositorio: confuturo_ti/sucursalvirtual/app-sucursal-virtual
Buscando token en archivo .env...
Comprobando archivo .env en: C:\Users\spena\Desktop\AutomationYamlAndJson\AutomationYamlAndJsonMultiple\yaml-validator\.env
Comprobando archivo .env en: C:\Users\spena\Desktop\AutomationYamlAndJson\AutomationYamlAndJsonMultiple\yaml-validator\..\.env
Archivo .env encontrado en: C:\Users\spena\Desktop\AutomationYamlAndJson\AutomationYamlAndJsonMultiple\yaml-validator\..\.env
Token encontrado en archivo .env: ../.env
Conexión a GitLab establecida correctamente
Conexión establecida correctamente al repositorio: confuturo_ti/sucursalvirtual/app-sucursal-virtual
  Dado que tengo acceso al repositorio 'confuturo_ti/sucursalvirtual/app-sucursal-virtual' # com.confuturo.steps.YamlValidationSteps.queAccesoAlRepositorio(java.lang.String)
Intentando leer archivo YAML: helm/prod-values-gke.yaml del proyecto: confuturo_ti/sucursalvirtual/app-sucursal-virtual
Proyecto encontrado con ID: 22471360
Intentando obtener archivo de la rama: develop
Archivo encontrado en la rama: develop
Contenido YAML guardado en 'gitlab-yaml-content.txt'
=== CONTENIDO YAML ORIGINAL ===
Longitud: 2414 caracteres
Primeras 300 caracteres:
replicas: 1

image:
  repository: confuturocloud/app-sucursal-virtual
  pullPolicy: IfNotPresent
  port: 8080
  tag: "latest"


imagePullSecrets:
  - name: confuturo-registry
nameOverride: ""
fullnameOverride: ""

serviceAccount:
  create: true
  annotations: {}
  name: ""

podAnnotations: {}

servi
=== FIN DEL CONTENIDO ORIGINAL ===
=== PROCESO DE LIMPIEZA DE COMENTARIOS YAML ===
Líneas originales: 131
Líneas procesadas: 131
Comentarios eliminados: 0
=== FIN DEL PROCESO DE LIMPIEZA ===
YAML limpio guardado en 'cleaned-yaml-content.txt'
Longitud después de limpieza: 2414 caracteres
YAML limpio parseado correctamente
  Cuando leo el archivo 'helm/prod-values-gke.yaml'                                        # com.confuturo.steps.YamlValidationSteps.leoElArchivo(java.lang.String)

============================================================
🔍 VERIFICANDO QUE NO EXISTA LA PALABRA EXACTA
============================================================
🎯 Palabra EXACTA que NO debe existir: 'qa'
📝 Nota: Búsqueda realizada en contenido SIN comentarios
Longitud del contenido a buscar: 2414
Usando contenido: LIMPIO (sin comentarios)
¿Contiene 'qa' con búsqueda simple? false
Aplicando 9 patrones de búsqueda...
¿Palabra EXACTA encontrada? false
Total de contextos únicos: 0
✓ Correcto: La palabra EXACTA 'qa' NO fue encontrada como término independiente
ℹ Confirmado: La secuencia 'qa' no aparece en absoluto en el archivo
  Entonces el archivo Yaml NO debe contener la palabra "qa"                                # com.confuturo.steps.YamlValidationSteps.elArchivoYamlNoDebeContenerLaPalabra(java.lang.String)

===== ESCENARIO EXITOSO =====
Nombre: El archivo YAML debe tener la configuración de servicios correcta

===== ESCENARIO EXITOSO =====
Nombre: El archivo YAML debe tener la configuración de servicios correcta
]]></system-out>
  </testcase>
  <testcase name="El archivo YAML debe tener la configuración de servicios correcta #16" classname="Validación de configuración de archivo json en ambiente de Produccion #2" time="1.056">
    <system-out><![CDATA[
@yaml-prod
Escenario: El archivo YAML debe tener la configuración de servicios correcta            # src/test/resources/features/yaml-validation_prod.feature:31

===== INICIANDO ESCENARIO =====
Nombre: El archivo YAML debe tener la configuración de servicios correcta

===== INICIANDO ESCENARIO =====
Nombre: El archivo YAML debe tener la configuración de servicios correcta
Conectando al repositorio: confuturo_ti/portales-internos/application-map
Buscando token en archivo .env...
Comprobando archivo .env en: C:\Users\spena\Desktop\AutomationYamlAndJson\AutomationYamlAndJsonMultiple\yaml-validator\.env
Comprobando archivo .env en: C:\Users\spena\Desktop\AutomationYamlAndJson\AutomationYamlAndJsonMultiple\yaml-validator\..\.env
Archivo .env encontrado en: C:\Users\spena\Desktop\AutomationYamlAndJson\AutomationYamlAndJsonMultiple\yaml-validator\..\.env
Token encontrado en archivo .env: ../.env
Conexión a GitLab establecida correctamente
Conexión establecida correctamente al repositorio: confuturo_ti/portales-internos/application-map
  Dado que tengo acceso al repositorio 'confuturo_ti/portales-internos/application-map' # com.confuturo.steps.YamlValidationSteps.queAccesoAlRepositorio(java.lang.String)
Intentando leer archivo YAML: apps/api/helm/prod-values-gke.yaml del proyecto: confuturo_ti/portales-internos/application-map
Proyecto encontrado con ID: 59005361
Intentando obtener archivo de la rama: develop
Archivo encontrado en la rama: develop
Contenido YAML guardado en 'gitlab-yaml-content.txt'
=== CONTENIDO YAML ORIGINAL ===
Longitud: 1544 caracteres
Primeras 300 caracteres:
replicaCount: 1

image:
  repository: confuturocloud/application-map-api
  tag: "latest"

imagePullSecrets: 
  - name: confuturo-registry
nameOverride: ""
fullnameOverride: ""

serviceAccount:
  create: true
  annotations: {}
  name: "" 

podAnnotations:
  vault.hashicorp.com/agent-
=== FIN DEL CONTENIDO ORIGINAL ===
=== PROCESO DE LIMPIEZA DE COMENTARIOS YAML ===
Líneas originales: 60
Líneas procesadas: 60
Comentarios eliminados: 0
=== FIN DEL PROCESO DE LIMPIEZA ===
YAML limpio guardado en 'cleaned-yaml-content.txt'
Longitud después de limpieza: 1545 caracteres
YAML limpio parseado correctamente
  Cuando leo el archivo 'apps/api/helm/prod-values-gke.yaml'                            # com.confuturo.steps.YamlValidationSteps.leoElArchivo(java.lang.String)

============================================================
🔍 VERIFICANDO QUE NO EXISTA LA PALABRA EXACTA
============================================================
🎯 Palabra EXACTA que NO debe existir: 'qa'
📝 Nota: Búsqueda realizada en contenido SIN comentarios
Longitud del contenido a buscar: 1545
Usando contenido: LIMPIO (sin comentarios)
¿Contiene 'qa' con búsqueda simple? false
Aplicando 9 patrones de búsqueda...
¿Palabra EXACTA encontrada? false
Total de contextos únicos: 0
✓ Correcto: La palabra EXACTA 'qa' NO fue encontrada como término independiente
ℹ Confirmado: La secuencia 'qa' no aparece en absoluto en el archivo
  Entonces el archivo Yaml NO debe contener la palabra "qa"                             # com.confuturo.steps.YamlValidationSteps.elArchivoYamlNoDebeContenerLaPalabra(java.lang.String)

===== ESCENARIO EXITOSO =====
Nombre: El archivo YAML debe tener la configuración de servicios correcta

===== ESCENARIO EXITOSO =====
Nombre: El archivo YAML debe tener la configuración de servicios correcta
]]></system-out>
  </testcase>
  <testcase name="El archivo YAML debe tener la configuración de servicios correcta #17" classname="Validación de configuración de archivo json en ambiente de Produccion #2" time="1.038">
    <system-out><![CDATA[
@yaml-prod
Escenario: El archivo YAML debe tener la configuración de servicios correcta # src/test/resources/features/yaml-validation_prod.feature:32

===== INICIANDO ESCENARIO =====
Nombre: El archivo YAML debe tener la configuración de servicios correcta

===== INICIANDO ESCENARIO =====
Nombre: El archivo YAML debe tener la configuración de servicios correcta
Conectando al repositorio: confuturo_ti/aps/backend-aps
Buscando token en archivo .env...
Comprobando archivo .env en: C:\Users\spena\Desktop\AutomationYamlAndJson\AutomationYamlAndJsonMultiple\yaml-validator\.env
Comprobando archivo .env en: C:\Users\spena\Desktop\AutomationYamlAndJson\AutomationYamlAndJsonMultiple\yaml-validator\..\.env
Archivo .env encontrado en: C:\Users\spena\Desktop\AutomationYamlAndJson\AutomationYamlAndJsonMultiple\yaml-validator\..\.env
Token encontrado en archivo .env: ../.env
Conexión a GitLab establecida correctamente
Conexión establecida correctamente al repositorio: confuturo_ti/aps/backend-aps
  Dado que tengo acceso al repositorio 'confuturo_ti/aps/backend-aps'        # com.confuturo.steps.YamlValidationSteps.queAccesoAlRepositorio(java.lang.String)
Intentando leer archivo YAML: helm/prod-values-gke.yaml del proyecto: confuturo_ti/aps/backend-aps
Proyecto encontrado con ID: 31454585
Intentando obtener archivo de la rama: develop
Archivo encontrado en la rama: develop
Contenido YAML guardado en 'gitlab-yaml-content.txt'
=== CONTENIDO YAML ORIGINAL ===
Longitud: 2393 caracteres
Primeras 300 caracteres:
replicaCount: 1

image:
  repository: confuturocloud/backend-aps
  pullPolicy: IfNotPresent
  tag: "latest"

imagePullSecrets: 
  - name: confuturo-registry
nameOverride: ""
fullnameOverride: ""

serviceAccount:
  create: true
  annotations: {}
  name: ""

configmap:
  name: backend-aps
  data:
    
=== FIN DEL CONTENIDO ORIGINAL ===
=== PROCESO DE LIMPIEZA DE COMENTARIOS YAML ===
Líneas originales: 95
Líneas procesadas: 95
Comentarios eliminados: 0
=== FIN DEL PROCESO DE LIMPIEZA ===
YAML limpio guardado en 'cleaned-yaml-content.txt'
Longitud después de limpieza: 2393 caracteres
YAML limpio parseado correctamente
  Cuando leo el archivo 'helm/prod-values-gke.yaml'                          # com.confuturo.steps.YamlValidationSteps.leoElArchivo(java.lang.String)

============================================================
🔍 VERIFICANDO QUE NO EXISTA LA PALABRA EXACTA
============================================================
🎯 Palabra EXACTA que NO debe existir: 'qa'
📝 Nota: Búsqueda realizada en contenido SIN comentarios
Longitud del contenido a buscar: 2393
Usando contenido: LIMPIO (sin comentarios)
¿Contiene 'qa' con búsqueda simple? false
Aplicando 9 patrones de búsqueda...
¿Palabra EXACTA encontrada? false
Total de contextos únicos: 0
✓ Correcto: La palabra EXACTA 'qa' NO fue encontrada como término independiente
ℹ Confirmado: La secuencia 'qa' no aparece en absoluto en el archivo
  Entonces el archivo Yaml NO debe contener la palabra "qa"                  # com.confuturo.steps.YamlValidationSteps.elArchivoYamlNoDebeContenerLaPalabra(java.lang.String)

===== ESCENARIO EXITOSO =====
Nombre: El archivo YAML debe tener la configuración de servicios correcta

===== ESCENARIO EXITOSO =====
Nombre: El archivo YAML debe tener la configuración de servicios correcta
]]></system-out>
  </testcase>
  <testcase name="El archivo YAML debe tener la configuración de servicios correcta #18" classname="Validación de configuración de archivo json en ambiente de Produccion #2" time="1.007">
    <system-out><![CDATA[
@yaml-prod
Escenario: El archivo YAML debe tener la configuración de servicios correcta                      # src/test/resources/features/yaml-validation_prod.feature:33

===== INICIANDO ESCENARIO =====
Nombre: El archivo YAML debe tener la configuración de servicios correcta

===== INICIANDO ESCENARIO =====
Nombre: El archivo YAML debe tener la configuración de servicios correcta
Conectando al repositorio: confuturo_ti/medios-digitales/backend-autorizacion-email
Buscando token en archivo .env...
Comprobando archivo .env en: C:\Users\spena\Desktop\AutomationYamlAndJson\AutomationYamlAndJsonMultiple\yaml-validator\.env
Comprobando archivo .env en: C:\Users\spena\Desktop\AutomationYamlAndJson\AutomationYamlAndJsonMultiple\yaml-validator\..\.env
Archivo .env encontrado en: C:\Users\spena\Desktop\AutomationYamlAndJson\AutomationYamlAndJsonMultiple\yaml-validator\..\.env
Token encontrado en archivo .env: ../.env
Conexión a GitLab establecida correctamente
Conexión establecida correctamente al repositorio: confuturo_ti/medios-digitales/backend-autorizacion-email
  Dado que tengo acceso al repositorio 'confuturo_ti/medios-digitales/backend-autorizacion-email' # com.confuturo.steps.YamlValidationSteps.queAccesoAlRepositorio(java.lang.String)
Intentando leer archivo YAML: helm/prod-values-gke.yaml del proyecto: confuturo_ti/medios-digitales/backend-autorizacion-email
Proyecto encontrado con ID: 31404877
Intentando obtener archivo de la rama: develop
Archivo encontrado en la rama: develop
Contenido YAML guardado en 'gitlab-yaml-content.txt'
=== CONTENIDO YAML ORIGINAL ===
Longitud: 2202 caracteres
Primeras 300 caracteres:
replicaCount: 1

image:
  repository: confuturocloud/backend-autorizacion-email
  pullPolicy: IfNotPresent
  tag: "latest"

imagePullSecrets:
  - name: confuturo-registry
nameOverride: ""
fullnameOverride: ""

configmap:
  name: backend-autorizacion-email
  data:
    ASPNETCORE_ENVIRONMENT: "Product
=== FIN DEL CONTENIDO ORIGINAL ===
=== PROCESO DE LIMPIEZA DE COMENTARIOS YAML ===
Líneas originales: 74
Líneas procesadas: 74
Comentarios eliminados: 0
=== FIN DEL PROCESO DE LIMPIEZA ===
YAML limpio guardado en 'cleaned-yaml-content.txt'
Longitud después de limpieza: 2202 caracteres
YAML limpio parseado correctamente
  Cuando leo el archivo 'helm/prod-values-gke.yaml'                                               # com.confuturo.steps.YamlValidationSteps.leoElArchivo(java.lang.String)

============================================================
🔍 VERIFICANDO QUE NO EXISTA LA PALABRA EXACTA
============================================================
🎯 Palabra EXACTA que NO debe existir: 'qa'
📝 Nota: Búsqueda realizada en contenido SIN comentarios
Longitud del contenido a buscar: 2202
Usando contenido: LIMPIO (sin comentarios)
¿Contiene 'qa' con búsqueda simple? false
Aplicando 9 patrones de búsqueda...
¿Palabra EXACTA encontrada? false
Total de contextos únicos: 0
✓ Correcto: La palabra EXACTA 'qa' NO fue encontrada como término independiente
ℹ Confirmado: La secuencia 'qa' no aparece en absoluto en el archivo
  Entonces el archivo Yaml NO debe contener la palabra "qa"                                       # com.confuturo.steps.YamlValidationSteps.elArchivoYamlNoDebeContenerLaPalabra(java.lang.String)

===== ESCENARIO EXITOSO =====
Nombre: El archivo YAML debe tener la configuración de servicios correcta

===== ESCENARIO EXITOSO =====
Nombre: El archivo YAML debe tener la configuración de servicios correcta
]]></system-out>
  </testcase>
  <testcase name="El archivo YAML debe tener la configuración de servicios correcta #19" classname="Validación de configuración de archivo json en ambiente de Produccion #2" time="1.059">
    <system-out><![CDATA[
@yaml-prod
Escenario: El archivo YAML debe tener la configuración de servicios correcta                                            # src/test/resources/features/yaml-validation_prod.feature:34

===== INICIANDO ESCENARIO =====
Nombre: El archivo YAML debe tener la configuración de servicios correcta

===== INICIANDO ESCENARIO =====
Nombre: El archivo YAML debe tener la configuración de servicios correcta
Conectando al repositorio: confuturo_ti/portales-internos/certificate-manager/backend-certificate-manager
Buscando token en archivo .env...
Comprobando archivo .env en: C:\Users\spena\Desktop\AutomationYamlAndJson\AutomationYamlAndJsonMultiple\yaml-validator\.env
Comprobando archivo .env en: C:\Users\spena\Desktop\AutomationYamlAndJson\AutomationYamlAndJsonMultiple\yaml-validator\..\.env
Archivo .env encontrado en: C:\Users\spena\Desktop\AutomationYamlAndJson\AutomationYamlAndJsonMultiple\yaml-validator\..\.env
Token encontrado en archivo .env: ../.env
Conexión a GitLab establecida correctamente
Conexión establecida correctamente al repositorio: confuturo_ti/portales-internos/certificate-manager/backend-certificate-manager
  Dado que tengo acceso al repositorio 'confuturo_ti/portales-internos/certificate-manager/backend-certificate-manager' # com.confuturo.steps.YamlValidationSteps.queAccesoAlRepositorio(java.lang.String)
Intentando leer archivo YAML: helm/prod-values-gke.yaml del proyecto: confuturo_ti/portales-internos/certificate-manager/backend-certificate-manager
Proyecto encontrado con ID: 56540791
Intentando obtener archivo de la rama: develop
Archivo encontrado en la rama: develop
Contenido YAML guardado en 'gitlab-yaml-content.txt'
=== CONTENIDO YAML ORIGINAL ===
Longitud: 2427 caracteres
Primeras 300 caracteres:
replicaCount: 1

image:
  repository: confuturocloud/backend-certificate-manager
  tag: "latest"

imagePullSecrets: 
  - name: confuturo-registry

nameOverride: ""
fullnameOverride: ""

serviceAccount:
  create: true
  annotations: {}
  name: ""

configmap:
  name: backend-certificate-manager
  data
=== FIN DEL CONTENIDO ORIGINAL ===
=== PROCESO DE LIMPIEZA DE COMENTARIOS YAML ===
Líneas originales: 83
Líneas procesadas: 83
Comentarios eliminados: 0
=== FIN DEL PROCESO DE LIMPIEZA ===
YAML limpio guardado en 'cleaned-yaml-content.txt'
Longitud después de limpieza: 2427 caracteres
YAML limpio parseado correctamente
  Cuando leo el archivo 'helm/prod-values-gke.yaml'                                                                     # com.confuturo.steps.YamlValidationSteps.leoElArchivo(java.lang.String)

============================================================
🔍 VERIFICANDO QUE NO EXISTA LA PALABRA EXACTA
============================================================
🎯 Palabra EXACTA que NO debe existir: 'qa'
📝 Nota: Búsqueda realizada en contenido SIN comentarios
Longitud del contenido a buscar: 2427
Usando contenido: LIMPIO (sin comentarios)
¿Contiene 'qa' con búsqueda simple? false
Aplicando 9 patrones de búsqueda...
¿Palabra EXACTA encontrada? false
Total de contextos únicos: 0
✓ Correcto: La palabra EXACTA 'qa' NO fue encontrada como término independiente
ℹ Confirmado: La secuencia 'qa' no aparece en absoluto en el archivo
  Entonces el archivo Yaml NO debe contener la palabra "qa"                                                             # com.confuturo.steps.YamlValidationSteps.elArchivoYamlNoDebeContenerLaPalabra(java.lang.String)

===== ESCENARIO EXITOSO =====
Nombre: El archivo YAML debe tener la configuración de servicios correcta

===== ESCENARIO EXITOSO =====
Nombre: El archivo YAML debe tener la configuración de servicios correcta
]]></system-out>
  </testcase>
  <testcase name="El archivo YAML debe tener la configuración de servicios correcta #20" classname="Validación de configuración de archivo json en ambiente de Produccion #2" time="1.292">
    <system-out><![CDATA[
@yaml-prod
Escenario: El archivo YAML debe tener la configuración de servicios correcta         # src/test/resources/features/yaml-validation_prod.feature:35

===== INICIANDO ESCENARIO =====
Nombre: El archivo YAML debe tener la configuración de servicios correcta

===== INICIANDO ESCENARIO =====
Nombre: El archivo YAML debe tener la configuración de servicios correcta
Conectando al repositorio: confuturo_ti/mandato-amplio/backend-mandato
Buscando token en archivo .env...
Comprobando archivo .env en: C:\Users\spena\Desktop\AutomationYamlAndJson\AutomationYamlAndJsonMultiple\yaml-validator\.env
Comprobando archivo .env en: C:\Users\spena\Desktop\AutomationYamlAndJson\AutomationYamlAndJsonMultiple\yaml-validator\..\.env
Archivo .env encontrado en: C:\Users\spena\Desktop\AutomationYamlAndJson\AutomationYamlAndJsonMultiple\yaml-validator\..\.env
Token encontrado en archivo .env: ../.env
Conexión a GitLab establecida correctamente
Conexión establecida correctamente al repositorio: confuturo_ti/mandato-amplio/backend-mandato
  Dado que tengo acceso al repositorio 'confuturo_ti/mandato-amplio/backend-mandato' # com.confuturo.steps.YamlValidationSteps.queAccesoAlRepositorio(java.lang.String)
Intentando leer archivo YAML: helm/prod-values-gke.yaml del proyecto: confuturo_ti/mandato-amplio/backend-mandato
Proyecto encontrado con ID: 31401969
Intentando obtener archivo de la rama: develop
Archivo encontrado en la rama: develop
Contenido YAML guardado en 'gitlab-yaml-content.txt'
=== CONTENIDO YAML ORIGINAL ===
Longitud: 1848 caracteres
Primeras 300 caracteres:
replicaCount: 1

image:
  repository: confuturocloud/backend-mandato
  pullPolicy: IfNotPresent
  tag: "latest"

imagePullSecrets: 
  - name: confuturo-registry

nameOverride: ""
fullnameOverride: ""

serviceAccount:
  create: true
  annotations: {}
  name: ""

configmap:
  name: backend-mandato
  d
=== FIN DEL CONTENIDO ORIGINAL ===
=== PROCESO DE LIMPIEZA DE COMENTARIOS YAML ===
Líneas originales: 71
Líneas procesadas: 71
Comentarios eliminados: 0
=== FIN DEL PROCESO DE LIMPIEZA ===
YAML limpio guardado en 'cleaned-yaml-content.txt'
Longitud después de limpieza: 1849 caracteres
YAML limpio parseado correctamente
  Cuando leo el archivo 'helm/prod-values-gke.yaml'                                  # com.confuturo.steps.YamlValidationSteps.leoElArchivo(java.lang.String)

============================================================
🔍 VERIFICANDO QUE NO EXISTA LA PALABRA EXACTA
============================================================
🎯 Palabra EXACTA que NO debe existir: 'qa'
📝 Nota: Búsqueda realizada en contenido SIN comentarios
Longitud del contenido a buscar: 1849
Usando contenido: LIMPIO (sin comentarios)
¿Contiene 'qa' con búsqueda simple? false
Aplicando 9 patrones de búsqueda...
¿Palabra EXACTA encontrada? false
Total de contextos únicos: 0
✓ Correcto: La palabra EXACTA 'qa' NO fue encontrada como término independiente
ℹ Confirmado: La secuencia 'qa' no aparece en absoluto en el archivo
  Entonces el archivo Yaml NO debe contener la palabra "qa"                          # com.confuturo.steps.YamlValidationSteps.elArchivoYamlNoDebeContenerLaPalabra(java.lang.String)

===== ESCENARIO EXITOSO =====
Nombre: El archivo YAML debe tener la configuración de servicios correcta

===== ESCENARIO EXITOSO =====
Nombre: El archivo YAML debe tener la configuración de servicios correcta
]]></system-out>
  </testcase>
  <testcase name="El archivo YAML debe tener la configuración de servicios correcta #21" classname="Validación de configuración de archivo json en ambiente de Produccion #2" time="1.404">
    <system-out><![CDATA[
@yaml-prod
Escenario: El archivo YAML debe tener la configuración de servicios correcta                                                  # src/test/resources/features/yaml-validation_prod.feature:36

===== INICIANDO ESCENARIO =====
Nombre: El archivo YAML debe tener la configuración de servicios correcta

===== INICIANDO ESCENARIO =====
Nombre: El archivo YAML debe tener la configuración de servicios correcta
Conectando al repositorio: confuturo_ti/portales-internos/portal-de-intermediarios/backend-portal-intermedarios
Buscando token en archivo .env...
Comprobando archivo .env en: C:\Users\spena\Desktop\AutomationYamlAndJson\AutomationYamlAndJsonMultiple\yaml-validator\.env
Comprobando archivo .env en: C:\Users\spena\Desktop\AutomationYamlAndJson\AutomationYamlAndJsonMultiple\yaml-validator\..\.env
Archivo .env encontrado en: C:\Users\spena\Desktop\AutomationYamlAndJson\AutomationYamlAndJsonMultiple\yaml-validator\..\.env
Token encontrado en archivo .env: ../.env
Conexión a GitLab establecida correctamente
Conexión establecida correctamente al repositorio: confuturo_ti/portales-internos/portal-de-intermediarios/backend-portal-intermedarios
  Dado que tengo acceso al repositorio 'confuturo_ti/portales-internos/portal-de-intermediarios/backend-portal-intermedarios' # com.confuturo.steps.YamlValidationSteps.queAccesoAlRepositorio(java.lang.String)
Intentando leer archivo YAML: helm/prod-values-gke.yaml del proyecto: confuturo_ti/portales-internos/portal-de-intermediarios/backend-portal-intermedarios
Proyecto encontrado con ID: 41891091
Intentando obtener archivo de la rama: develop
Archivo encontrado en la rama: develop
Contenido YAML guardado en 'gitlab-yaml-content.txt'
=== CONTENIDO YAML ORIGINAL ===
Longitud: 3762 caracteres
Primeras 300 caracteres:
replicaCount: 1

image:
  repository: confuturocloud/backend-portal-intermedarios
  tag: "latest"

imagePullSecrets: 
  - name: confuturo-registry
nameOverride: ""
fullnameOverride: ""

serviceAccount:
  create: true
  annotations: {}
  name: ""

configmap:
  name: backend-portal-intermedarios
  dat
=== FIN DEL CONTENIDO ORIGINAL ===
=== PROCESO DE LIMPIEZA DE COMENTARIOS YAML ===
Líneas originales: 100
Líneas procesadas: 100
Comentarios eliminados: 0
=== FIN DEL PROCESO DE LIMPIEZA ===
YAML limpio guardado en 'cleaned-yaml-content.txt'
Longitud después de limpieza: 3762 caracteres
YAML limpio parseado correctamente
  Cuando leo el archivo 'helm/prod-values-gke.yaml'                                                                           # com.confuturo.steps.YamlValidationSteps.leoElArchivo(java.lang.String)

============================================================
🔍 VERIFICANDO QUE NO EXISTA LA PALABRA EXACTA
============================================================
🎯 Palabra EXACTA que NO debe existir: 'qa'
📝 Nota: Búsqueda realizada en contenido SIN comentarios
Longitud del contenido a buscar: 3762
Usando contenido: LIMPIO (sin comentarios)
¿Contiene 'qa' con búsqueda simple? false
Aplicando 9 patrones de búsqueda...
¿Palabra EXACTA encontrada? false
Total de contextos únicos: 0
✓ Correcto: La palabra EXACTA 'qa' NO fue encontrada como término independiente
ℹ Confirmado: La secuencia 'qa' no aparece en absoluto en el archivo
  Entonces el archivo Yaml NO debe contener la palabra "qa"                                                                   # com.confuturo.steps.YamlValidationSteps.elArchivoYamlNoDebeContenerLaPalabra(java.lang.String)

===== ESCENARIO EXITOSO =====
Nombre: El archivo YAML debe tener la configuración de servicios correcta

===== ESCENARIO EXITOSO =====
Nombre: El archivo YAML debe tener la configuración de servicios correcta
]]></system-out>
  </testcase>
  <testcase name="El archivo YAML debe tener la configuración de servicios correcta #22" classname="Validación de configuración de archivo json en ambiente de Produccion #2" time="1.219">
    <failure message="Se encontraron 1 errores de validación. Consulta el detalle en los logs." type="java.lang.AssertionError"><![CDATA[java.lang.AssertionError: Se encontraron 1 errores de validación. Consulta el detalle en los logs.
	at com.confuturo.steps.YamlValidationSteps.afterScenario(YamlValidationSteps.java:48)
]]></failure>
    <system-out><![CDATA[
@yaml-prod
Escenario: El archivo YAML debe tener la configuración de servicios correcta                # src/test/resources/features/yaml-validation_prod.feature:37

===== INICIANDO ESCENARIO =====
Nombre: El archivo YAML debe tener la configuración de servicios correcta

===== INICIANDO ESCENARIO =====
Nombre: El archivo YAML debe tener la configuración de servicios correcta
Conectando al repositorio: confuturo_ti/portal-privado/backend-portal-privado
Buscando token en archivo .env...
Comprobando archivo .env en: C:\Users\spena\Desktop\AutomationYamlAndJson\AutomationYamlAndJsonMultiple\yaml-validator\.env
Comprobando archivo .env en: C:\Users\spena\Desktop\AutomationYamlAndJson\AutomationYamlAndJsonMultiple\yaml-validator\..\.env
Archivo .env encontrado en: C:\Users\spena\Desktop\AutomationYamlAndJson\AutomationYamlAndJsonMultiple\yaml-validator\..\.env
Token encontrado en archivo .env: ../.env
Conexión a GitLab establecida correctamente
Conexión establecida correctamente al repositorio: confuturo_ti/portal-privado/backend-portal-privado
  Dado que tengo acceso al repositorio 'confuturo_ti/portal-privado/backend-portal-privado' # com.confuturo.steps.YamlValidationSteps.queAccesoAlRepositorio(java.lang.String)
Intentando leer archivo YAML: helm/prod-values-gke.yaml del proyecto: confuturo_ti/portal-privado/backend-portal-privado
Proyecto encontrado con ID: 30168528
Intentando obtener archivo de la rama: develop
Archivo encontrado en la rama: develop
Contenido YAML guardado en 'gitlab-yaml-content.txt'
=== CONTENIDO YAML ORIGINAL ===
Longitud: 9509 caracteres
Primeras 300 caracteres:
replicaCount: 1

image:
  repository: confuturocloud/backend-portal-privado
  pullPolicy: IfNotPresent
  tag: "latest"

configmap:
  name: backend-portal-privado
  data:
    ASPNETCORE_ENVIRONMENT: "Production"
    AllowedHosts: "*"
    API_BASE_PATH: /backend-portal
    KUBERNETES: "GKE"
    
    S
=== FIN DEL CONTENIDO ORIGINAL ===
=== PROCESO DE LIMPIEZA DE COMENTARIOS YAML ===
Línea 62:
  Original: [     #Configuración para keycloak PROD para validaciones tx-apoyo @mrojas]
  Limpia:   []
Línea 67:
  Original: [    #Configuracion para Keycloak qa (los valores quedan repetidos para evitar confusiones @mrojas)]
  Limpia:   []
Línea 68:
  Original: [    #Se requieren ambos para convivr con la versión beta]
  Limpia:   []
Líneas originales: 214
Líneas procesadas: 214
Comentarios eliminados: 3
=== FIN DEL PROCESO DE LIMPIEZA ===
YAML limpio guardado en 'cleaned-yaml-content.txt'
Longitud después de limpieza: 9283 caracteres
YAML limpio parseado correctamente
  Cuando leo el archivo 'helm/prod-values-gke.yaml'                                         # com.confuturo.steps.YamlValidationSteps.leoElArchivo(java.lang.String)

============================================================
🔍 VERIFICANDO QUE NO EXISTA LA PALABRA EXACTA
============================================================
🎯 Palabra EXACTA que NO debe existir: 'qa'
📝 Nota: Búsqueda realizada en contenido SIN comentarios
Longitud del contenido a buscar: 9283
Usando contenido: LIMPIO (sin comentarios)
¿Contiene 'qa' con búsqueda simple? true
Ejemplos de dónde aparece (máximo 3):
  1: ...eycloakOld__Url: https://auth-qa.confuturo.cl/auth
    Apis__K...
  2: ...loakOld__Realm: confuturo-sso-qa
    Apis__KeycloakOld__User: ...
Aplicando 9 patrones de búsqueda...
Patrón 8 (\b\QQA\E\b): 2 coincidencias
Patrón 9 (\b\Qqa\E\b(?![a-zA-Z])): 2 coincidencias
¿Palabra EXACTA encontrada? true
Total de contextos únicos: 2
  Entonces el archivo Yaml NO debe contener la palabra "qa"                                 # com.confuturo.steps.YamlValidationSteps.elArchivoYamlNoDebeContenerLaPalabra(java.lang.String)

===== ERRORES DE VALIDACIÓN ENCONTRADOS =====

    Error de validación: La palabra EXACTA 'qa' fue encontrada en el archivo pero NO debería estar presente. Total ocurrencias: 2. Contexto(s): Patrón 8: ...eycloakOld__Url: https://auth-qa.confuturo.cl/auth Apis__K... | Patrón 8: ...loakOld__Realm: confuturo-sso-qa Apis__KeycloakOld__User: ...


    Embedding Error de validación [text/plain 273 bytes]

      java.lang.AssertionError: Se encontraron 1 errores de validación. Consulta el detalle en los logs.
	at com.confuturo.steps.YamlValidationSteps.afterScenario(YamlValidationSteps.java:48)


===== ESCENARIO FALLIDO =====
Nombre: El archivo YAML debe tener la configuración de servicios correcta
Error: 85fa9c42-bf3d-47c5-b895-3e1933b85cc6
]]></system-out>
    <system-err><![CDATA[¡ERROR DE VALIDACIÓN! La palabra EXACTA 'qa' fue encontrada en el archivo pero NO debería estar presente. Total ocurrencias: 2. Contexto(s): Patrón 8: ...eycloakOld__Url: https://auth-qa.confuturo.cl/auth Apis__K... | Patrón 8: ...loakOld__Realm: confuturo-sso-qa Apis__KeycloakOld__User: ...
- La palabra EXACTA 'qa' fue encontrada en el archivo pero NO debería estar presente. Total ocurrencias: 2. Contexto(s): Patrón 8: ...eycloakOld__Url: https://auth-qa.confuturo.cl/auth Apis__K... | Patrón 8: ...loakOld__Realm: confuturo-sso-qa Apis__KeycloakOld__User: ...
]]></system-err>
  </testcase>
  <testcase name="El archivo YAML debe tener la configuración de servicios correcta #23" classname="Validación de configuración de archivo json en ambiente de Produccion #2" time="1.182">
    <system-out><![CDATA[
@yaml-prod
Escenario: El archivo YAML debe tener la configuración de servicios correcta                                        # src/test/resources/features/yaml-validation_prod.feature:38

===== INICIANDO ESCENARIO =====
Nombre: El archivo YAML debe tener la configuración de servicios correcta

===== INICIANDO ESCENARIO =====
Nombre: El archivo YAML debe tener la configuración de servicios correcta
Conectando al repositorio: confuturo_ti/portales-internos/rrvv-consultation/backend-rrvv-consultation
Buscando token en archivo .env...
Comprobando archivo .env en: C:\Users\spena\Desktop\AutomationYamlAndJson\AutomationYamlAndJsonMultiple\yaml-validator\.env
Comprobando archivo .env en: C:\Users\spena\Desktop\AutomationYamlAndJson\AutomationYamlAndJsonMultiple\yaml-validator\..\.env
Archivo .env encontrado en: C:\Users\spena\Desktop\AutomationYamlAndJson\AutomationYamlAndJsonMultiple\yaml-validator\..\.env
Token encontrado en archivo .env: ../.env
Conexión a GitLab establecida correctamente
Conexión establecida correctamente al repositorio: confuturo_ti/portales-internos/rrvv-consultation/backend-rrvv-consultation
  Dado que tengo acceso al repositorio 'confuturo_ti/portales-internos/rrvv-consultation/backend-rrvv-consultation' # com.confuturo.steps.YamlValidationSteps.queAccesoAlRepositorio(java.lang.String)
Intentando leer archivo YAML: helm/prod-values-gke.yaml del proyecto: confuturo_ti/portales-internos/rrvv-consultation/backend-rrvv-consultation
Proyecto encontrado con ID: 64368174
Intentando obtener archivo de la rama: develop
Archivo encontrado en la rama: develop
Contenido YAML guardado en 'gitlab-yaml-content.txt'
=== CONTENIDO YAML ORIGINAL ===
Longitud: 1696 caracteres
Primeras 300 caracteres:
replicaCount: 1

image:
  repository: confuturocloud/backend-rrvv-consultation
  tag: "latest"

imagePullSecrets: 
  - name: confuturo-registry

nameOverride: ""
fullnameOverride: ""

serviceAccount:
  create: true
  annotations: {}
  name: ""
  
configmap:
  name: backend-rrvv-consultation
  data:

=== FIN DEL CONTENIDO ORIGINAL ===
=== PROCESO DE LIMPIEZA DE COMENTARIOS YAML ===
Líneas originales: 69
Líneas procesadas: 69
Comentarios eliminados: 0
=== FIN DEL PROCESO DE LIMPIEZA ===
YAML limpio guardado en 'cleaned-yaml-content.txt'
Longitud después de limpieza: 1697 caracteres
YAML limpio parseado correctamente
  Cuando leo el archivo 'helm/prod-values-gke.yaml'                                                                 # com.confuturo.steps.YamlValidationSteps.leoElArchivo(java.lang.String)

============================================================
🔍 VERIFICANDO QUE NO EXISTA LA PALABRA EXACTA
============================================================
🎯 Palabra EXACTA que NO debe existir: 'qa'
📝 Nota: Búsqueda realizada en contenido SIN comentarios
Longitud del contenido a buscar: 1697
Usando contenido: LIMPIO (sin comentarios)
¿Contiene 'qa' con búsqueda simple? false
Aplicando 9 patrones de búsqueda...
¿Palabra EXACTA encontrada? false
Total de contextos únicos: 0
✓ Correcto: La palabra EXACTA 'qa' NO fue encontrada como término independiente
ℹ Confirmado: La secuencia 'qa' no aparece en absoluto en el archivo
  Entonces el archivo Yaml NO debe contener la palabra "qa"                                                         # com.confuturo.steps.YamlValidationSteps.elArchivoYamlNoDebeContenerLaPalabra(java.lang.String)

===== ESCENARIO EXITOSO =====
Nombre: El archivo YAML debe tener la configuración de servicios correcta

===== ESCENARIO EXITOSO =====
Nombre: El archivo YAML debe tener la configuración de servicios correcta
]]></system-out>
  </testcase>
  <testcase name="El archivo YAML debe tener la configuración de servicios correcta #24" classname="Validación de configuración de archivo json en ambiente de Produccion #2" time="1.092">
    <system-out><![CDATA[
@yaml-prod
Escenario: El archivo YAML debe tener la configuración de servicios correcta                                            # src/test/resources/features/yaml-validation_prod.feature:39

===== INICIANDO ESCENARIO =====
Nombre: El archivo YAML debe tener la configuración de servicios correcta

===== INICIANDO ESCENARIO =====
Nombre: El archivo YAML debe tener la configuración de servicios correcta
Conectando al repositorio: confuturo_ti/portales-internos/transaction-manager/backend-transaction-manager
Buscando token en archivo .env...
Comprobando archivo .env en: C:\Users\spena\Desktop\AutomationYamlAndJson\AutomationYamlAndJsonMultiple\yaml-validator\.env
Comprobando archivo .env en: C:\Users\spena\Desktop\AutomationYamlAndJson\AutomationYamlAndJsonMultiple\yaml-validator\..\.env
Archivo .env encontrado en: C:\Users\spena\Desktop\AutomationYamlAndJson\AutomationYamlAndJsonMultiple\yaml-validator\..\.env
Token encontrado en archivo .env: ../.env
Conexión a GitLab establecida correctamente
Conexión establecida correctamente al repositorio: confuturo_ti/portales-internos/transaction-manager/backend-transaction-manager
  Dado que tengo acceso al repositorio 'confuturo_ti/portales-internos/transaction-manager/backend-transaction-manager' # com.confuturo.steps.YamlValidationSteps.queAccesoAlRepositorio(java.lang.String)
Intentando leer archivo YAML: helm/prod-values-gke.yaml del proyecto: confuturo_ti/portales-internos/transaction-manager/backend-transaction-manager
Proyecto encontrado con ID: 61972501
Intentando obtener archivo de la rama: develop
Archivo encontrado en la rama: develop
Contenido YAML guardado en 'gitlab-yaml-content.txt'
=== CONTENIDO YAML ORIGINAL ===
Longitud: 3616 caracteres
Primeras 300 caracteres:
replicaCount: 1

image:
  repository: confuturocloud/backend-transaction-manager
  tag: "latest"

imagePullSecrets: 
  - name: confuturo-registry

nameOverride: ""
fullnameOverride: ""

serviceAccount:
  create: true
  annotations: {}
  name: ""

configmap:
  name: backend-transact
=== FIN DEL CONTENIDO ORIGINAL ===
=== PROCESO DE LIMPIEZA DE COMENTARIOS YAML ===
Línea 27:
  Original: [    Apis__Zendesk__Process: "25502377759892"             # Tramite]
  Limpia:   [    Apis__Zendesk__Process: "25502377759892"]
Línea 28:
  Original: [    Apis__Zendesk__RemittanceNumber: "16156973947668"    # Numero remesable]
  Limpia:   [    Apis__Zendesk__RemittanceNumber: "16156973947668"]
Línea 29:
  Original: [    Apis__Zendesk__Policy: "360044368191"                # Poliza]
  Limpia:   [    Apis__Zendesk__Policy: "360044368191"]
Línea 30:
  Original: [    Apis__Zendesk__ProductFamily: "360044358291"         # Familia del producto]
  Limpia:   [    Apis__Zendesk__ProductFamily: "360044358291"]
Línea 31:
  Original: [    Apis__Zendesk__AttentionType: "360045181951"         # Tipo de atencion]
  Limpia:   [    Apis__Zendesk__AttentionType: "360045181951"]
Línea 32:
  Original: [    Apis__Zendesk__Attention: "17111562171028"           # Atencion]
  Limpia:   [    Apis__Zendesk__Attention: "17111562171028"]
Línea 33:
  Original: [    Apis__Zendesk__AttentionChannel: "360044334951"    	 # canal de atencion]
  Limpia:   [    Apis__Zendesk__AttentionChannel: "360044334951"]
Línea 34:
  Original: [    Apis__Zendesk__ProcessState: "32024592093844"        # Estado Trámite]
  Limpia:   [    Apis__Zendesk__ProcessState: "32024592093844"]
Línea 35:
  Original: [    Apis__Zendesk__BranchOffice: "360044337571"          # sucursal]
  Limpia:   [    Apis__Zendesk__BranchOffice: "360044337571"]
Línea 36:
  Original: [    Apis__Zendesk__BranchOfficeName: "360044337571"      # Nombre de la Sucursal]
  Limpia:   [    Apis__Zendesk__BranchOfficeName: "360044337571"]
Líneas originales: 102
Líneas procesadas: 102
Comentarios eliminados: 10
=== FIN DEL PROCESO DE LIMPIEZA ===
YAML limpio guardado en 'cleaned-yaml-content.txt'
Longitud después de limpieza: 3361 caracteres
YAML limpio parseado correctamente
  Cuando leo el archivo 'helm/prod-values-gke.yaml'                                                                     # com.confuturo.steps.YamlValidationSteps.leoElArchivo(java.lang.String)

============================================================
🔍 VERIFICANDO QUE NO EXISTA LA PALABRA EXACTA
============================================================
🎯 Palabra EXACTA que NO debe existir: 'qa'
📝 Nota: Búsqueda realizada en contenido SIN comentarios
Longitud del contenido a buscar: 3361
Usando contenido: LIMPIO (sin comentarios)
¿Contiene 'qa' con búsqueda simple? false
Aplicando 9 patrones de búsqueda...
¿Palabra EXACTA encontrada? false
Total de contextos únicos: 0
✓ Correcto: La palabra EXACTA 'qa' NO fue encontrada como término independiente
ℹ Confirmado: La secuencia 'qa' no aparece en absoluto en el archivo
  Entonces el archivo Yaml NO debe contener la palabra "qa"                                                             # com.confuturo.steps.YamlValidationSteps.elArchivoYamlNoDebeContenerLaPalabra(java.lang.String)

===== ESCENARIO EXITOSO =====
Nombre: El archivo YAML debe tener la configuración de servicios correcta

===== ESCENARIO EXITOSO =====
Nombre: El archivo YAML debe tener la configuración de servicios correcta
]]></system-out>
  </testcase>
  <testcase name="El archivo YAML debe tener la configuración de servicios correcta #25" classname="Validación de configuración de archivo json en ambiente de Produccion #2" time="1.389">
    <system-out><![CDATA[
@yaml-prod
Escenario: El archivo YAML debe tener la configuración de servicios correcta                                            # src/test/resources/features/yaml-validation_prod.feature:40

===== INICIANDO ESCENARIO =====
Nombre: El archivo YAML debe tener la configuración de servicios correcta

===== INICIANDO ESCENARIO =====
Nombre: El archivo YAML debe tener la configuración de servicios correcta
Conectando al repositorio: confuturo_ti/portales-internos/valid-third-manager/backend-valid-third-manager
Buscando token en archivo .env...
Comprobando archivo .env en: C:\Users\spena\Desktop\AutomationYamlAndJson\AutomationYamlAndJsonMultiple\yaml-validator\.env
Comprobando archivo .env en: C:\Users\spena\Desktop\AutomationYamlAndJson\AutomationYamlAndJsonMultiple\yaml-validator\..\.env
Archivo .env encontrado en: C:\Users\spena\Desktop\AutomationYamlAndJson\AutomationYamlAndJsonMultiple\yaml-validator\..\.env
Token encontrado en archivo .env: ../.env
Conexión a GitLab establecida correctamente
Conexión establecida correctamente al repositorio: confuturo_ti/portales-internos/valid-third-manager/backend-valid-third-manager
  Dado que tengo acceso al repositorio 'confuturo_ti/portales-internos/valid-third-manager/backend-valid-third-manager' # com.confuturo.steps.YamlValidationSteps.queAccesoAlRepositorio(java.lang.String)
Intentando leer archivo YAML: helm/prod-values-gke.yaml del proyecto: confuturo_ti/portales-internos/valid-third-manager/backend-valid-third-manager
Proyecto encontrado con ID: 56540730
Intentando obtener archivo de la rama: develop
Archivo encontrado en la rama: develop
Contenido YAML guardado en 'gitlab-yaml-content.txt'
=== CONTENIDO YAML ORIGINAL ===
Longitud: 2219 caracteres
Primeras 300 caracteres:
replicaCount: 1

image:
  repository: confuturocloud/backend-valid-third-manager
  tag: "latest"

imagePullSecrets: 
  - name: confuturo-registry
nameOverride: ""
fullnameOverride: ""

serviceAccount:
  create: true
  annotations: {}
  name: ""

configmap:
  name: backend-valid-thir
=== FIN DEL CONTENIDO ORIGINAL ===
=== PROCESO DE LIMPIEZA DE COMENTARIOS YAML ===
Líneas originales: 78
Líneas procesadas: 78
Comentarios eliminados: 0
=== FIN DEL PROCESO DE LIMPIEZA ===
YAML limpio guardado en 'cleaned-yaml-content.txt'
Longitud después de limpieza: 2219 caracteres
YAML limpio parseado correctamente
  Cuando leo el archivo 'helm/prod-values-gke.yaml'                                                                     # com.confuturo.steps.YamlValidationSteps.leoElArchivo(java.lang.String)

============================================================
🔍 VERIFICANDO QUE NO EXISTA LA PALABRA EXACTA
============================================================
🎯 Palabra EXACTA que NO debe existir: 'qa'
📝 Nota: Búsqueda realizada en contenido SIN comentarios
Longitud del contenido a buscar: 2219
Usando contenido: LIMPIO (sin comentarios)
¿Contiene 'qa' con búsqueda simple? false
Aplicando 9 patrones de búsqueda...
¿Palabra EXACTA encontrada? false
Total de contextos únicos: 0
✓ Correcto: La palabra EXACTA 'qa' NO fue encontrada como término independiente
ℹ Confirmado: La secuencia 'qa' no aparece en absoluto en el archivo
  Entonces el archivo Yaml NO debe contener la palabra "qa"                                                             # com.confuturo.steps.YamlValidationSteps.elArchivoYamlNoDebeContenerLaPalabra(java.lang.String)

===== ESCENARIO EXITOSO =====
Nombre: El archivo YAML debe tener la configuración de servicios correcta

===== ESCENARIO EXITOSO =====
Nombre: El archivo YAML debe tener la configuración de servicios correcta
]]></system-out>
  </testcase>
  <testcase name="El archivo YAML debe tener la configuración de servicios correcta #26" classname="Validación de configuración de archivo json en ambiente de Produccion #2" time="1.2">
    <system-out><![CDATA[
@yaml-prod
Escenario: El archivo YAML debe tener la configuración de servicios correcta     # src/test/resources/features/yaml-validation_prod.feature:41

===== INICIANDO ESCENARIO =====
Nombre: El archivo YAML debe tener la configuración de servicios correcta

===== INICIANDO ESCENARIO =====
Nombre: El archivo YAML debe tener la configuración de servicios correcta
Conectando al repositorio: confuturo_ti/sucursalvirtual/backoffice
Buscando token en archivo .env...
Comprobando archivo .env en: C:\Users\spena\Desktop\AutomationYamlAndJson\AutomationYamlAndJsonMultiple\yaml-validator\.env
Comprobando archivo .env en: C:\Users\spena\Desktop\AutomationYamlAndJson\AutomationYamlAndJsonMultiple\yaml-validator\..\.env
Archivo .env encontrado en: C:\Users\spena\Desktop\AutomationYamlAndJson\AutomationYamlAndJsonMultiple\yaml-validator\..\.env
Token encontrado en archivo .env: ../.env
Conexión a GitLab establecida correctamente
Conexión establecida correctamente al repositorio: confuturo_ti/sucursalvirtual/backoffice
  Dado que tengo acceso al repositorio 'confuturo_ti/sucursalvirtual/backoffice' # com.confuturo.steps.YamlValidationSteps.queAccesoAlRepositorio(java.lang.String)
Intentando leer archivo YAML: helm/prod-values-gke.yaml del proyecto: confuturo_ti/sucursalvirtual/backoffice
Proyecto encontrado con ID: 22471175
Intentando obtener archivo de la rama: develop
Archivo encontrado en la rama: develop
Contenido YAML guardado en 'gitlab-yaml-content.txt'
=== CONTENIDO YAML ORIGINAL ===
Longitud: 1145 caracteres
Primeras 300 caracteres:
replicas: 1

image:
  repository: confuturocloud/backoffice
  pullPolicy: IfNotPresent
  port: 8080
  tag: "latest"


imagePullSecrets:
  - name: confuturo-registry
nameOverride: ""
fullnameOverride: ""

serviceAccount:
  create: true
  annotations: {}
  name: ""

podAnnotations: {}

podSecurityCont
=== FIN DEL CONTENIDO ORIGINAL ===
=== PROCESO DE LIMPIEZA DE COMENTARIOS YAML ===
Líneas originales: 64
Líneas procesadas: 64
Comentarios eliminados: 0
=== FIN DEL PROCESO DE LIMPIEZA ===
YAML limpio guardado en 'cleaned-yaml-content.txt'
Longitud después de limpieza: 1146 caracteres
YAML limpio parseado correctamente
  Cuando leo el archivo 'helm/prod-values-gke.yaml'                              # com.confuturo.steps.YamlValidationSteps.leoElArchivo(java.lang.String)

============================================================
🔍 VERIFICANDO QUE NO EXISTA LA PALABRA EXACTA
============================================================
🎯 Palabra EXACTA que NO debe existir: 'qa'
📝 Nota: Búsqueda realizada en contenido SIN comentarios
Longitud del contenido a buscar: 1146
Usando contenido: LIMPIO (sin comentarios)
¿Contiene 'qa' con búsqueda simple? false
Aplicando 9 patrones de búsqueda...
¿Palabra EXACTA encontrada? false
Total de contextos únicos: 0
✓ Correcto: La palabra EXACTA 'qa' NO fue encontrada como término independiente
ℹ Confirmado: La secuencia 'qa' no aparece en absoluto en el archivo
  Entonces el archivo Yaml NO debe contener la palabra "qa"                      # com.confuturo.steps.YamlValidationSteps.elArchivoYamlNoDebeContenerLaPalabra(java.lang.String)

===== ESCENARIO EXITOSO =====
Nombre: El archivo YAML debe tener la configuración de servicios correcta

===== ESCENARIO EXITOSO =====
Nombre: El archivo YAML debe tener la configuración de servicios correcta
]]></system-out>
  </testcase>
  <testcase name="El archivo YAML debe tener la configuración de servicios correcta #27" classname="Validación de configuración de archivo json en ambiente de Produccion #2" time="1.011">
    <system-out><![CDATA[
@yaml-prod
Escenario: El archivo YAML debe tener la configuración de servicios correcta                                     # src/test/resources/features/yaml-validation_prod.feature:42

===== INICIANDO ESCENARIO =====
Nombre: El archivo YAML debe tener la configuración de servicios correcta

===== INICIANDO ESCENARIO =====
Nombre: El archivo YAML debe tener la configuración de servicios correcta
Conectando al repositorio: confuturo_ti/portales-internos/certificate-manager/certificate-services
Buscando token en archivo .env...
Comprobando archivo .env en: C:\Users\spena\Desktop\AutomationYamlAndJson\AutomationYamlAndJsonMultiple\yaml-validator\.env
Comprobando archivo .env en: C:\Users\spena\Desktop\AutomationYamlAndJson\AutomationYamlAndJsonMultiple\yaml-validator\..\.env
Archivo .env encontrado en: C:\Users\spena\Desktop\AutomationYamlAndJson\AutomationYamlAndJsonMultiple\yaml-validator\..\.env
Token encontrado en archivo .env: ../.env
Conexión a GitLab establecida correctamente
Conexión establecida correctamente al repositorio: confuturo_ti/portales-internos/certificate-manager/certificate-services
  Dado que tengo acceso al repositorio 'confuturo_ti/portales-internos/certificate-manager/certificate-services' # com.confuturo.steps.YamlValidationSteps.queAccesoAlRepositorio(java.lang.String)
Intentando leer archivo YAML: helm/prod-values-gke.yaml del proyecto: confuturo_ti/portales-internos/certificate-manager/certificate-services
Proyecto encontrado con ID: 62904353
Intentando obtener archivo de la rama: develop
Archivo encontrado en la rama: develop
Contenido YAML guardado en 'gitlab-yaml-content.txt'
=== CONTENIDO YAML ORIGINAL ===
Longitud: 1679 caracteres
Primeras 300 caracteres:
replicaCount: 1

image:
  repository: confuturocloud/certificate-services
  tag: "latest"

imagePullSecrets: 
  - name: confuturo-registry

nameOverride: ""
fullnameOverride: ""

serviceAccount:
  create: true
  annotations: {}
  name: ""
  
configmap:
  name: certificate-services
=== FIN DEL CONTENIDO ORIGINAL ===
=== PROCESO DE LIMPIEZA DE COMENTARIOS YAML ===
Líneas originales: 81
Líneas procesadas: 81
Comentarios eliminados: 0
=== FIN DEL PROCESO DE LIMPIEZA ===
YAML limpio guardado en 'cleaned-yaml-content.txt'
Longitud después de limpieza: 1680 caracteres
YAML limpio parseado correctamente
  Cuando leo el archivo 'helm/prod-values-gke.yaml'                                                              # com.confuturo.steps.YamlValidationSteps.leoElArchivo(java.lang.String)

============================================================
🔍 VERIFICANDO QUE NO EXISTA LA PALABRA EXACTA
============================================================
🎯 Palabra EXACTA que NO debe existir: 'qa'
📝 Nota: Búsqueda realizada en contenido SIN comentarios
Longitud del contenido a buscar: 1680
Usando contenido: LIMPIO (sin comentarios)
¿Contiene 'qa' con búsqueda simple? false
Aplicando 9 patrones de búsqueda...
¿Palabra EXACTA encontrada? false
Total de contextos únicos: 0
✓ Correcto: La palabra EXACTA 'qa' NO fue encontrada como término independiente
ℹ Confirmado: La secuencia 'qa' no aparece en absoluto en el archivo
  Entonces el archivo Yaml NO debe contener la palabra "qa"                                                      # com.confuturo.steps.YamlValidationSteps.elArchivoYamlNoDebeContenerLaPalabra(java.lang.String)

===== ESCENARIO EXITOSO =====
Nombre: El archivo YAML debe tener la configuración de servicios correcta

===== ESCENARIO EXITOSO =====
Nombre: El archivo YAML debe tener la configuración de servicios correcta
]]></system-out>
  </testcase>
  <testcase name="El archivo YAML debe tener la configuración de servicios correcta #28" classname="Validación de configuración de archivo json en ambiente de Produccion #2" time="1.19">
    <system-out><![CDATA[
@yaml-prod
Escenario: El archivo YAML debe tener la configuración de servicios correcta              # src/test/resources/features/yaml-validation_prod.feature:43

===== INICIANDO ESCENARIO =====
Nombre: El archivo YAML debe tener la configuración de servicios correcta

===== INICIANDO ESCENARIO =====
Nombre: El archivo YAML debe tener la configuración de servicios correcta
Conectando al repositorio: confuturo_ti/servicios-globales/cliente-services
Buscando token en archivo .env...
Comprobando archivo .env en: C:\Users\spena\Desktop\AutomationYamlAndJson\AutomationYamlAndJsonMultiple\yaml-validator\.env
Comprobando archivo .env en: C:\Users\spena\Desktop\AutomationYamlAndJson\AutomationYamlAndJsonMultiple\yaml-validator\..\.env
Archivo .env encontrado en: C:\Users\spena\Desktop\AutomationYamlAndJson\AutomationYamlAndJsonMultiple\yaml-validator\..\.env
Token encontrado en archivo .env: ../.env
Conexión a GitLab establecida correctamente
Conexión establecida correctamente al repositorio: confuturo_ti/servicios-globales/cliente-services
  Dado que tengo acceso al repositorio 'confuturo_ti/servicios-globales/cliente-services' # com.confuturo.steps.YamlValidationSteps.queAccesoAlRepositorio(java.lang.String)
Intentando leer archivo YAML: src/API/helm/prod-values-gke.yaml del proyecto: confuturo_ti/servicios-globales/cliente-services
Proyecto encontrado con ID: 27885393
Intentando obtener archivo de la rama: develop
Archivo encontrado en la rama: develop
Contenido YAML guardado en 'gitlab-yaml-content.txt'
=== CONTENIDO YAML ORIGINAL ===
Longitud: 2133 caracteres
Primeras 300 caracteres:
replicaCount: 1

image:
  repository: confuturocloud/cliente-servicio-api
  pullPolicy: IfNotPresent
  tag: "latest"

configmap:
  name: cliente-servicio-api
  data:
    DOTNET_ENVIRONMENT: Production
    RabbitMQ__Host: "rabbitmq-0.rabbitmq-headless.rabbitmq.svc.cluster.local"
    RabbitMQ__Virtual
=== FIN DEL CONTENIDO ORIGINAL ===
=== PROCESO DE LIMPIEZA DE COMENTARIOS YAML ===
Líneas originales: 88
Líneas procesadas: 88
Comentarios eliminados: 0
=== FIN DEL PROCESO DE LIMPIEZA ===
YAML limpio guardado en 'cleaned-yaml-content.txt'
Longitud después de limpieza: 2133 caracteres
YAML limpio parseado correctamente
  Cuando leo el archivo 'src/API/helm/prod-values-gke.yaml'                               # com.confuturo.steps.YamlValidationSteps.leoElArchivo(java.lang.String)

============================================================
🔍 VERIFICANDO QUE NO EXISTA LA PALABRA EXACTA
============================================================
🎯 Palabra EXACTA que NO debe existir: 'qa'
📝 Nota: Búsqueda realizada en contenido SIN comentarios
Longitud del contenido a buscar: 2133
Usando contenido: LIMPIO (sin comentarios)
¿Contiene 'qa' con búsqueda simple? false
Aplicando 9 patrones de búsqueda...
¿Palabra EXACTA encontrada? false
Total de contextos únicos: 0
✓ Correcto: La palabra EXACTA 'qa' NO fue encontrada como término independiente
ℹ Confirmado: La secuencia 'qa' no aparece en absoluto en el archivo
  Entonces el archivo Yaml NO debe contener la palabra "qa"                               # com.confuturo.steps.YamlValidationSteps.elArchivoYamlNoDebeContenerLaPalabra(java.lang.String)

===== ESCENARIO EXITOSO =====
Nombre: El archivo YAML debe tener la configuración de servicios correcta

===== ESCENARIO EXITOSO =====
Nombre: El archivo YAML debe tener la configuración de servicios correcta
]]></system-out>
  </testcase>
  <testcase name="El archivo YAML debe tener la configuración de servicios correcta #29" classname="Validación de configuración de archivo json en ambiente de Produccion #2" time="1.153">
    <system-out><![CDATA[
@yaml-prod
Escenario: El archivo YAML debe tener la configuración de servicios correcta                      # src/test/resources/features/yaml-validation_prod.feature:44

===== INICIANDO ESCENARIO =====
Nombre: El archivo YAML debe tener la configuración de servicios correcta

===== INICIANDO ESCENARIO =====
Nombre: El archivo YAML debe tener la configuración de servicios correcta
Conectando al repositorio: confuturo_ti/servicios-rentas/cloud-services-integration
Buscando token en archivo .env...
Comprobando archivo .env en: C:\Users\spena\Desktop\AutomationYamlAndJson\AutomationYamlAndJsonMultiple\yaml-validator\.env
Comprobando archivo .env en: C:\Users\spena\Desktop\AutomationYamlAndJson\AutomationYamlAndJsonMultiple\yaml-validator\..\.env
Archivo .env encontrado en: C:\Users\spena\Desktop\AutomationYamlAndJson\AutomationYamlAndJsonMultiple\yaml-validator\..\.env
Token encontrado en archivo .env: ../.env
Conexión a GitLab establecida correctamente
Conexión establecida correctamente al repositorio: confuturo_ti/servicios-rentas/cloud-services-integration
  Dado que tengo acceso al repositorio 'confuturo_ti/servicios-rentas/cloud-services-integration' # com.confuturo.steps.YamlValidationSteps.queAccesoAlRepositorio(java.lang.String)
Intentando leer archivo YAML: helm/prod-values-gke.yaml del proyecto: confuturo_ti/servicios-rentas/cloud-services-integration
Proyecto encontrado con ID: 53526183
Intentando obtener archivo de la rama: develop
Archivo encontrado en la rama: develop
Contenido YAML guardado en 'gitlab-yaml-content.txt'
=== CONTENIDO YAML ORIGINAL ===
Longitud: 1877 caracteres
Primeras 300 caracteres:
replicaCount: 1

image:
  repository: confuturocloud/cloud-services-integration
  tag: "latest"

imagePullSecrets:
  - name: confuturo-registry

nameOverride: ""
fullnameOverride: ""

serviceAccount:
  create: true
  annotations: {}
  name: ""

configmap:
  name: cloud-services-integration
  data:
 
=== FIN DEL CONTENIDO ORIGINAL ===
=== PROCESO DE LIMPIEZA DE COMENTARIOS YAML ===
Líneas originales: 86
Líneas procesadas: 86
Comentarios eliminados: 0
=== FIN DEL PROCESO DE LIMPIEZA ===
YAML limpio guardado en 'cleaned-yaml-content.txt'
Longitud después de limpieza: 1877 caracteres
YAML limpio parseado correctamente
  Cuando leo el archivo 'helm/prod-values-gke.yaml'                                               # com.confuturo.steps.YamlValidationSteps.leoElArchivo(java.lang.String)

============================================================
🔍 VERIFICANDO QUE NO EXISTA LA PALABRA EXACTA
============================================================
🎯 Palabra EXACTA que NO debe existir: 'qa'
📝 Nota: Búsqueda realizada en contenido SIN comentarios
Longitud del contenido a buscar: 1877
Usando contenido: LIMPIO (sin comentarios)
¿Contiene 'qa' con búsqueda simple? false
Aplicando 9 patrones de búsqueda...
¿Palabra EXACTA encontrada? false
Total de contextos únicos: 0
✓ Correcto: La palabra EXACTA 'qa' NO fue encontrada como término independiente
ℹ Confirmado: La secuencia 'qa' no aparece en absoluto en el archivo
  Entonces el archivo Yaml NO debe contener la palabra "qa"                                       # com.confuturo.steps.YamlValidationSteps.elArchivoYamlNoDebeContenerLaPalabra(java.lang.String)

===== ESCENARIO EXITOSO =====
Nombre: El archivo YAML debe tener la configuración de servicios correcta

===== ESCENARIO EXITOSO =====
Nombre: El archivo YAML debe tener la configuración de servicios correcta
]]></system-out>
  </testcase>
  <testcase name="El archivo YAML debe tener la configuración de servicios correcta #30" classname="Validación de configuración de archivo json en ambiente de Produccion #2" time="1.055">
    <system-out><![CDATA[
@yaml-prod
Escenario: El archivo YAML debe tener la configuración de servicios correcta                                   # src/test/resources/features/yaml-validation_prod.feature:45

===== INICIANDO ESCENARIO =====
Nombre: El archivo YAML debe tener la configuración de servicios correcta

===== INICIANDO ESCENARIO =====
Nombre: El archivo YAML debe tener la configuración de servicios correcta
Conectando al repositorio: confuturo_ti/portales-internos/comunicaciones/comunicaciones-frontend
Buscando token en archivo .env...
Comprobando archivo .env en: C:\Users\spena\Desktop\AutomationYamlAndJson\AutomationYamlAndJsonMultiple\yaml-validator\.env
Comprobando archivo .env en: C:\Users\spena\Desktop\AutomationYamlAndJson\AutomationYamlAndJsonMultiple\yaml-validator\..\.env
Archivo .env encontrado en: C:\Users\spena\Desktop\AutomationYamlAndJson\AutomationYamlAndJsonMultiple\yaml-validator\..\.env
Token encontrado en archivo .env: ../.env
Conexión a GitLab establecida correctamente
Conexión establecida correctamente al repositorio: confuturo_ti/portales-internos/comunicaciones/comunicaciones-frontend
  Dado que tengo acceso al repositorio 'confuturo_ti/portales-internos/comunicaciones/comunicaciones-frontend' # com.confuturo.steps.YamlValidationSteps.queAccesoAlRepositorio(java.lang.String)
Intentando leer archivo YAML: helm/prod-values-gke.yaml del proyecto: confuturo_ti/portales-internos/comunicaciones/comunicaciones-frontend
Proyecto encontrado con ID: 29639278
Intentando obtener archivo de la rama: develop
Archivo encontrado en la rama: develop
Contenido YAML guardado en 'gitlab-yaml-content.txt'
=== CONTENIDO YAML ORIGINAL ===
Longitud: 796 caracteres
Primeras 300 caracteres:
replicaCount: 1

image:
  repository: confuturocloud/comunicaciones-frontend
  pullPolicy: IfNotPresent
  tag: "latest"

imagePullSecrets:
  - name: confuturo-registry

nameOverride: ""
fullnameOverride: ""

serviceAccount:
  create: true
  annotations: {}
  name: ""

podAnnotations: {}

service:
  
=== FIN DEL CONTENIDO ORIGINAL ===
=== PROCESO DE LIMPIEZA DE COMENTARIOS YAML ===
Líneas originales: 46
Líneas procesadas: 46
Comentarios eliminados: 0
=== FIN DEL PROCESO DE LIMPIEZA ===
YAML limpio guardado en 'cleaned-yaml-content.txt'
Longitud después de limpieza: 797 caracteres
YAML limpio parseado correctamente
  Cuando leo el archivo 'helm/prod-values-gke.yaml'                                                            # com.confuturo.steps.YamlValidationSteps.leoElArchivo(java.lang.String)

============================================================
🔍 VERIFICANDO QUE NO EXISTA LA PALABRA EXACTA
============================================================
🎯 Palabra EXACTA que NO debe existir: 'qa'
📝 Nota: Búsqueda realizada en contenido SIN comentarios
Longitud del contenido a buscar: 797
Usando contenido: LIMPIO (sin comentarios)
¿Contiene 'qa' con búsqueda simple? false
Aplicando 9 patrones de búsqueda...
¿Palabra EXACTA encontrada? false
Total de contextos únicos: 0
✓ Correcto: La palabra EXACTA 'qa' NO fue encontrada como término independiente
ℹ Confirmado: La secuencia 'qa' no aparece en absoluto en el archivo
  Entonces el archivo Yaml NO debe contener la palabra "qa"                                                    # com.confuturo.steps.YamlValidationSteps.elArchivoYamlNoDebeContenerLaPalabra(java.lang.String)

===== ESCENARIO EXITOSO =====
Nombre: El archivo YAML debe tener la configuración de servicios correcta

===== ESCENARIO EXITOSO =====
Nombre: El archivo YAML debe tener la configuración de servicios correcta
]]></system-out>
  </testcase>
  <testcase name="El archivo YAML debe tener la configuración de servicios correcta #31" classname="Validación de configuración de archivo json en ambiente de Produccion #2" time="1.161">
    <system-out><![CDATA[
@yaml-prod
Escenario: El archivo YAML debe tener la configuración de servicios correcta                                       # src/test/resources/features/yaml-validation_prod.feature:46

===== INICIANDO ESCENARIO =====
Nombre: El archivo YAML debe tener la configuración de servicios correcta

===== INICIANDO ESCENARIO =====
Nombre: El archivo YAML debe tener la configuración de servicios correcta
Conectando al repositorio: confuturo_ti/servicios-globales/customer-account/customer-account-service
Buscando token en archivo .env...
Comprobando archivo .env en: C:\Users\spena\Desktop\AutomationYamlAndJson\AutomationYamlAndJsonMultiple\yaml-validator\.env
Comprobando archivo .env en: C:\Users\spena\Desktop\AutomationYamlAndJson\AutomationYamlAndJsonMultiple\yaml-validator\..\.env
Archivo .env encontrado en: C:\Users\spena\Desktop\AutomationYamlAndJson\AutomationYamlAndJsonMultiple\yaml-validator\..\.env
Token encontrado en archivo .env: ../.env
Conexión a GitLab establecida correctamente
Conexión establecida correctamente al repositorio: confuturo_ti/servicios-globales/customer-account/customer-account-service
  Dado que tengo acceso al repositorio 'confuturo_ti/servicios-globales/customer-account/customer-account-service' # com.confuturo.steps.YamlValidationSteps.queAccesoAlRepositorio(java.lang.String)
Intentando leer archivo YAML: helm/prod-values-gke.yaml del proyecto: confuturo_ti/servicios-globales/customer-account/customer-account-service
Proyecto encontrado con ID: 34559394
Intentando obtener archivo de la rama: develop
Archivo encontrado en la rama: develop
Contenido YAML guardado en 'gitlab-yaml-content.txt'
=== CONTENIDO YAML ORIGINAL ===
Longitud: 3568 caracteres
Primeras 300 caracteres:
replicaCount: 1

image:
  repository: confuturocloud/customer-account-service
  tag: "latest"

imagePullSecrets:
  - name: confuturo-registry
nameOverride: ""
fullnameOverride: ""

serviceAccount:
  create: true
  annotations: {}
  name: ""

configmap:
  name: customer-account-service
  data:
    AP
=== FIN DEL CONTENIDO ORIGINAL ===
=== PROCESO DE LIMPIEZA DE COMENTARIOS YAML ===
Líneas originales: 116
Líneas procesadas: 116
Comentarios eliminados: 0
=== FIN DEL PROCESO DE LIMPIEZA ===
YAML limpio guardado en 'cleaned-yaml-content.txt'
Longitud después de limpieza: 3569 caracteres
YAML limpio parseado correctamente
  Cuando leo el archivo 'helm/prod-values-gke.yaml'                                                                # com.confuturo.steps.YamlValidationSteps.leoElArchivo(java.lang.String)

============================================================
🔍 VERIFICANDO QUE NO EXISTA LA PALABRA EXACTA
============================================================
🎯 Palabra EXACTA que NO debe existir: 'qa'
📝 Nota: Búsqueda realizada en contenido SIN comentarios
Longitud del contenido a buscar: 3569
Usando contenido: LIMPIO (sin comentarios)
¿Contiene 'qa' con búsqueda simple? false
Aplicando 9 patrones de búsqueda...
¿Palabra EXACTA encontrada? false
Total de contextos únicos: 0
✓ Correcto: La palabra EXACTA 'qa' NO fue encontrada como término independiente
ℹ Confirmado: La secuencia 'qa' no aparece en absoluto en el archivo
  Entonces el archivo Yaml NO debe contener la palabra "qa"                                                        # com.confuturo.steps.YamlValidationSteps.elArchivoYamlNoDebeContenerLaPalabra(java.lang.String)

===== ESCENARIO EXITOSO =====
Nombre: El archivo YAML debe tener la configuración de servicios correcta

===== ESCENARIO EXITOSO =====
Nombre: El archivo YAML debe tener la configuración de servicios correcta
]]></system-out>
  </testcase>
  <testcase name="El archivo YAML debe tener la configuración de servicios correcta #32" classname="Validación de configuración de archivo json en ambiente de Produccion #2" time="1.195">
    <failure message="Se encontraron 1 errores de validación. Consulta el detalle en los logs." type="java.lang.AssertionError"><![CDATA[java.lang.AssertionError: Se encontraron 1 errores de validación. Consulta el detalle en los logs.
	at com.confuturo.steps.YamlValidationSteps.afterScenario(YamlValidationSteps.java:48)
]]></failure>
    <system-out><![CDATA[
@yaml-prod
Escenario: El archivo YAML debe tener la configuración de servicios correcta           # src/test/resources/features/yaml-validation_prod.feature:47

===== INICIANDO ESCENARIO =====
Nombre: El archivo YAML debe tener la configuración de servicios correcta

===== INICIANDO ESCENARIO =====
Nombre: El archivo YAML debe tener la configuración de servicios correcta
Conectando al repositorio: confuturo_ti/servicios-globales/debts-service
Buscando token en archivo .env...
Comprobando archivo .env en: C:\Users\spena\Desktop\AutomationYamlAndJson\AutomationYamlAndJsonMultiple\yaml-validator\.env
Comprobando archivo .env en: C:\Users\spena\Desktop\AutomationYamlAndJson\AutomationYamlAndJsonMultiple\yaml-validator\..\.env
Archivo .env encontrado en: C:\Users\spena\Desktop\AutomationYamlAndJson\AutomationYamlAndJsonMultiple\yaml-validator\..\.env
Token encontrado en archivo .env: ../.env
Conexión a GitLab establecida correctamente
Conexión establecida correctamente al repositorio: confuturo_ti/servicios-globales/debts-service
  Dado que tengo acceso al repositorio 'confuturo_ti/servicios-globales/debts-service' # com.confuturo.steps.YamlValidationSteps.queAccesoAlRepositorio(java.lang.String)
Intentando leer archivo YAML: helm/prod-values-gke.yaml del proyecto: confuturo_ti/servicios-globales/debts-service
Proyecto encontrado con ID: 38286662
Intentando obtener archivo de la rama: develop
Archivo encontrado en la rama: develop
Contenido YAML guardado en 'gitlab-yaml-content.txt'
=== CONTENIDO YAML ORIGINAL ===
Longitud: 2098 caracteres
Primeras 300 caracteres:
replicaCount: 1

image:
  repository: confuturocloud/debts-service
  pullPolicy: IfNotPresent
  tag: "latest"

imagePullSecrets: 
  - name: confuturo-registry

nameOverride: ""
fullnameOverride: ""

configmap:
  name: debts-service
  data:
    ASPNETCORE_ENVIRONMENT: "Production"
    API_BASE_PATH: 
=== FIN DEL CONTENIDO ORIGINAL ===
=== PROCESO DE LIMPIEZA DE COMENTARIOS YAML ===
Líneas originales: 89
Líneas procesadas: 89
Comentarios eliminados: 0
=== FIN DEL PROCESO DE LIMPIEZA ===
YAML limpio guardado en 'cleaned-yaml-content.txt'
Longitud después de limpieza: 2099 caracteres
YAML limpio parseado correctamente
  Cuando leo el archivo 'helm/prod-values-gke.yaml'                                    # com.confuturo.steps.YamlValidationSteps.leoElArchivo(java.lang.String)

============================================================
🔍 VERIFICANDO QUE NO EXISTA LA PALABRA EXACTA
============================================================
🎯 Palabra EXACTA que NO debe existir: 'qa'
📝 Nota: Búsqueda realizada en contenido SIN comentarios
Longitud del contenido a buscar: 2099
Usando contenido: LIMPIO (sin comentarios)
¿Contiene 'qa' con búsqueda simple? true
Ejemplos de dónde aparece (máximo 3):
  1: ...ttp"
  hosts:
    - host: api.qa.seguros.local
      paths:
  ...
  2: ...    
  hosts:
    - host: api-qa.confuturo.cl
      paths:
   ...
Aplicando 9 patrones de búsqueda...
Patrón 2 (\.\Qqa\E(?=[-\.])): 1 coincidencias
Patrón 3 ((?<=[:/\.])\Qqa\E(?=[-\.])): 1 coincidencias
Patrón 8 (\b\QQA\E\b): 2 coincidencias
Patrón 9 (\b\Qqa\E\b(?![a-zA-Z])): 2 coincidencias
¿Palabra EXACTA encontrada? true
Total de contextos únicos: 3
  Entonces el archivo Yaml NO debe contener la palabra "qa"                            # com.confuturo.steps.YamlValidationSteps.elArchivoYamlNoDebeContenerLaPalabra(java.lang.String)

===== ERRORES DE VALIDACIÓN ENCONTRADOS =====

    Error de validación: La palabra EXACTA 'qa' fue encontrada en el archivo pero NO debería estar presente. Total ocurrencias: 3. Contexto(s): Patrón 2: ...http" hosts: - host: api.qa.seguros.local paths: ... | Patrón 3: ...ttp" hosts: - host: api.qa.seguros.local paths: ... | Patrón 8: ... hosts: - host: api-qa.confuturo.cl paths: ...


    Embedding Error de validación [text/plain 317 bytes]

      java.lang.AssertionError: Se encontraron 1 errores de validación. Consulta el detalle en los logs.
	at com.confuturo.steps.YamlValidationSteps.afterScenario(YamlValidationSteps.java:48)


===== ESCENARIO FALLIDO =====
Nombre: El archivo YAML debe tener la configuración de servicios correcta
Error: b28601e9-2431-4323-9fe6-ad1cb816a8be
]]></system-out>
    <system-err><![CDATA[¡ERROR DE VALIDACIÓN! La palabra EXACTA 'qa' fue encontrada en el archivo pero NO debería estar presente. Total ocurrencias: 3. Contexto(s): Patrón 2: ...http" hosts: - host: api.qa.seguros.local paths: ... | Patrón 3: ...ttp" hosts: - host: api.qa.seguros.local paths: ... | Patrón 8: ... hosts: - host: api-qa.confuturo.cl paths: ...
- La palabra EXACTA 'qa' fue encontrada en el archivo pero NO debería estar presente. Total ocurrencias: 3. Contexto(s): Patrón 2: ...http" hosts: - host: api.qa.seguros.local paths: ... | Patrón 3: ...ttp" hosts: - host: api.qa.seguros.local paths: ... | Patrón 8: ... hosts: - host: api-qa.confuturo.cl paths: ...
]]></system-err>
  </testcase>
  <testcase name="El archivo YAML debe tener la configuración de servicios correcta #33" classname="Validación de configuración de archivo json en ambiente de Produccion #2" time="1.008">
    <system-out><![CDATA[
@yaml-prod
Escenario: El archivo YAML debe tener la configuración de servicios correcta                              # src/test/resources/features/yaml-validation_prod.feature:48

===== INICIANDO ESCENARIO =====
Nombre: El archivo YAML debe tener la configuración de servicios correcta

===== INICIANDO ESCENARIO =====
Nombre: El archivo YAML debe tener la configuración de servicios correcta
Conectando al repositorio: confuturo_ti/portales-internos/comunicaciones/detalle-mensajeria
Buscando token en archivo .env...
Comprobando archivo .env en: C:\Users\spena\Desktop\AutomationYamlAndJson\AutomationYamlAndJsonMultiple\yaml-validator\.env
Comprobando archivo .env en: C:\Users\spena\Desktop\AutomationYamlAndJson\AutomationYamlAndJsonMultiple\yaml-validator\..\.env
Archivo .env encontrado en: C:\Users\spena\Desktop\AutomationYamlAndJson\AutomationYamlAndJsonMultiple\yaml-validator\..\.env
Token encontrado en archivo .env: ../.env
Conexión a GitLab establecida correctamente
Conexión establecida correctamente al repositorio: confuturo_ti/portales-internos/comunicaciones/detalle-mensajeria
  Dado que tengo acceso al repositorio 'confuturo_ti/portales-internos/comunicaciones/detalle-mensajeria' # com.confuturo.steps.YamlValidationSteps.queAccesoAlRepositorio(java.lang.String)
Intentando leer archivo YAML: helm/prod-values-gke.yaml del proyecto: confuturo_ti/portales-internos/comunicaciones/detalle-mensajeria
Proyecto encontrado con ID: 29792072
Intentando obtener archivo de la rama: develop
Archivo encontrado en la rama: develop
Contenido YAML guardado en 'gitlab-yaml-content.txt'
=== CONTENIDO YAML ORIGINAL ===
Longitud: 828 caracteres
Primeras 300 caracteres:
replicaCount: 1

image:
  repository: confuturocloud/detalle-mensajeria
  pullPolicy: IfNotPresent
  tag: "latest"

imagePullSecrets:
  - name: confuturo-registry

nameOverride: ""
fullnameOverride: ""

serviceAccount:
  create: true
  annotations: {}
  name: ""

podAnnotations: {}

service:
  type:
=== FIN DEL CONTENIDO ORIGINAL ===
=== PROCESO DE LIMPIEZA DE COMENTARIOS YAML ===
Líneas originales: 47
Líneas procesadas: 47
Comentarios eliminados: 0
=== FIN DEL PROCESO DE LIMPIEZA ===
YAML limpio guardado en 'cleaned-yaml-content.txt'
Longitud después de limpieza: 829 caracteres
YAML limpio parseado correctamente
  Cuando leo el archivo 'helm/prod-values-gke.yaml'                                                       # com.confuturo.steps.YamlValidationSteps.leoElArchivo(java.lang.String)

============================================================
🔍 VERIFICANDO QUE NO EXISTA LA PALABRA EXACTA
============================================================
🎯 Palabra EXACTA que NO debe existir: 'qa'
📝 Nota: Búsqueda realizada en contenido SIN comentarios
Longitud del contenido a buscar: 829
Usando contenido: LIMPIO (sin comentarios)
¿Contiene 'qa' con búsqueda simple? false
Aplicando 9 patrones de búsqueda...
¿Palabra EXACTA encontrada? false
Total de contextos únicos: 0
✓ Correcto: La palabra EXACTA 'qa' NO fue encontrada como término independiente
ℹ Confirmado: La secuencia 'qa' no aparece en absoluto en el archivo
  Entonces el archivo Yaml NO debe contener la palabra "qa"                                               # com.confuturo.steps.YamlValidationSteps.elArchivoYamlNoDebeContenerLaPalabra(java.lang.String)

===== ESCENARIO EXITOSO =====
Nombre: El archivo YAML debe tener la configuración de servicios correcta

===== ESCENARIO EXITOSO =====
Nombre: El archivo YAML debe tener la configuración de servicios correcta
]]></system-out>
  </testcase>
  <testcase name="El archivo YAML debe tener la configuración de servicios correcta #34" classname="Validación de configuración de archivo json en ambiente de Produccion #2" time="1.067">
    <system-out><![CDATA[
@yaml-prod
Escenario: El archivo YAML debe tener la configuración de servicios correcta                                      # src/test/resources/features/yaml-validation_prod.feature:49

===== INICIANDO ESCENARIO =====
Nombre: El archivo YAML debe tener la configuración de servicios correcta

===== INICIANDO ESCENARIO =====
Nombre: El archivo YAML debe tener la configuración de servicios correcta
Conectando al repositorio: confuturo_ti/servicios-de-pago/digital-payments/digital-payments-backend
Buscando token en archivo .env...
Comprobando archivo .env en: C:\Users\spena\Desktop\AutomationYamlAndJson\AutomationYamlAndJsonMultiple\yaml-validator\.env
Comprobando archivo .env en: C:\Users\spena\Desktop\AutomationYamlAndJson\AutomationYamlAndJsonMultiple\yaml-validator\..\.env
Archivo .env encontrado en: C:\Users\spena\Desktop\AutomationYamlAndJson\AutomationYamlAndJsonMultiple\yaml-validator\..\.env
Token encontrado en archivo .env: ../.env
Conexión a GitLab establecida correctamente
Conexión establecida correctamente al repositorio: confuturo_ti/servicios-de-pago/digital-payments/digital-payments-backend
  Dado que tengo acceso al repositorio 'confuturo_ti/servicios-de-pago/digital-payments/digital-payments-backend' # com.confuturo.steps.YamlValidationSteps.queAccesoAlRepositorio(java.lang.String)
Intentando leer archivo YAML: helm/prod-values-gke.yaml del proyecto: confuturo_ti/servicios-de-pago/digital-payments/digital-payments-backend
Proyecto encontrado con ID: 60972335
Intentando obtener archivo de la rama: develop
Archivo encontrado en la rama: develop
Contenido YAML guardado en 'gitlab-yaml-content.txt'
=== CONTENIDO YAML ORIGINAL ===
Longitud: 3319 caracteres
Primeras 300 caracteres:
replicaCount: 1

image:
  repository: confuturocloud/digital-payments-backend
  tag: "latest"

imagePullSecrets: 
  - name: confuturo-registry

nameOverride: ""
fullnameOverride: ""

serviceAccount:
  create: true
  annotations: {}
  name: ""
  
configmap: 
  name: digital-payments
=== FIN DEL CONTENIDO ORIGINAL ===
=== PROCESO DE LIMPIEZA DE COMENTARIOS YAML ===
Líneas originales: 107
Líneas procesadas: 107
Comentarios eliminados: 0
=== FIN DEL PROCESO DE LIMPIEZA ===
YAML limpio guardado en 'cleaned-yaml-content.txt'
Longitud después de limpieza: 3319 caracteres
YAML limpio parseado correctamente
  Cuando leo el archivo 'helm/prod-values-gke.yaml'                                                               # com.confuturo.steps.YamlValidationSteps.leoElArchivo(java.lang.String)

============================================================
🔍 VERIFICANDO QUE NO EXISTA LA PALABRA EXACTA
============================================================
🎯 Palabra EXACTA que NO debe existir: 'qa'
📝 Nota: Búsqueda realizada en contenido SIN comentarios
Longitud del contenido a buscar: 3319
Usando contenido: LIMPIO (sin comentarios)
¿Contiene 'qa' con búsqueda simple? false
Aplicando 9 patrones de búsqueda...
¿Palabra EXACTA encontrada? false
Total de contextos únicos: 0
✓ Correcto: La palabra EXACTA 'qa' NO fue encontrada como término independiente
ℹ Confirmado: La secuencia 'qa' no aparece en absoluto en el archivo
  Entonces el archivo Yaml NO debe contener la palabra "qa"                                                       # com.confuturo.steps.YamlValidationSteps.elArchivoYamlNoDebeContenerLaPalabra(java.lang.String)

===== ESCENARIO EXITOSO =====
Nombre: El archivo YAML debe tener la configuración de servicios correcta

===== ESCENARIO EXITOSO =====
Nombre: El archivo YAML debe tener la configuración de servicios correcta
]]></system-out>
  </testcase>
  <testcase name="El archivo YAML debe tener la configuración de servicios correcta #35" classname="Validación de configuración de archivo json en ambiente de Produccion #2" time="1.171">
    <system-out><![CDATA[
@yaml-prod
Escenario: El archivo YAML debe tener la configuración de servicios correcta                                       # src/test/resources/features/yaml-validation_prod.feature:50

===== INICIANDO ESCENARIO =====
Nombre: El archivo YAML debe tener la configuración de servicios correcta

===== INICIANDO ESCENARIO =====
Nombre: El archivo YAML debe tener la configuración de servicios correcta
Conectando al repositorio: confuturo_ti/servicios-de-pago/digital-payments/digital-payments-frontend
Buscando token en archivo .env...
Comprobando archivo .env en: C:\Users\spena\Desktop\AutomationYamlAndJson\AutomationYamlAndJsonMultiple\yaml-validator\.env
Comprobando archivo .env en: C:\Users\spena\Desktop\AutomationYamlAndJson\AutomationYamlAndJsonMultiple\yaml-validator\..\.env
Archivo .env encontrado en: C:\Users\spena\Desktop\AutomationYamlAndJson\AutomationYamlAndJsonMultiple\yaml-validator\..\.env
Token encontrado en archivo .env: ../.env
Conexión a GitLab establecida correctamente
Conexión establecida correctamente al repositorio: confuturo_ti/servicios-de-pago/digital-payments/digital-payments-frontend
  Dado que tengo acceso al repositorio 'confuturo_ti/servicios-de-pago/digital-payments/digital-payments-frontend' # com.confuturo.steps.YamlValidationSteps.queAccesoAlRepositorio(java.lang.String)
Intentando leer archivo YAML: helm/prod-values-gke.yaml del proyecto: confuturo_ti/servicios-de-pago/digital-payments/digital-payments-frontend
Proyecto encontrado con ID: 60972435
Intentando obtener archivo de la rama: develop
Archivo encontrado en la rama: develop
Contenido YAML guardado en 'gitlab-yaml-content.txt'
=== CONTENIDO YAML ORIGINAL ===
Longitud: 1112 caracteres
Primeras 300 caracteres:
replicaCount: 1

image:
  repository: confuturocloud/digital-payments-frontend
  tag: "latest"

imagePullSecrets:
  - name: confuturo-registry

nameOverride: ""
fullnameOverride: ""

serviceAccount:
  create: true
  annotations: {}
  name: ""

podAnnotations: {}

service:
  type:
=== FIN DEL CONTENIDO ORIGINAL ===
=== PROCESO DE LIMPIEZA DE COMENTARIOS YAML ===
Líneas originales: 53
Líneas procesadas: 53
Comentarios eliminados: 0
=== FIN DEL PROCESO DE LIMPIEZA ===
YAML limpio guardado en 'cleaned-yaml-content.txt'
Longitud después de limpieza: 1113 caracteres
YAML limpio parseado correctamente
  Cuando leo el archivo 'helm/prod-values-gke.yaml'                                                                # com.confuturo.steps.YamlValidationSteps.leoElArchivo(java.lang.String)

============================================================
🔍 VERIFICANDO QUE NO EXISTA LA PALABRA EXACTA
============================================================
🎯 Palabra EXACTA que NO debe existir: 'qa'
📝 Nota: Búsqueda realizada en contenido SIN comentarios
Longitud del contenido a buscar: 1113
Usando contenido: LIMPIO (sin comentarios)
¿Contiene 'qa' con búsqueda simple? false
Aplicando 9 patrones de búsqueda...
¿Palabra EXACTA encontrada? false
Total de contextos únicos: 0
✓ Correcto: La palabra EXACTA 'qa' NO fue encontrada como término independiente
ℹ Confirmado: La secuencia 'qa' no aparece en absoluto en el archivo
  Entonces el archivo Yaml NO debe contener la palabra "qa"                                                        # com.confuturo.steps.YamlValidationSteps.elArchivoYamlNoDebeContenerLaPalabra(java.lang.String)

===== ESCENARIO EXITOSO =====
Nombre: El archivo YAML debe tener la configuración de servicios correcta

===== ESCENARIO EXITOSO =====
Nombre: El archivo YAML debe tener la configuración de servicios correcta
]]></system-out>
  </testcase>
  <testcase name="El archivo YAML debe tener la configuración de servicios correcta #36" classname="Validación de configuración de archivo json en ambiente de Produccion #2" time="1.247">
    <system-out><![CDATA[
@yaml-prod
Escenario: El archivo YAML debe tener la configuración de servicios correcta               # src/test/resources/features/yaml-validation_prod.feature:51

===== INICIANDO ESCENARIO =====
Nombre: El archivo YAML debe tener la configuración de servicios correcta

===== INICIANDO ESCENARIO =====
Nombre: El archivo YAML debe tener la configuración de servicios correcta
Conectando al repositorio: confuturo_ti/servicios-rentas/electronic-dispatch
Buscando token en archivo .env...
Comprobando archivo .env en: C:\Users\spena\Desktop\AutomationYamlAndJson\AutomationYamlAndJsonMultiple\yaml-validator\.env
Comprobando archivo .env en: C:\Users\spena\Desktop\AutomationYamlAndJson\AutomationYamlAndJsonMultiple\yaml-validator\..\.env
Archivo .env encontrado en: C:\Users\spena\Desktop\AutomationYamlAndJson\AutomationYamlAndJsonMultiple\yaml-validator\..\.env
Token encontrado en archivo .env: ../.env
Conexión a GitLab establecida correctamente
Conexión establecida correctamente al repositorio: confuturo_ti/servicios-rentas/electronic-dispatch
  Dado que tengo acceso al repositorio 'confuturo_ti/servicios-rentas/electronic-dispatch' # com.confuturo.steps.YamlValidationSteps.queAccesoAlRepositorio(java.lang.String)
Intentando leer archivo YAML: src/backend/helm/prod-values-gke.yaml del proyecto: confuturo_ti/servicios-rentas/electronic-dispatch
Proyecto encontrado con ID: 45045716
Intentando obtener archivo de la rama: develop
Archivo encontrado en la rama: develop
Contenido YAML guardado en 'gitlab-yaml-content.txt'
=== CONTENIDO YAML ORIGINAL ===
Longitud: 1972 caracteres
Primeras 300 caracteres:
replicaCount: 1

image:
  repository: confuturocloud/electronic-dispatch-backend
  pullPolicy: IfNotPresent
  tag: "latest"

imagePullSecrets: 
  - name: confuturo-registry

nameOverride: ""
fullnameOverride: ""

serviceAccount:
  create: true
  annotations: {}
  name: ""

configmap:
  name: electro
=== FIN DEL CONTENIDO ORIGINAL ===
=== PROCESO DE LIMPIEZA DE COMENTARIOS YAML ===
Líneas originales: 72
Líneas procesadas: 72
Comentarios eliminados: 0
=== FIN DEL PROCESO DE LIMPIEZA ===
YAML limpio guardado en 'cleaned-yaml-content.txt'
Longitud después de limpieza: 1973 caracteres
YAML limpio parseado correctamente
  Cuando leo el archivo 'src/backend/helm/prod-values-gke.yaml'                            # com.confuturo.steps.YamlValidationSteps.leoElArchivo(java.lang.String)

============================================================
🔍 VERIFICANDO QUE NO EXISTA LA PALABRA EXACTA
============================================================
🎯 Palabra EXACTA que NO debe existir: 'qa'
📝 Nota: Búsqueda realizada en contenido SIN comentarios
Longitud del contenido a buscar: 1973
Usando contenido: LIMPIO (sin comentarios)
¿Contiene 'qa' con búsqueda simple? false
Aplicando 9 patrones de búsqueda...
¿Palabra EXACTA encontrada? false
Total de contextos únicos: 0
✓ Correcto: La palabra EXACTA 'qa' NO fue encontrada como término independiente
ℹ Confirmado: La secuencia 'qa' no aparece en absoluto en el archivo
  Entonces el archivo Yaml NO debe contener la palabra "qa"                                # com.confuturo.steps.YamlValidationSteps.elArchivoYamlNoDebeContenerLaPalabra(java.lang.String)

===== ESCENARIO EXITOSO =====
Nombre: El archivo YAML debe tener la configuración de servicios correcta

===== ESCENARIO EXITOSO =====
Nombre: El archivo YAML debe tener la configuración de servicios correcta
]]></system-out>
  </testcase>
  <testcase name="El archivo YAML debe tener la configuración de servicios correcta #37" classname="Validación de configuración de archivo json en ambiente de Produccion #2" time="1.229">
    <system-out><![CDATA[
@yaml-prod
Escenario: El archivo YAML debe tener la configuración de servicios correcta               # src/test/resources/features/yaml-validation_prod.feature:52

===== INICIANDO ESCENARIO =====
Nombre: El archivo YAML debe tener la configuración de servicios correcta

===== INICIANDO ESCENARIO =====
Nombre: El archivo YAML debe tener la configuración de servicios correcta
Conectando al repositorio: confuturo_ti/servicios-rentas/electronic-dispatch
Buscando token en archivo .env...
Comprobando archivo .env en: C:\Users\spena\Desktop\AutomationYamlAndJson\AutomationYamlAndJsonMultiple\yaml-validator\.env
Comprobando archivo .env en: C:\Users\spena\Desktop\AutomationYamlAndJson\AutomationYamlAndJsonMultiple\yaml-validator\..\.env
Archivo .env encontrado en: C:\Users\spena\Desktop\AutomationYamlAndJson\AutomationYamlAndJsonMultiple\yaml-validator\..\.env
Token encontrado en archivo .env: ../.env
Conexión a GitLab establecida correctamente
Conexión establecida correctamente al repositorio: confuturo_ti/servicios-rentas/electronic-dispatch
  Dado que tengo acceso al repositorio 'confuturo_ti/servicios-rentas/electronic-dispatch' # com.confuturo.steps.YamlValidationSteps.queAccesoAlRepositorio(java.lang.String)
Intentando leer archivo YAML: src/front/helm/prod-values-gke.yaml del proyecto: confuturo_ti/servicios-rentas/electronic-dispatch
Proyecto encontrado con ID: 45045716
Intentando obtener archivo de la rama: develop
Archivo encontrado en la rama: develop
Contenido YAML guardado en 'gitlab-yaml-content.txt'
=== CONTENIDO YAML ORIGINAL ===
Longitud: 807 caracteres
Primeras 300 caracteres:
replicaCount: 1

image:
  repository: confuturocloud/electronic-dispatch-frontend
  pullPolicy: IfNotPresent
  tag: "latest"

imagePullSecrets: 
  - name: confuturo-registry

nameOverride: ""
fullnameOverride: ""

serviceAccount:
  create: true
  annotations: {}
  name: ""

configmap: {}

service:
 
=== FIN DEL CONTENIDO ORIGINAL ===
=== PROCESO DE LIMPIEZA DE COMENTARIOS YAML ===
Líneas originales: 46
Líneas procesadas: 46
Comentarios eliminados: 0
=== FIN DEL PROCESO DE LIMPIEZA ===
YAML limpio guardado en 'cleaned-yaml-content.txt'
Longitud después de limpieza: 807 caracteres
YAML limpio parseado correctamente
  Cuando leo el archivo 'src/front/helm/prod-values-gke.yaml'                              # com.confuturo.steps.YamlValidationSteps.leoElArchivo(java.lang.String)

============================================================
🔍 VERIFICANDO QUE NO EXISTA LA PALABRA EXACTA
============================================================
🎯 Palabra EXACTA que NO debe existir: 'qa'
📝 Nota: Búsqueda realizada en contenido SIN comentarios
Longitud del contenido a buscar: 807
Usando contenido: LIMPIO (sin comentarios)
¿Contiene 'qa' con búsqueda simple? false
Aplicando 9 patrones de búsqueda...
¿Palabra EXACTA encontrada? false
Total de contextos únicos: 0
✓ Correcto: La palabra EXACTA 'qa' NO fue encontrada como término independiente
ℹ Confirmado: La secuencia 'qa' no aparece en absoluto en el archivo
  Entonces el archivo Yaml NO debe contener la palabra "qa"                                # com.confuturo.steps.YamlValidationSteps.elArchivoYamlNoDebeContenerLaPalabra(java.lang.String)

===== ESCENARIO EXITOSO =====
Nombre: El archivo YAML debe tener la configuración de servicios correcta

===== ESCENARIO EXITOSO =====
Nombre: El archivo YAML debe tener la configuración de servicios correcta
]]></system-out>
  </testcase>
  <testcase name="El archivo YAML debe tener la configuración de servicios correcta #38" classname="Validación de configuración de archivo json en ambiente de Produccion #2" time="1.491">
    <system-out><![CDATA[
@yaml-prod
Escenario: El archivo YAML debe tener la configuración de servicios correcta    # src/test/resources/features/yaml-validation_prod.feature:53

===== INICIANDO ESCENARIO =====
Nombre: El archivo YAML debe tener la configuración de servicios correcta

===== INICIANDO ESCENARIO =====
Nombre: El archivo YAML debe tener la configuración de servicios correcta
Conectando al repositorio: confuturo_ti/mailing/front-fidelizador
Buscando token en archivo .env...
Comprobando archivo .env en: C:\Users\spena\Desktop\AutomationYamlAndJson\AutomationYamlAndJsonMultiple\yaml-validator\.env
Comprobando archivo .env en: C:\Users\spena\Desktop\AutomationYamlAndJson\AutomationYamlAndJsonMultiple\yaml-validator\..\.env
Archivo .env encontrado en: C:\Users\spena\Desktop\AutomationYamlAndJson\AutomationYamlAndJsonMultiple\yaml-validator\..\.env
Token encontrado en archivo .env: ../.env
Conexión a GitLab establecida correctamente
Conexión establecida correctamente al repositorio: confuturo_ti/mailing/front-fidelizador
  Dado que tengo acceso al repositorio 'confuturo_ti/mailing/front-fidelizador' # com.confuturo.steps.YamlValidationSteps.queAccesoAlRepositorio(java.lang.String)
Intentando leer archivo YAML: helm/prod-values-gke.yaml del proyecto: confuturo_ti/mailing/front-fidelizador
Proyecto encontrado con ID: 27972233
Intentando obtener archivo de la rama: develop
Archivo encontrado en la rama: develop
Contenido YAML guardado en 'gitlab-yaml-content.txt'
=== CONTENIDO YAML ORIGINAL ===
Longitud: 901 caracteres
Primeras 300 caracteres:
replicaCount: 1

image:
  repository: confuturocloud/front-fidelizador
  pullPolicy: IfNotPresent
  tag: "latest"

imagePullSecrets:
  - name: confuturo-registry

nameOverride: ""
fullnameOverride: ""

serviceAccount:
  create: true
  annotations: {}
  name: ""

podAnnotations: {}

podSecurityContex
=== FIN DEL CONTENIDO ORIGINAL ===
=== PROCESO DE LIMPIEZA DE COMENTARIOS YAML ===
Líneas originales: 52
Líneas procesadas: 52
Comentarios eliminados: 0
=== FIN DEL PROCESO DE LIMPIEZA ===
YAML limpio guardado en 'cleaned-yaml-content.txt'
Longitud después de limpieza: 901 caracteres
YAML limpio parseado correctamente
  Cuando leo el archivo 'helm/prod-values-gke.yaml'                             # com.confuturo.steps.YamlValidationSteps.leoElArchivo(java.lang.String)

============================================================
🔍 VERIFICANDO QUE NO EXISTA LA PALABRA EXACTA
============================================================
🎯 Palabra EXACTA que NO debe existir: 'qa'
📝 Nota: Búsqueda realizada en contenido SIN comentarios
Longitud del contenido a buscar: 901
Usando contenido: LIMPIO (sin comentarios)
¿Contiene 'qa' con búsqueda simple? false
Aplicando 9 patrones de búsqueda...
¿Palabra EXACTA encontrada? false
Total de contextos únicos: 0
✓ Correcto: La palabra EXACTA 'qa' NO fue encontrada como término independiente
ℹ Confirmado: La secuencia 'qa' no aparece en absoluto en el archivo
  Entonces el archivo Yaml NO debe contener la palabra "qa"                     # com.confuturo.steps.YamlValidationSteps.elArchivoYamlNoDebeContenerLaPalabra(java.lang.String)

===== ESCENARIO EXITOSO =====
Nombre: El archivo YAML debe tener la configuración de servicios correcta

===== ESCENARIO EXITOSO =====
Nombre: El archivo YAML debe tener la configuración de servicios correcta
]]></system-out>
  </testcase>
  <testcase name="El archivo YAML debe tener la configuración de servicios correcta #39" classname="Validación de configuración de archivo json en ambiente de Produccion #2" time="1.154">
    <system-out><![CDATA[
@yaml-prod
Escenario: El archivo YAML debe tener la configuración de servicios correcta                  # src/test/resources/features/yaml-validation_prod.feature:54

===== INICIANDO ESCENARIO =====
Nombre: El archivo YAML debe tener la configuración de servicios correcta

===== INICIANDO ESCENARIO =====
Nombre: El archivo YAML debe tener la configuración de servicios correcta
Conectando al repositorio: confuturo_ti/portales-internos/front-hechos-atencion
Buscando token en archivo .env...
Comprobando archivo .env en: C:\Users\spena\Desktop\AutomationYamlAndJson\AutomationYamlAndJsonMultiple\yaml-validator\.env
Comprobando archivo .env en: C:\Users\spena\Desktop\AutomationYamlAndJson\AutomationYamlAndJsonMultiple\yaml-validator\..\.env
Archivo .env encontrado en: C:\Users\spena\Desktop\AutomationYamlAndJson\AutomationYamlAndJsonMultiple\yaml-validator\..\.env
Token encontrado en archivo .env: ../.env
Conexión a GitLab establecida correctamente
Conexión establecida correctamente al repositorio: confuturo_ti/portales-internos/front-hechos-atencion
  Dado que tengo acceso al repositorio 'confuturo_ti/portales-internos/front-hechos-atencion' # com.confuturo.steps.YamlValidationSteps.queAccesoAlRepositorio(java.lang.String)
Intentando leer archivo YAML: helm/prod-values-gke.yaml del proyecto: confuturo_ti/portales-internos/front-hechos-atencion
Proyecto encontrado con ID: 30290621
Intentando obtener archivo de la rama: develop
Archivo encontrado en la rama: develop
Contenido YAML guardado en 'gitlab-yaml-content.txt'
=== CONTENIDO YAML ORIGINAL ===
Longitud: 884 caracteres
Primeras 300 caracteres:
replicaCount: 1

image:
  repository: confuturocloud/front-hechos-atencion
  pullPolicy: IfNotPresent
  tag: "latest"

imagePullSecrets:
  - name: confuturo-registry
nameOverride: ""
fullnameOverride: ""

serviceAccount:
  create: true
  annotations: {}
  name: ""

podAnnotations: {}

podSecurityCon
=== FIN DEL CONTENIDO ORIGINAL ===
=== PROCESO DE LIMPIEZA DE COMENTARIOS YAML ===
Líneas originales: 51
Líneas procesadas: 51
Comentarios eliminados: 0
=== FIN DEL PROCESO DE LIMPIEZA ===
YAML limpio guardado en 'cleaned-yaml-content.txt'
Longitud después de limpieza: 884 caracteres
YAML limpio parseado correctamente
  Cuando leo el archivo 'helm/prod-values-gke.yaml'                                           # com.confuturo.steps.YamlValidationSteps.leoElArchivo(java.lang.String)

============================================================
🔍 VERIFICANDO QUE NO EXISTA LA PALABRA EXACTA
============================================================
🎯 Palabra EXACTA que NO debe existir: 'qa'
📝 Nota: Búsqueda realizada en contenido SIN comentarios
Longitud del contenido a buscar: 884
Usando contenido: LIMPIO (sin comentarios)
¿Contiene 'qa' con búsqueda simple? false
Aplicando 9 patrones de búsqueda...
¿Palabra EXACTA encontrada? false
Total de contextos únicos: 0
✓ Correcto: La palabra EXACTA 'qa' NO fue encontrada como término independiente
ℹ Confirmado: La secuencia 'qa' no aparece en absoluto en el archivo
  Entonces el archivo Yaml NO debe contener la palabra "qa"                                   # com.confuturo.steps.YamlValidationSteps.elArchivoYamlNoDebeContenerLaPalabra(java.lang.String)

===== ESCENARIO EXITOSO =====
Nombre: El archivo YAML debe tener la configuración de servicios correcta

===== ESCENARIO EXITOSO =====
Nombre: El archivo YAML debe tener la configuración de servicios correcta
]]></system-out>
  </testcase>
  <testcase name="El archivo YAML debe tener la configuración de servicios correcta #40" classname="Validación de configuración de archivo json en ambiente de Produccion #2" time="1.468">
    <system-out><![CDATA[
@yaml-prod
Escenario: El archivo YAML debe tener la configuración de servicios correcta                        # src/test/resources/features/yaml-validation_prod.feature:55

===== INICIANDO ESCENARIO =====
Nombre: El archivo YAML debe tener la configuración de servicios correcta

===== INICIANDO ESCENARIO =====
Nombre: El archivo YAML debe tener la configuración de servicios correcta
Conectando al repositorio: confuturo_ti/sucursalvirtual/front-office-identity-adapter
Buscando token en archivo .env...
Comprobando archivo .env en: C:\Users\spena\Desktop\AutomationYamlAndJson\AutomationYamlAndJsonMultiple\yaml-validator\.env
Comprobando archivo .env en: C:\Users\spena\Desktop\AutomationYamlAndJson\AutomationYamlAndJsonMultiple\yaml-validator\..\.env
Archivo .env encontrado en: C:\Users\spena\Desktop\AutomationYamlAndJson\AutomationYamlAndJsonMultiple\yaml-validator\..\.env
Token encontrado en archivo .env: ../.env
Conexión a GitLab establecida correctamente
Conexión establecida correctamente al repositorio: confuturo_ti/sucursalvirtual/front-office-identity-adapter
  Dado que tengo acceso al repositorio 'confuturo_ti/sucursalvirtual/front-office-identity-adapter' # com.confuturo.steps.YamlValidationSteps.queAccesoAlRepositorio(java.lang.String)
Intentando leer archivo YAML: helm/prod-values-gke.yaml del proyecto: confuturo_ti/sucursalvirtual/front-office-identity-adapter
Proyecto encontrado con ID: 22471832
Intentando obtener archivo de la rama: develop
Archivo encontrado en la rama: develop
Contenido YAML guardado en 'gitlab-yaml-content.txt'
=== CONTENIDO YAML ORIGINAL ===
Longitud: 1546 caracteres
Primeras 300 caracteres:
replicaCount: 1

image:
  repository: confuturocloud/front-office-identity-adapter
  pullPolicy: IfNotPresent
  name: front-office-identity-adapter
  tag: "latest"

configmap: 
  name: confuturo-frontofficeidentityadapter
  data:
    ASPNETCORE_ENVIRONMENT: "prod"
    Logging__GELF__Host: "192.168.1
=== FIN DEL CONTENIDO ORIGINAL ===
=== PROCESO DE LIMPIEZA DE COMENTARIOS YAML ===
Líneas originales: 66
Líneas procesadas: 66
Comentarios eliminados: 0
=== FIN DEL PROCESO DE LIMPIEZA ===
YAML limpio guardado en 'cleaned-yaml-content.txt'
Longitud después de limpieza: 1547 caracteres
YAML limpio parseado correctamente
  Cuando leo el archivo 'helm/prod-values-gke.yaml'                                                 # com.confuturo.steps.YamlValidationSteps.leoElArchivo(java.lang.String)

============================================================
🔍 VERIFICANDO QUE NO EXISTA LA PALABRA EXACTA
============================================================
🎯 Palabra EXACTA que NO debe existir: 'qa'
📝 Nota: Búsqueda realizada en contenido SIN comentarios
Longitud del contenido a buscar: 1547
Usando contenido: LIMPIO (sin comentarios)
¿Contiene 'qa' con búsqueda simple? false
Aplicando 9 patrones de búsqueda...
¿Palabra EXACTA encontrada? false
Total de contextos únicos: 0
✓ Correcto: La palabra EXACTA 'qa' NO fue encontrada como término independiente
ℹ Confirmado: La secuencia 'qa' no aparece en absoluto en el archivo
  Entonces el archivo Yaml NO debe contener la palabra "qa"                                         # com.confuturo.steps.YamlValidationSteps.elArchivoYamlNoDebeContenerLaPalabra(java.lang.String)

===== ESCENARIO EXITOSO =====
Nombre: El archivo YAML debe tener la configuración de servicios correcta

===== ESCENARIO EXITOSO =====
Nombre: El archivo YAML debe tener la configuración de servicios correcta
]]></system-out>
  </testcase>
  <testcase name="El archivo YAML debe tener la configuración de servicios correcta #41" classname="Validación de configuración de archivo json en ambiente de Produccion #2" time="0.981">
    <system-out><![CDATA[
@yaml-prod
Escenario: El archivo YAML debe tener la configuración de servicios correcta                 # src/test/resources/features/yaml-validation_prod.feature:56

===== INICIANDO ESCENARIO =====
Nombre: El archivo YAML debe tener la configuración de servicios correcta

===== INICIANDO ESCENARIO =====
Nombre: El archivo YAML debe tener la configuración de servicios correcta
Conectando al repositorio: confuturo_ti/servicios-rentas/front-payroll-payment
Buscando token en archivo .env...
Comprobando archivo .env en: C:\Users\spena\Desktop\AutomationYamlAndJson\AutomationYamlAndJsonMultiple\yaml-validator\.env
Comprobando archivo .env en: C:\Users\spena\Desktop\AutomationYamlAndJson\AutomationYamlAndJsonMultiple\yaml-validator\..\.env
Archivo .env encontrado en: C:\Users\spena\Desktop\AutomationYamlAndJson\AutomationYamlAndJsonMultiple\yaml-validator\..\.env
Token encontrado en archivo .env: ../.env
Conexión a GitLab establecida correctamente
Conexión establecida correctamente al repositorio: confuturo_ti/servicios-rentas/front-payroll-payment
  Dado que tengo acceso al repositorio 'confuturo_ti/servicios-rentas/front-payroll-payment' # com.confuturo.steps.YamlValidationSteps.queAccesoAlRepositorio(java.lang.String)
Intentando leer archivo YAML: helm/prod-values-gke.yaml del proyecto: confuturo_ti/servicios-rentas/front-payroll-payment
Proyecto encontrado con ID: 60243362
Intentando obtener archivo de la rama: develop
Archivo encontrado en la rama: develop
Contenido YAML guardado en 'gitlab-yaml-content.txt'
=== CONTENIDO YAML ORIGINAL ===
Longitud: 905 caracteres
Primeras 300 caracteres:
replicaCount: 1

image:
  repository: confuturocloud/front-payroll-payment
  tag: "latest"

imagePullSecrets:
  - name: confuturo-registry

nameOverride: ""
fullnameOverride: ""

serviceAccount:
  create: true
  annotations: {}
  name: ""

podAnnotations: {}

podSecurityContext: {
=== FIN DEL CONTENIDO ORIGINAL ===
=== PROCESO DE LIMPIEZA DE COMENTARIOS YAML ===
Líneas originales: 51
Líneas procesadas: 51
Comentarios eliminados: 0
=== FIN DEL PROCESO DE LIMPIEZA ===
YAML limpio guardado en 'cleaned-yaml-content.txt'
Longitud después de limpieza: 906 caracteres
YAML limpio parseado correctamente
  Cuando leo el archivo 'helm/prod-values-gke.yaml'                                          # com.confuturo.steps.YamlValidationSteps.leoElArchivo(java.lang.String)

============================================================
🔍 VERIFICANDO QUE NO EXISTA LA PALABRA EXACTA
============================================================
🎯 Palabra EXACTA que NO debe existir: 'qa'
📝 Nota: Búsqueda realizada en contenido SIN comentarios
Longitud del contenido a buscar: 906
Usando contenido: LIMPIO (sin comentarios)
¿Contiene 'qa' con búsqueda simple? false
Aplicando 9 patrones de búsqueda...
¿Palabra EXACTA encontrada? false
Total de contextos únicos: 0
✓ Correcto: La palabra EXACTA 'qa' NO fue encontrada como término independiente
ℹ Confirmado: La secuencia 'qa' no aparece en absoluto en el archivo
  Entonces el archivo Yaml NO debe contener la palabra "qa"                                  # com.confuturo.steps.YamlValidationSteps.elArchivoYamlNoDebeContenerLaPalabra(java.lang.String)

===== ESCENARIO EXITOSO =====
Nombre: El archivo YAML debe tener la configuración de servicios correcta

===== ESCENARIO EXITOSO =====
Nombre: El archivo YAML debe tener la configuración de servicios correcta
]]></system-out>
  </testcase>
  <testcase name="El archivo YAML debe tener la configuración de servicios correcta #42" classname="Validación de configuración de archivo json en ambiente de Produccion #2" time="1.009">
    <system-out><![CDATA[
@yaml-prod
Escenario: El archivo YAML debe tener la configuración de servicios correcta                                                 # src/test/resources/features/yaml-validation_prod.feature:57

===== INICIANDO ESCENARIO =====
Nombre: El archivo YAML debe tener la configuración de servicios correcta

===== INICIANDO ESCENARIO =====
Nombre: El archivo YAML debe tener la configuración de servicios correcta
Conectando al repositorio: confuturo_ti/portales-internos/portal-de-intermediarios/front-portal-intermediarios
Buscando token en archivo .env...
Comprobando archivo .env en: C:\Users\spena\Desktop\AutomationYamlAndJson\AutomationYamlAndJsonMultiple\yaml-validator\.env
Comprobando archivo .env en: C:\Users\spena\Desktop\AutomationYamlAndJson\AutomationYamlAndJsonMultiple\yaml-validator\..\.env
Archivo .env encontrado en: C:\Users\spena\Desktop\AutomationYamlAndJson\AutomationYamlAndJsonMultiple\yaml-validator\..\.env
Token encontrado en archivo .env: ../.env
Conexión a GitLab establecida correctamente
Conexión establecida correctamente al repositorio: confuturo_ti/portales-internos/portal-de-intermediarios/front-portal-intermediarios
  Dado que tengo acceso al repositorio 'confuturo_ti/portales-internos/portal-de-intermediarios/front-portal-intermediarios' # com.confuturo.steps.YamlValidationSteps.queAccesoAlRepositorio(java.lang.String)
Intentando leer archivo YAML: helm/prod-values-gke.yaml del proyecto: confuturo_ti/portales-internos/portal-de-intermediarios/front-portal-intermediarios
Proyecto encontrado con ID: 41891084
Intentando obtener archivo de la rama: develop
Archivo encontrado en la rama: develop
Contenido YAML guardado en 'gitlab-yaml-content.txt'
=== CONTENIDO YAML ORIGINAL ===
Longitud: 988 caracteres
Primeras 300 caracteres:
replicaCount: 1

image:
  repository: confuturocloud/front-portal-intermediarios
  tag: "latest"

imagePullSecrets:
  - name: confuturo-registry

nameOverride: ""
fullnameOverride: ""

serviceAccount:
  create: true
  annotations: {}
  name: ""

configmap:
  name: front-portal-intermediarios
  data:
=== FIN DEL CONTENIDO ORIGINAL ===
=== PROCESO DE LIMPIEZA DE COMENTARIOS YAML ===
Líneas originales: 67
Líneas procesadas: 67
Comentarios eliminados: 0
=== FIN DEL PROCESO DE LIMPIEZA ===
YAML limpio guardado en 'cleaned-yaml-content.txt'
Longitud después de limpieza: 988 caracteres
YAML limpio parseado correctamente
  Cuando leo el archivo 'helm/prod-values-gke.yaml'                                                                          # com.confuturo.steps.YamlValidationSteps.leoElArchivo(java.lang.String)

============================================================
🔍 VERIFICANDO QUE NO EXISTA LA PALABRA EXACTA
============================================================
🎯 Palabra EXACTA que NO debe existir: 'qa'
📝 Nota: Búsqueda realizada en contenido SIN comentarios
Longitud del contenido a buscar: 988
Usando contenido: LIMPIO (sin comentarios)
¿Contiene 'qa' con búsqueda simple? false
Aplicando 9 patrones de búsqueda...
¿Palabra EXACTA encontrada? false
Total de contextos únicos: 0
✓ Correcto: La palabra EXACTA 'qa' NO fue encontrada como término independiente
ℹ Confirmado: La secuencia 'qa' no aparece en absoluto en el archivo
  Entonces el archivo Yaml NO debe contener la palabra "qa"                                                                  # com.confuturo.steps.YamlValidationSteps.elArchivoYamlNoDebeContenerLaPalabra(java.lang.String)

===== ESCENARIO EXITOSO =====
Nombre: El archivo YAML debe tener la configuración de servicios correcta

===== ESCENARIO EXITOSO =====
Nombre: El archivo YAML debe tener la configuración de servicios correcta
]]></system-out>
  </testcase>
  <testcase name="El archivo YAML debe tener la configuración de servicios correcta #43" classname="Validación de configuración de archivo json en ambiente de Produccion #2" time="1.868">
    <system-out><![CDATA[
@yaml-prod
Escenario: El archivo YAML debe tener la configuración de servicios correcta              # src/test/resources/features/yaml-validation_prod.feature:58

===== INICIANDO ESCENARIO =====
Nombre: El archivo YAML debe tener la configuración de servicios correcta

===== INICIANDO ESCENARIO =====
Nombre: El archivo YAML debe tener la configuración de servicios correcta
Conectando al repositorio: confuturo_ti/portal-privado/front-portal-privado
Buscando token en archivo .env...
Comprobando archivo .env en: C:\Users\spena\Desktop\AutomationYamlAndJson\AutomationYamlAndJsonMultiple\yaml-validator\.env
Comprobando archivo .env en: C:\Users\spena\Desktop\AutomationYamlAndJson\AutomationYamlAndJsonMultiple\yaml-validator\..\.env
Archivo .env encontrado en: C:\Users\spena\Desktop\AutomationYamlAndJson\AutomationYamlAndJsonMultiple\yaml-validator\..\.env
Token encontrado en archivo .env: ../.env
Conexión a GitLab establecida correctamente
Conexión establecida correctamente al repositorio: confuturo_ti/portal-privado/front-portal-privado
  Dado que tengo acceso al repositorio 'confuturo_ti/portal-privado/front-portal-privado' # com.confuturo.steps.YamlValidationSteps.queAccesoAlRepositorio(java.lang.String)
Intentando leer archivo YAML: helm/prod-values-gke.yaml del proyecto: confuturo_ti/portal-privado/front-portal-privado
Proyecto encontrado con ID: 30168538
Intentando obtener archivo de la rama: develop
Archivo encontrado en la rama: develop
Contenido YAML guardado en 'gitlab-yaml-content.txt'
=== CONTENIDO YAML ORIGINAL ===
Longitud: 1061 caracteres
Primeras 300 caracteres:
replicaCount: 1

image:
  repository: confuturocloud/front-portal-privado
  tag: "latest"

imagePullSecrets:
- name: confuturo-registry

nameOverride: ""
fullnameOverride: ""

serviceAccount:
  create: true
  annotations: {}
  name: ""

podAnnotations: {}

service:
  type: ClusterIP
  port: 80
  ann
=== FIN DEL CONTENIDO ORIGINAL ===
=== PROCESO DE LIMPIEZA DE COMENTARIOS YAML ===
Líneas originales: 53
Líneas procesadas: 53
Comentarios eliminados: 0
=== FIN DEL PROCESO DE LIMPIEZA ===
YAML limpio guardado en 'cleaned-yaml-content.txt'
Longitud después de limpieza: 1062 caracteres
YAML limpio parseado correctamente
  Cuando leo el archivo 'helm/prod-values-gke.yaml'                                       # com.confuturo.steps.YamlValidationSteps.leoElArchivo(java.lang.String)

============================================================
🔍 VERIFICANDO QUE NO EXISTA LA PALABRA EXACTA
============================================================
🎯 Palabra EXACTA que NO debe existir: 'qa'
📝 Nota: Búsqueda realizada en contenido SIN comentarios
Longitud del contenido a buscar: 1062
Usando contenido: LIMPIO (sin comentarios)
¿Contiene 'qa' con búsqueda simple? false
Aplicando 9 patrones de búsqueda...
¿Palabra EXACTA encontrada? false
Total de contextos únicos: 0
✓ Correcto: La palabra EXACTA 'qa' NO fue encontrada como término independiente
ℹ Confirmado: La secuencia 'qa' no aparece en absoluto en el archivo
  Entonces el archivo Yaml NO debe contener la palabra "qa"                               # com.confuturo.steps.YamlValidationSteps.elArchivoYamlNoDebeContenerLaPalabra(java.lang.String)

===== ESCENARIO EXITOSO =====
Nombre: El archivo YAML debe tener la configuración de servicios correcta

===== ESCENARIO EXITOSO =====
Nombre: El archivo YAML debe tener la configuración de servicios correcta
]]></system-out>
  </testcase>
  <testcase name="El archivo YAML debe tener la configuración de servicios correcta #44" classname="Validación de configuración de archivo json en ambiente de Produccion #2" time="1.648">
    <system-out><![CDATA[
@yaml-prod
Escenario: El archivo YAML debe tener la configuración de servicios correcta                                          # src/test/resources/features/yaml-validation_prod.feature:59

===== INICIANDO ESCENARIO =====
Nombre: El archivo YAML debe tener la configuración de servicios correcta

===== INICIANDO ESCENARIO =====
Nombre: El archivo YAML debe tener la configuración de servicios correcta
Conectando al repositorio: confuturo_ti/portales-internos/transaction-manager/front-transaction-manager
Buscando token en archivo .env...
Comprobando archivo .env en: C:\Users\spena\Desktop\AutomationYamlAndJson\AutomationYamlAndJsonMultiple\yaml-validator\.env
Comprobando archivo .env en: C:\Users\spena\Desktop\AutomationYamlAndJson\AutomationYamlAndJsonMultiple\yaml-validator\..\.env
Archivo .env encontrado en: C:\Users\spena\Desktop\AutomationYamlAndJson\AutomationYamlAndJsonMultiple\yaml-validator\..\.env
Token encontrado en archivo .env: ../.env
Conexión a GitLab establecida correctamente
Conexión establecida correctamente al repositorio: confuturo_ti/portales-internos/transaction-manager/front-transaction-manager
  Dado que tengo acceso al repositorio 'confuturo_ti/portales-internos/transaction-manager/front-transaction-manager' # com.confuturo.steps.YamlValidationSteps.queAccesoAlRepositorio(java.lang.String)
Intentando leer archivo YAML: helm/prod-values-gke.yaml del proyecto: confuturo_ti/portales-internos/transaction-manager/front-transaction-manager
Proyecto encontrado con ID: 61972479
Intentando obtener archivo de la rama: develop
Archivo encontrado en la rama: develop
Contenido YAML guardado en 'gitlab-yaml-content.txt'
=== CONTENIDO YAML ORIGINAL ===
Longitud: 906 caracteres
Primeras 300 caracteres:
replicaCount: 1

image:
  repository: confuturocloud/front-transaction-manager
  tag: "latest"

imagePullSecrets:
  - name: confuturo-registry

nameOverride: ""
fullnameOverride: ""

serviceAccount:
  create: true
  annotations: {}
  name: ""

podAnnotations: {}

service:
  type:
=== FIN DEL CONTENIDO ORIGINAL ===
=== PROCESO DE LIMPIEZA DE COMENTARIOS YAML ===
Líneas originales: 61
Líneas procesadas: 61
Comentarios eliminados: 0
=== FIN DEL PROCESO DE LIMPIEZA ===
YAML limpio guardado en 'cleaned-yaml-content.txt'
Longitud después de limpieza: 906 caracteres
YAML limpio parseado correctamente
  Cuando leo el archivo 'helm/prod-values-gke.yaml'                                                                   # com.confuturo.steps.YamlValidationSteps.leoElArchivo(java.lang.String)

============================================================
🔍 VERIFICANDO QUE NO EXISTA LA PALABRA EXACTA
============================================================
🎯 Palabra EXACTA que NO debe existir: 'qa'
📝 Nota: Búsqueda realizada en contenido SIN comentarios
Longitud del contenido a buscar: 906
Usando contenido: LIMPIO (sin comentarios)
¿Contiene 'qa' con búsqueda simple? false
Aplicando 9 patrones de búsqueda...
¿Palabra EXACTA encontrada? false
Total de contextos únicos: 0
✓ Correcto: La palabra EXACTA 'qa' NO fue encontrada como término independiente
ℹ Confirmado: La secuencia 'qa' no aparece en absoluto en el archivo
  Entonces el archivo Yaml NO debe contener la palabra "qa"                                                           # com.confuturo.steps.YamlValidationSteps.elArchivoYamlNoDebeContenerLaPalabra(java.lang.String)

===== ESCENARIO EXITOSO =====
Nombre: El archivo YAML debe tener la configuración de servicios correcta

===== ESCENARIO EXITOSO =====
Nombre: El archivo YAML debe tener la configuración de servicios correcta
]]></system-out>
  </testcase>
  <testcase name="El archivo YAML debe tener la configuración de servicios correcta #45" classname="Validación de configuración de archivo json en ambiente de Produccion #2" time="1.158">
    <system-out><![CDATA[
@yaml-prod
Escenario: El archivo YAML debe tener la configuración de servicios correcta # src/test/resources/features/yaml-validation_prod.feature:60

===== INICIANDO ESCENARIO =====
Nombre: El archivo YAML debe tener la configuración de servicios correcta

===== INICIANDO ESCENARIO =====
Nombre: El archivo YAML debe tener la configuración de servicios correcta
Conectando al repositorio: confuturo_ti/aps/frontend-aps
Buscando token en archivo .env...
Comprobando archivo .env en: C:\Users\spena\Desktop\AutomationYamlAndJson\AutomationYamlAndJsonMultiple\yaml-validator\.env
Comprobando archivo .env en: C:\Users\spena\Desktop\AutomationYamlAndJson\AutomationYamlAndJsonMultiple\yaml-validator\..\.env
Archivo .env encontrado en: C:\Users\spena\Desktop\AutomationYamlAndJson\AutomationYamlAndJsonMultiple\yaml-validator\..\.env
Token encontrado en archivo .env: ../.env
Conexión a GitLab establecida correctamente
Conexión establecida correctamente al repositorio: confuturo_ti/aps/frontend-aps
  Dado que tengo acceso al repositorio 'confuturo_ti/aps/frontend-aps'       # com.confuturo.steps.YamlValidationSteps.queAccesoAlRepositorio(java.lang.String)
Intentando leer archivo YAML: helm/prod-values-gke.yaml del proyecto: confuturo_ti/aps/frontend-aps
Proyecto encontrado con ID: 31454549
Intentando obtener archivo de la rama: develop
Archivo encontrado en la rama: develop
Contenido YAML guardado en 'gitlab-yaml-content.txt'
=== CONTENIDO YAML ORIGINAL ===
Longitud: 1057 caracteres
Primeras 300 caracteres:
replicaCount: 1

image:
  repository: confuturocloud/frontend-aps
  pullPolicy: IfNotPresent
  tag: "latest"

imagePullSecrets:
  - name: confuturo-registry
nameOverride: ""
fullnameOverride: ""

serviceAccount:
  create: true
  annotations: {}
  name: ""

podAnnotations: {}

service:
  type: Cluste
=== FIN DEL CONTENIDO ORIGINAL ===
=== PROCESO DE LIMPIEZA DE COMENTARIOS YAML ===
Líneas originales: 58
Líneas procesadas: 58
Comentarios eliminados: 0
=== FIN DEL PROCESO DE LIMPIEZA ===
YAML limpio guardado en 'cleaned-yaml-content.txt'
Longitud después de limpieza: 1058 caracteres
YAML limpio parseado correctamente
  Cuando leo el archivo 'helm/prod-values-gke.yaml'                          # com.confuturo.steps.YamlValidationSteps.leoElArchivo(java.lang.String)

============================================================
🔍 VERIFICANDO QUE NO EXISTA LA PALABRA EXACTA
============================================================
🎯 Palabra EXACTA que NO debe existir: 'qa'
📝 Nota: Búsqueda realizada en contenido SIN comentarios
Longitud del contenido a buscar: 1058
Usando contenido: LIMPIO (sin comentarios)
¿Contiene 'qa' con búsqueda simple? false
Aplicando 9 patrones de búsqueda...
¿Palabra EXACTA encontrada? false
Total de contextos únicos: 0
✓ Correcto: La palabra EXACTA 'qa' NO fue encontrada como término independiente
ℹ Confirmado: La secuencia 'qa' no aparece en absoluto en el archivo
  Entonces el archivo Yaml NO debe contener la palabra "qa"                  # com.confuturo.steps.YamlValidationSteps.elArchivoYamlNoDebeContenerLaPalabra(java.lang.String)

===== ESCENARIO EXITOSO =====
Nombre: El archivo YAML debe tener la configuración de servicios correcta

===== ESCENARIO EXITOSO =====
Nombre: El archivo YAML debe tener la configuración de servicios correcta
]]></system-out>
  </testcase>
  <testcase name="El archivo YAML debe tener la configuración de servicios correcta #46" classname="Validación de configuración de archivo json en ambiente de Produccion #2" time="1.33">
    <system-out><![CDATA[
@yaml-prod
Escenario: El archivo YAML debe tener la configuración de servicios correcta                       # src/test/resources/features/yaml-validation_prod.feature:61

===== INICIANDO ESCENARIO =====
Nombre: El archivo YAML debe tener la configuración de servicios correcta

===== INICIANDO ESCENARIO =====
Nombre: El archivo YAML debe tener la configuración de servicios correcta
Conectando al repositorio: confuturo_ti/medios-digitales/frontend-autorizacion-email
Buscando token en archivo .env...
Comprobando archivo .env en: C:\Users\spena\Desktop\AutomationYamlAndJson\AutomationYamlAndJsonMultiple\yaml-validator\.env
Comprobando archivo .env en: C:\Users\spena\Desktop\AutomationYamlAndJson\AutomationYamlAndJsonMultiple\yaml-validator\..\.env
Archivo .env encontrado en: C:\Users\spena\Desktop\AutomationYamlAndJson\AutomationYamlAndJsonMultiple\yaml-validator\..\.env
Token encontrado en archivo .env: ../.env
Conexión a GitLab establecida correctamente
Conexión establecida correctamente al repositorio: confuturo_ti/medios-digitales/frontend-autorizacion-email
  Dado que tengo acceso al repositorio 'confuturo_ti/medios-digitales/frontend-autorizacion-email' # com.confuturo.steps.YamlValidationSteps.queAccesoAlRepositorio(java.lang.String)
Intentando leer archivo YAML: helm/prod-values-gke.yaml del proyecto: confuturo_ti/medios-digitales/frontend-autorizacion-email
Proyecto encontrado con ID: 31404873
Intentando obtener archivo de la rama: develop
Archivo encontrado en la rama: develop
Contenido YAML guardado en 'gitlab-yaml-content.txt'
=== CONTENIDO YAML ORIGINAL ===
Longitud: 672 caracteres
Primeras 300 caracteres:
replicaCount: 1

image:
  repository: confuturocloud/frontend-autorizacion-email
  pullPolicy: IfNotPresent
  tag: "latest"

imagePullSecrets:
  - name: confuturo-registry

nameOverride: ""
fullnameOverride: ""

serviceAccount:
  create: true
  annotations: {}
  name: ""

podAnnotations: {}

service
=== FIN DEL CONTENIDO ORIGINAL ===
=== PROCESO DE LIMPIEZA DE COMENTARIOS YAML ===
Líneas originales: 42
Líneas procesadas: 42
Comentarios eliminados: 0
=== FIN DEL PROCESO DE LIMPIEZA ===
YAML limpio guardado en 'cleaned-yaml-content.txt'
Longitud después de limpieza: 672 caracteres
YAML limpio parseado correctamente
  Cuando leo el archivo 'helm/prod-values-gke.yaml'                                                # com.confuturo.steps.YamlValidationSteps.leoElArchivo(java.lang.String)

============================================================
🔍 VERIFICANDO QUE NO EXISTA LA PALABRA EXACTA
============================================================
🎯 Palabra EXACTA que NO debe existir: 'qa'
📝 Nota: Búsqueda realizada en contenido SIN comentarios
Longitud del contenido a buscar: 672
Usando contenido: LIMPIO (sin comentarios)
¿Contiene 'qa' con búsqueda simple? false
Aplicando 9 patrones de búsqueda...
¿Palabra EXACTA encontrada? false
Total de contextos únicos: 0
✓ Correcto: La palabra EXACTA 'qa' NO fue encontrada como término independiente
ℹ Confirmado: La secuencia 'qa' no aparece en absoluto en el archivo
  Entonces el archivo Yaml NO debe contener la palabra "qa"                                        # com.confuturo.steps.YamlValidationSteps.elArchivoYamlNoDebeContenerLaPalabra(java.lang.String)

===== ESCENARIO EXITOSO =====
Nombre: El archivo YAML debe tener la configuración de servicios correcta

===== ESCENARIO EXITOSO =====
Nombre: El archivo YAML debe tener la configuración de servicios correcta
]]></system-out>
  </testcase>
  <testcase name="El archivo YAML debe tener la configuración de servicios correcta #47" classname="Validación de configuración de archivo json en ambiente de Produccion #2" time="1.357">
    <system-out><![CDATA[
@yaml-prod
Escenario: El archivo YAML debe tener la configuración de servicios correcta                     # src/test/resources/features/yaml-validation_prod.feature:62

===== INICIANDO ESCENARIO =====
Nombre: El archivo YAML debe tener la configuración de servicios correcta

===== INICIANDO ESCENARIO =====
Nombre: El archivo YAML debe tener la configuración de servicios correcta
Conectando al repositorio: confuturo_ti/cambio-domicilio/frontend-cambio-domicilio
Buscando token en archivo .env...
Comprobando archivo .env en: C:\Users\spena\Desktop\AutomationYamlAndJson\AutomationYamlAndJsonMultiple\yaml-validator\.env
Comprobando archivo .env en: C:\Users\spena\Desktop\AutomationYamlAndJson\AutomationYamlAndJsonMultiple\yaml-validator\..\.env
Archivo .env encontrado en: C:\Users\spena\Desktop\AutomationYamlAndJson\AutomationYamlAndJsonMultiple\yaml-validator\..\.env
Token encontrado en archivo .env: ../.env
Conexión a GitLab establecida correctamente
Conexión establecida correctamente al repositorio: confuturo_ti/cambio-domicilio/frontend-cambio-domicilio
  Dado que tengo acceso al repositorio 'confuturo_ti/cambio-domicilio/frontend-cambio-domicilio' # com.confuturo.steps.YamlValidationSteps.queAccesoAlRepositorio(java.lang.String)
Intentando leer archivo YAML: helm/prod-values-gke.yaml del proyecto: confuturo_ti/cambio-domicilio/frontend-cambio-domicilio
Proyecto encontrado con ID: 29241850
Intentando obtener archivo de la rama: develop
Archivo encontrado en la rama: develop
Contenido YAML guardado en 'gitlab-yaml-content.txt'
=== CONTENIDO YAML ORIGINAL ===
Longitud: 890 caracteres
Primeras 300 caracteres:
replicaCount: 1

image:
  repository: confuturocloud/frontend-cambio-domicilio
  pullPolicy: IfNotPresent
  tag: "latest"

imagePullSecrets:
  - name: confuturo-registry

nameOverride: ""
fullnameOverride: ""

serviceAccount:
  create: true
  annotations: {}
  name: ""

podAnnotations: {}

podSecuri
=== FIN DEL CONTENIDO ORIGINAL ===
=== PROCESO DE LIMPIEZA DE COMENTARIOS YAML ===
Líneas originales: 52
Líneas procesadas: 52
Comentarios eliminados: 0
=== FIN DEL PROCESO DE LIMPIEZA ===
YAML limpio guardado en 'cleaned-yaml-content.txt'
Longitud después de limpieza: 890 caracteres
YAML limpio parseado correctamente
  Cuando leo el archivo 'helm/prod-values-gke.yaml'                                              # com.confuturo.steps.YamlValidationSteps.leoElArchivo(java.lang.String)

============================================================
🔍 VERIFICANDO QUE NO EXISTA LA PALABRA EXACTA
============================================================
🎯 Palabra EXACTA que NO debe existir: 'qa'
📝 Nota: Búsqueda realizada en contenido SIN comentarios
Longitud del contenido a buscar: 890
Usando contenido: LIMPIO (sin comentarios)
¿Contiene 'qa' con búsqueda simple? false
Aplicando 9 patrones de búsqueda...
¿Palabra EXACTA encontrada? false
Total de contextos únicos: 0
✓ Correcto: La palabra EXACTA 'qa' NO fue encontrada como término independiente
ℹ Confirmado: La secuencia 'qa' no aparece en absoluto en el archivo
  Entonces el archivo Yaml NO debe contener la palabra "qa"                                      # com.confuturo.steps.YamlValidationSteps.elArchivoYamlNoDebeContenerLaPalabra(java.lang.String)

===== ESCENARIO EXITOSO =====
Nombre: El archivo YAML debe tener la configuración de servicios correcta

===== ESCENARIO EXITOSO =====
Nombre: El archivo YAML debe tener la configuración de servicios correcta
]]></system-out>
  </testcase>
  <testcase name="El archivo YAML debe tener la configuración de servicios correcta #48" classname="Validación de configuración de archivo json en ambiente de Produccion #2" time="1.125">
    <system-out><![CDATA[
@yaml-prod
Escenario: El archivo YAML debe tener la configuración de servicios correcta                                             # src/test/resources/features/yaml-validation_prod.feature:63

===== INICIANDO ESCENARIO =====
Nombre: El archivo YAML debe tener la configuración de servicios correcta

===== INICIANDO ESCENARIO =====
Nombre: El archivo YAML debe tener la configuración de servicios correcta
Conectando al repositorio: confuturo_ti/portales-internos/certificate-manager/frontend-certificate-manager
Buscando token en archivo .env...
Comprobando archivo .env en: C:\Users\spena\Desktop\AutomationYamlAndJson\AutomationYamlAndJsonMultiple\yaml-validator\.env
Comprobando archivo .env en: C:\Users\spena\Desktop\AutomationYamlAndJson\AutomationYamlAndJsonMultiple\yaml-validator\..\.env
Archivo .env encontrado en: C:\Users\spena\Desktop\AutomationYamlAndJson\AutomationYamlAndJsonMultiple\yaml-validator\..\.env
Token encontrado en archivo .env: ../.env
Conexión a GitLab establecida correctamente
Conexión establecida correctamente al repositorio: confuturo_ti/portales-internos/certificate-manager/frontend-certificate-manager
  Dado que tengo acceso al repositorio 'confuturo_ti/portales-internos/certificate-manager/frontend-certificate-manager' # com.confuturo.steps.YamlValidationSteps.queAccesoAlRepositorio(java.lang.String)
Intentando leer archivo YAML: helm/prod-values-gke.yaml del proyecto: confuturo_ti/portales-internos/certificate-manager/frontend-certificate-manager
Proyecto encontrado con ID: 56540799
Intentando obtener archivo de la rama: develop
Archivo encontrado en la rama: develop
Contenido YAML guardado en 'gitlab-yaml-content.txt'
=== CONTENIDO YAML ORIGINAL ===
Longitud: 810 caracteres
Primeras 300 caracteres:
replicaCount: 1

image:
  repository: confuturocloud/frontend-certificate-manager
  tag: "latest"

imagePullSecrets:
  - name: confuturo-registry

nameOverride: ""
fullnameOverride: ""

serviceAccount:
  create: true
  annotations: {}
  name: ""

podAnnotations: {}

podSecurityContext: {}

securityC
=== FIN DEL CONTENIDO ORIGINAL ===
=== PROCESO DE LIMPIEZA DE COMENTARIOS YAML ===
Líneas originales: 63
Líneas procesadas: 63
Comentarios eliminados: 0
=== FIN DEL PROCESO DE LIMPIEZA ===
YAML limpio guardado en 'cleaned-yaml-content.txt'
Longitud después de limpieza: 810 caracteres
YAML limpio parseado correctamente
  Cuando leo el archivo 'helm/prod-values-gke.yaml'                                                                      # com.confuturo.steps.YamlValidationSteps.leoElArchivo(java.lang.String)

============================================================
🔍 VERIFICANDO QUE NO EXISTA LA PALABRA EXACTA
============================================================
🎯 Palabra EXACTA que NO debe existir: 'qa'
📝 Nota: Búsqueda realizada en contenido SIN comentarios
Longitud del contenido a buscar: 810
Usando contenido: LIMPIO (sin comentarios)
¿Contiene 'qa' con búsqueda simple? false
Aplicando 9 patrones de búsqueda...
¿Palabra EXACTA encontrada? false
Total de contextos únicos: 0
✓ Correcto: La palabra EXACTA 'qa' NO fue encontrada como término independiente
ℹ Confirmado: La secuencia 'qa' no aparece en absoluto en el archivo
  Entonces el archivo Yaml NO debe contener la palabra "qa"                                                              # com.confuturo.steps.YamlValidationSteps.elArchivoYamlNoDebeContenerLaPalabra(java.lang.String)

===== ESCENARIO EXITOSO =====
Nombre: El archivo YAML debe tener la configuración de servicios correcta

===== ESCENARIO EXITOSO =====
Nombre: El archivo YAML debe tener la configuración de servicios correcta
]]></system-out>
  </testcase>
  <testcase name="El archivo YAML debe tener la configuración de servicios correcta #49" classname="Validación de configuración de archivo json en ambiente de Produccion #2" time="1.03">
    <system-out><![CDATA[
@yaml-prod
Escenario: El archivo YAML debe tener la configuración de servicios correcta          # src/test/resources/features/yaml-validation_prod.feature:64

===== INICIANDO ESCENARIO =====
Nombre: El archivo YAML debe tener la configuración de servicios correcta

===== INICIANDO ESCENARIO =====
Nombre: El archivo YAML debe tener la configuración de servicios correcta
Conectando al repositorio: confuturo_ti/mandato-amplio/frontend-mandato
Buscando token en archivo .env...
Comprobando archivo .env en: C:\Users\spena\Desktop\AutomationYamlAndJson\AutomationYamlAndJsonMultiple\yaml-validator\.env
Comprobando archivo .env en: C:\Users\spena\Desktop\AutomationYamlAndJson\AutomationYamlAndJsonMultiple\yaml-validator\..\.env
Archivo .env encontrado en: C:\Users\spena\Desktop\AutomationYamlAndJson\AutomationYamlAndJsonMultiple\yaml-validator\..\.env
Token encontrado en archivo .env: ../.env
Conexión a GitLab establecida correctamente
Conexión establecida correctamente al repositorio: confuturo_ti/mandato-amplio/frontend-mandato
  Dado que tengo acceso al repositorio 'confuturo_ti/mandato-amplio/frontend-mandato' # com.confuturo.steps.YamlValidationSteps.queAccesoAlRepositorio(java.lang.String)
Intentando leer archivo YAML: helm/prod-values-gke.yaml del proyecto: confuturo_ti/mandato-amplio/frontend-mandato
Proyecto encontrado con ID: 31401958
Intentando obtener archivo de la rama: develop
Archivo encontrado en la rama: develop
Contenido YAML guardado en 'gitlab-yaml-content.txt'
=== CONTENIDO YAML ORIGINAL ===
Longitud: 834 caracteres
Primeras 300 caracteres:
replicaCount: 1

image:
  repository: confuturocloud/frontend-mandato
  pullPolicy: IfNotPresent
  tag: "latest"

imagePullSecrets:
  - name: confuturo-registry

nameOverride: ""
fullnameOverride: ""

serviceAccount:
  create: true
  annotations: {}
  name: ""

podAnnotations: {}

service:
  type: C
=== FIN DEL CONTENIDO ORIGINAL ===
=== PROCESO DE LIMPIEZA DE COMENTARIOS YAML ===
Líneas originales: 48
Líneas procesadas: 48
Comentarios eliminados: 0
=== FIN DEL PROCESO DE LIMPIEZA ===
YAML limpio guardado en 'cleaned-yaml-content.txt'
Longitud después de limpieza: 834 caracteres
YAML limpio parseado correctamente
  Cuando leo el archivo 'helm/prod-values-gke.yaml'                                   # com.confuturo.steps.YamlValidationSteps.leoElArchivo(java.lang.String)

============================================================
🔍 VERIFICANDO QUE NO EXISTA LA PALABRA EXACTA
============================================================
🎯 Palabra EXACTA que NO debe existir: 'qa'
📝 Nota: Búsqueda realizada en contenido SIN comentarios
Longitud del contenido a buscar: 834
Usando contenido: LIMPIO (sin comentarios)
¿Contiene 'qa' con búsqueda simple? false
Aplicando 9 patrones de búsqueda...
¿Palabra EXACTA encontrada? false
Total de contextos únicos: 0
✓ Correcto: La palabra EXACTA 'qa' NO fue encontrada como término independiente
ℹ Confirmado: La secuencia 'qa' no aparece en absoluto en el archivo
  Entonces el archivo Yaml NO debe contener la palabra "qa"                           # com.confuturo.steps.YamlValidationSteps.elArchivoYamlNoDebeContenerLaPalabra(java.lang.String)

===== ESCENARIO EXITOSO =====
Nombre: El archivo YAML debe tener la configuración de servicios correcta

===== ESCENARIO EXITOSO =====
Nombre: El archivo YAML debe tener la configuración de servicios correcta
]]></system-out>
  </testcase>
  <testcase name="El archivo YAML debe tener la configuración de servicios correcta #50" classname="Validación de configuración de archivo json en ambiente de Produccion #2" time="1.048">
    <system-out><![CDATA[
@yaml-prod
Escenario: El archivo YAML debe tener la configuración de servicios correcta                                         # src/test/resources/features/yaml-validation_prod.feature:65

===== INICIANDO ESCENARIO =====
Nombre: El archivo YAML debe tener la configuración de servicios correcta

===== INICIANDO ESCENARIO =====
Nombre: El archivo YAML debe tener la configuración de servicios correcta
Conectando al repositorio: confuturo_ti/portales-internos/rrvv-consultation/frontend-rrvv-consultation
Buscando token en archivo .env...
Comprobando archivo .env en: C:\Users\spena\Desktop\AutomationYamlAndJson\AutomationYamlAndJsonMultiple\yaml-validator\.env
Comprobando archivo .env en: C:\Users\spena\Desktop\AutomationYamlAndJson\AutomationYamlAndJsonMultiple\yaml-validator\..\.env
Archivo .env encontrado en: C:\Users\spena\Desktop\AutomationYamlAndJson\AutomationYamlAndJsonMultiple\yaml-validator\..\.env
Token encontrado en archivo .env: ../.env
Conexión a GitLab establecida correctamente
Conexión establecida correctamente al repositorio: confuturo_ti/portales-internos/rrvv-consultation/frontend-rrvv-consultation
  Dado que tengo acceso al repositorio 'confuturo_ti/portales-internos/rrvv-consultation/frontend-rrvv-consultation' # com.confuturo.steps.YamlValidationSteps.queAccesoAlRepositorio(java.lang.String)
Intentando leer archivo YAML: helm/prod-values-gke.yaml del proyecto: confuturo_ti/portales-internos/rrvv-consultation/frontend-rrvv-consultation
Proyecto encontrado con ID: 64367915
Intentando obtener archivo de la rama: develop
Archivo encontrado en la rama: develop
Contenido YAML guardado en 'gitlab-yaml-content.txt'
=== CONTENIDO YAML ORIGINAL ===
Longitud: 865 caracteres
Primeras 300 caracteres:
replicaCount: 1

image:
  repository: confuturocloud/frontend-rrvv-consultation
  tag: "latest"

imagePullSecrets:
  - name: confuturo-registry

nameOverride: ""
fullnameOverride: ""

serviceAccount:
  create: true
  annotations: {}
  name: ""

podAnnotations: {}

service:
  type
=== FIN DEL CONTENIDO ORIGINAL ===
=== PROCESO DE LIMPIEZA DE COMENTARIOS YAML ===
Líneas originales: 47
Líneas procesadas: 47
Comentarios eliminados: 0
=== FIN DEL PROCESO DE LIMPIEZA ===
YAML limpio guardado en 'cleaned-yaml-content.txt'
Longitud después de limpieza: 866 caracteres
YAML limpio parseado correctamente
  Cuando leo el archivo 'helm/prod-values-gke.yaml'                                                                  # com.confuturo.steps.YamlValidationSteps.leoElArchivo(java.lang.String)

============================================================
🔍 VERIFICANDO QUE NO EXISTA LA PALABRA EXACTA
============================================================
🎯 Palabra EXACTA que NO debe existir: 'qa'
📝 Nota: Búsqueda realizada en contenido SIN comentarios
Longitud del contenido a buscar: 866
Usando contenido: LIMPIO (sin comentarios)
¿Contiene 'qa' con búsqueda simple? false
Aplicando 9 patrones de búsqueda...
¿Palabra EXACTA encontrada? false
Total de contextos únicos: 0
✓ Correcto: La palabra EXACTA 'qa' NO fue encontrada como término independiente
ℹ Confirmado: La secuencia 'qa' no aparece en absoluto en el archivo
  Entonces el archivo Yaml NO debe contener la palabra "qa"                                                          # com.confuturo.steps.YamlValidationSteps.elArchivoYamlNoDebeContenerLaPalabra(java.lang.String)

===== ESCENARIO EXITOSO =====
Nombre: El archivo YAML debe tener la configuración de servicios correcta

===== ESCENARIO EXITOSO =====
Nombre: El archivo YAML debe tener la configuración de servicios correcta
]]></system-out>
  </testcase>
  <testcase name="El archivo YAML debe tener la configuración de servicios correcta #51" classname="Validación de configuración de archivo json en ambiente de Produccion #2" time="1.019">
    <system-out><![CDATA[
@yaml-prod
Escenario: El archivo YAML debe tener la configuración de servicios correcta                                             # src/test/resources/features/yaml-validation_prod.feature:66

===== INICIANDO ESCENARIO =====
Nombre: El archivo YAML debe tener la configuración de servicios correcta

===== INICIANDO ESCENARIO =====
Nombre: El archivo YAML debe tener la configuración de servicios correcta
Conectando al repositorio: confuturo_ti/portales-internos/valid-third-manager/frontend-valid-third-manager
Buscando token en archivo .env...
Comprobando archivo .env en: C:\Users\spena\Desktop\AutomationYamlAndJson\AutomationYamlAndJsonMultiple\yaml-validator\.env
Comprobando archivo .env en: C:\Users\spena\Desktop\AutomationYamlAndJson\AutomationYamlAndJsonMultiple\yaml-validator\..\.env
Archivo .env encontrado en: C:\Users\spena\Desktop\AutomationYamlAndJson\AutomationYamlAndJsonMultiple\yaml-validator\..\.env
Token encontrado en archivo .env: ../.env
Conexión a GitLab establecida correctamente
Conexión establecida correctamente al repositorio: confuturo_ti/portales-internos/valid-third-manager/frontend-valid-third-manager
  Dado que tengo acceso al repositorio 'confuturo_ti/portales-internos/valid-third-manager/frontend-valid-third-manager' # com.confuturo.steps.YamlValidationSteps.queAccesoAlRepositorio(java.lang.String)
Intentando leer archivo YAML: helm/prod-values-gke.yaml del proyecto: confuturo_ti/portales-internos/valid-third-manager/frontend-valid-third-manager
Proyecto encontrado con ID: 56540700
Intentando obtener archivo de la rama: develop
Archivo encontrado en la rama: develop
Contenido YAML guardado en 'gitlab-yaml-content.txt'
=== CONTENIDO YAML ORIGINAL ===
Longitud: 823 caracteres
Primeras 300 caracteres:
replicaCount: 1

image:
  repository: confuturocloud/frontend-valid-third-manager
  tag: "latest"

imagePullSecrets:
  - name: confuturo-registry

nameOverride: ""
fullnameOverride: ""

serviceAccount:
  create: true
  annotations: {}
  name: ""

podAnnotations: {}

service:
  type: ClusterIP
  port
=== FIN DEL CONTENIDO ORIGINAL ===
=== PROCESO DE LIMPIEZA DE COMENTARIOS YAML ===
Líneas originales: 47
Líneas procesadas: 47
Comentarios eliminados: 0
=== FIN DEL PROCESO DE LIMPIEZA ===
YAML limpio guardado en 'cleaned-yaml-content.txt'
Longitud después de limpieza: 824 caracteres
YAML limpio parseado correctamente
  Cuando leo el archivo 'helm/prod-values-gke.yaml'                                                                      # com.confuturo.steps.YamlValidationSteps.leoElArchivo(java.lang.String)

============================================================
🔍 VERIFICANDO QUE NO EXISTA LA PALABRA EXACTA
============================================================
🎯 Palabra EXACTA que NO debe existir: 'qa'
📝 Nota: Búsqueda realizada en contenido SIN comentarios
Longitud del contenido a buscar: 824
Usando contenido: LIMPIO (sin comentarios)
¿Contiene 'qa' con búsqueda simple? false
Aplicando 9 patrones de búsqueda...
¿Palabra EXACTA encontrada? false
Total de contextos únicos: 0
✓ Correcto: La palabra EXACTA 'qa' NO fue encontrada como término independiente
ℹ Confirmado: La secuencia 'qa' no aparece en absoluto en el archivo
  Entonces el archivo Yaml NO debe contener la palabra "qa"                                                              # com.confuturo.steps.YamlValidationSteps.elArchivoYamlNoDebeContenerLaPalabra(java.lang.String)

===== ESCENARIO EXITOSO =====
Nombre: El archivo YAML debe tener la configuración de servicios correcta

===== ESCENARIO EXITOSO =====
Nombre: El archivo YAML debe tener la configuración de servicios correcta
]]></system-out>
  </testcase>
  <testcase name="El archivo YAML debe tener la configuración de servicios correcta #52" classname="Validación de configuración de archivo json en ambiente de Produccion #2" time="1.002">
    <system-out><![CDATA[
@yaml-prod
Escenario: El archivo YAML debe tener la configuración de servicios correcta # src/test/resources/features/yaml-validation_prod.feature:67

===== INICIANDO ESCENARIO =====
Nombre: El archivo YAML debe tener la configuración de servicios correcta

===== INICIANDO ESCENARIO =====
Nombre: El archivo YAML debe tener la configuración de servicios correcta
Conectando al repositorio: confuturo_ti/hub-contable/hub-admin
Buscando token en archivo .env...
Comprobando archivo .env en: C:\Users\spena\Desktop\AutomationYamlAndJson\AutomationYamlAndJsonMultiple\yaml-validator\.env
Comprobando archivo .env en: C:\Users\spena\Desktop\AutomationYamlAndJson\AutomationYamlAndJsonMultiple\yaml-validator\..\.env
Archivo .env encontrado en: C:\Users\spena\Desktop\AutomationYamlAndJson\AutomationYamlAndJsonMultiple\yaml-validator\..\.env
Token encontrado en archivo .env: ../.env
Conexión a GitLab establecida correctamente
Conexión establecida correctamente al repositorio: confuturo_ti/hub-contable/hub-admin
  Dado que tengo acceso al repositorio 'confuturo_ti/hub-contable/hub-admin' # com.confuturo.steps.YamlValidationSteps.queAccesoAlRepositorio(java.lang.String)
Intentando leer archivo YAML: src/backend/helm/prod-values-gke.yaml del proyecto: confuturo_ti/hub-contable/hub-admin
Proyecto encontrado con ID: 33755651
Intentando obtener archivo de la rama: develop
Archivo encontrado en la rama: develop
Contenido YAML guardado en 'gitlab-yaml-content.txt'
=== CONTENIDO YAML ORIGINAL ===
Longitud: 1296 caracteres
Primeras 300 caracteres:
replicaCount: 1

image:
  repository: confuturocloud/hub-admin-backend
  pullPolicy: IfNotPresent
  tag: "latest"

imagePullSecrets:
  - name: confuturo-registry

nameOverride: ""
fullnameOverride: ""

serviceAccount:
  create: true
  annotations: {}
  name: ""

configmap:
  name: hub-admin-backend

=== FIN DEL CONTENIDO ORIGINAL ===
=== PROCESO DE LIMPIEZA DE COMENTARIOS YAML ===
Líneas originales: 61
Líneas procesadas: 61
Comentarios eliminados: 0
=== FIN DEL PROCESO DE LIMPIEZA ===
YAML limpio guardado en 'cleaned-yaml-content.txt'
Longitud después de limpieza: 1297 caracteres
YAML limpio parseado correctamente
  Cuando leo el archivo 'src/backend/helm/prod-values-gke.yaml'              # com.confuturo.steps.YamlValidationSteps.leoElArchivo(java.lang.String)

============================================================
🔍 VERIFICANDO QUE NO EXISTA LA PALABRA EXACTA
============================================================
🎯 Palabra EXACTA que NO debe existir: 'qa'
📝 Nota: Búsqueda realizada en contenido SIN comentarios
Longitud del contenido a buscar: 1297
Usando contenido: LIMPIO (sin comentarios)
¿Contiene 'qa' con búsqueda simple? false
Aplicando 9 patrones de búsqueda...
¿Palabra EXACTA encontrada? false
Total de contextos únicos: 0
✓ Correcto: La palabra EXACTA 'qa' NO fue encontrada como término independiente
ℹ Confirmado: La secuencia 'qa' no aparece en absoluto en el archivo
  Entonces el archivo Yaml NO debe contener la palabra "qa"                  # com.confuturo.steps.YamlValidationSteps.elArchivoYamlNoDebeContenerLaPalabra(java.lang.String)

===== ESCENARIO EXITOSO =====
Nombre: El archivo YAML debe tener la configuración de servicios correcta

===== ESCENARIO EXITOSO =====
Nombre: El archivo YAML debe tener la configuración de servicios correcta
]]></system-out>
  </testcase>
  <testcase name="El archivo YAML debe tener la configuración de servicios correcta #53" classname="Validación de configuración de archivo json en ambiente de Produccion #2" time="1">
    <system-out><![CDATA[
@yaml-prod
Escenario: El archivo YAML debe tener la configuración de servicios correcta # src/test/resources/features/yaml-validation_prod.feature:68

===== INICIANDO ESCENARIO =====
Nombre: El archivo YAML debe tener la configuración de servicios correcta

===== INICIANDO ESCENARIO =====
Nombre: El archivo YAML debe tener la configuración de servicios correcta
Conectando al repositorio: confuturo_ti/hub-contable/hub-admin
Buscando token en archivo .env...
Comprobando archivo .env en: C:\Users\spena\Desktop\AutomationYamlAndJson\AutomationYamlAndJsonMultiple\yaml-validator\.env
Comprobando archivo .env en: C:\Users\spena\Desktop\AutomationYamlAndJson\AutomationYamlAndJsonMultiple\yaml-validator\..\.env
Archivo .env encontrado en: C:\Users\spena\Desktop\AutomationYamlAndJson\AutomationYamlAndJsonMultiple\yaml-validator\..\.env
Token encontrado en archivo .env: ../.env
Conexión a GitLab establecida correctamente
Conexión establecida correctamente al repositorio: confuturo_ti/hub-contable/hub-admin
  Dado que tengo acceso al repositorio 'confuturo_ti/hub-contable/hub-admin' # com.confuturo.steps.YamlValidationSteps.queAccesoAlRepositorio(java.lang.String)
Intentando leer archivo YAML: src/front/helm/prod-values-gke.yaml del proyecto: confuturo_ti/hub-contable/hub-admin
Proyecto encontrado con ID: 33755651
Intentando obtener archivo de la rama: develop
Archivo encontrado en la rama: develop
Contenido YAML guardado en 'gitlab-yaml-content.txt'
=== CONTENIDO YAML ORIGINAL ===
Longitud: 825 caracteres
Primeras 300 caracteres:
replicaCount: 1

image:
  repository: confuturocloud/hub-admin-frontend
  pullPolicy: IfNotPresent
  tag: "latest"

imagePullSecrets:
  - name: confuturo-registry

nameOverride: ""
fullnameOverride: ""

serviceAccount:
  create: true
  annotations: {}
  name: ""

configmap: {}

service:
  type: Clus
=== FIN DEL CONTENIDO ORIGINAL ===
=== PROCESO DE LIMPIEZA DE COMENTARIOS YAML ===
Líneas originales: 48
Líneas procesadas: 48
Comentarios eliminados: 0
=== FIN DEL PROCESO DE LIMPIEZA ===
YAML limpio guardado en 'cleaned-yaml-content.txt'
Longitud después de limpieza: 826 caracteres
YAML limpio parseado correctamente
  Cuando leo el archivo 'src/front/helm/prod-values-gke.yaml'                # com.confuturo.steps.YamlValidationSteps.leoElArchivo(java.lang.String)

============================================================
🔍 VERIFICANDO QUE NO EXISTA LA PALABRA EXACTA
============================================================
🎯 Palabra EXACTA que NO debe existir: 'qa'
📝 Nota: Búsqueda realizada en contenido SIN comentarios
Longitud del contenido a buscar: 826
Usando contenido: LIMPIO (sin comentarios)
¿Contiene 'qa' con búsqueda simple? false
Aplicando 9 patrones de búsqueda...
¿Palabra EXACTA encontrada? false
Total de contextos únicos: 0
✓ Correcto: La palabra EXACTA 'qa' NO fue encontrada como término independiente
ℹ Confirmado: La secuencia 'qa' no aparece en absoluto en el archivo
  Entonces el archivo Yaml NO debe contener la palabra "qa"                  # com.confuturo.steps.YamlValidationSteps.elArchivoYamlNoDebeContenerLaPalabra(java.lang.String)

===== ESCENARIO EXITOSO =====
Nombre: El archivo YAML debe tener la configuración de servicios correcta

===== ESCENARIO EXITOSO =====
Nombre: El archivo YAML debe tener la configuración de servicios correcta
]]></system-out>
  </testcase>
  <testcase name="El archivo YAML debe tener la configuración de servicios correcta #54" classname="Validación de configuración de archivo json en ambiente de Produccion #2" time="1.148">
    <system-out><![CDATA[
@yaml-prod
Escenario: El archivo YAML debe tener la configuración de servicios correcta       # src/test/resources/features/yaml-validation_prod.feature:69

===== INICIANDO ESCENARIO =====
Nombre: El archivo YAML debe tener la configuración de servicios correcta

===== INICIANDO ESCENARIO =====
Nombre: El archivo YAML debe tener la configuración de servicios correcta
Conectando al repositorio: confuturo_ti/hub-contable/hub-integration
Buscando token en archivo .env...
Comprobando archivo .env en: C:\Users\spena\Desktop\AutomationYamlAndJson\AutomationYamlAndJsonMultiple\yaml-validator\.env
Comprobando archivo .env en: C:\Users\spena\Desktop\AutomationYamlAndJson\AutomationYamlAndJsonMultiple\yaml-validator\..\.env
Archivo .env encontrado en: C:\Users\spena\Desktop\AutomationYamlAndJson\AutomationYamlAndJsonMultiple\yaml-validator\..\.env
Token encontrado en archivo .env: ../.env
Conexión a GitLab establecida correctamente
Conexión establecida correctamente al repositorio: confuturo_ti/hub-contable/hub-integration
  Dado que tengo acceso al repositorio 'confuturo_ti/hub-contable/hub-integration' # com.confuturo.steps.YamlValidationSteps.queAccesoAlRepositorio(java.lang.String)
Intentando leer archivo YAML: helm/prod-values-gke.yaml del proyecto: confuturo_ti/hub-contable/hub-integration
Proyecto encontrado con ID: 37298174
Intentando obtener archivo de la rama: develop
Archivo encontrado en la rama: develop
Contenido YAML guardado en 'gitlab-yaml-content.txt'
=== CONTENIDO YAML ORIGINAL ===
Longitud: 1332 caracteres
Primeras 300 caracteres:
replicaCount: 1

image:
  repository: confuturocloud/hub-integration
  tag: "latest"

imagePullSecrets:
  - name: confuturo-registry

nameOverride: ""
fullnameOverride: ""

serviceAccount:
  create: true
  annotations: {}
  name: ""

configmap:
  name: hub-integration
  data:
    API_BASE_PATH: "/hu
=== FIN DEL CONTENIDO ORIGINAL ===
=== PROCESO DE LIMPIEZA DE COMENTARIOS YAML ===
Líneas originales: 74
Líneas procesadas: 74
Comentarios eliminados: 0
=== FIN DEL PROCESO DE LIMPIEZA ===
YAML limpio guardado en 'cleaned-yaml-content.txt'
Longitud después de limpieza: 1332 caracteres
YAML limpio parseado correctamente
  Cuando leo el archivo 'helm/prod-values-gke.yaml'                                # com.confuturo.steps.YamlValidationSteps.leoElArchivo(java.lang.String)

============================================================
🔍 VERIFICANDO QUE NO EXISTA LA PALABRA EXACTA
============================================================
🎯 Palabra EXACTA que NO debe existir: 'qa'
📝 Nota: Búsqueda realizada en contenido SIN comentarios
Longitud del contenido a buscar: 1332
Usando contenido: LIMPIO (sin comentarios)
¿Contiene 'qa' con búsqueda simple? false
Aplicando 9 patrones de búsqueda...
¿Palabra EXACTA encontrada? false
Total de contextos únicos: 0
✓ Correcto: La palabra EXACTA 'qa' NO fue encontrada como término independiente
ℹ Confirmado: La secuencia 'qa' no aparece en absoluto en el archivo
  Entonces el archivo Yaml NO debe contener la palabra "qa"                        # com.confuturo.steps.YamlValidationSteps.elArchivoYamlNoDebeContenerLaPalabra(java.lang.String)

===== ESCENARIO EXITOSO =====
Nombre: El archivo YAML debe tener la configuración de servicios correcta

===== ESCENARIO EXITOSO =====
Nombre: El archivo YAML debe tener la configuración de servicios correcta
]]></system-out>
  </testcase>
  <testcase name="El archivo YAML debe tener la configuración de servicios correcta #55" classname="Validación de configuración de archivo json en ambiente de Produccion #2" time="1.124">
    <system-out><![CDATA[
@yaml-prod
Escenario: El archivo YAML debe tener la configuración de servicios correcta    # src/test/resources/features/yaml-validation_prod.feature:70

===== INICIANDO ESCENARIO =====
Nombre: El archivo YAML debe tener la configuración de servicios correcta

===== INICIANDO ESCENARIO =====
Nombre: El archivo YAML debe tener la configuración de servicios correcta
Conectando al repositorio: confuturo_ti/hub-contable/hub-services
Buscando token en archivo .env...
Comprobando archivo .env en: C:\Users\spena\Desktop\AutomationYamlAndJson\AutomationYamlAndJsonMultiple\yaml-validator\.env
Comprobando archivo .env en: C:\Users\spena\Desktop\AutomationYamlAndJson\AutomationYamlAndJsonMultiple\yaml-validator\..\.env
Archivo .env encontrado en: C:\Users\spena\Desktop\AutomationYamlAndJson\AutomationYamlAndJsonMultiple\yaml-validator\..\.env
Token encontrado en archivo .env: ../.env
Conexión a GitLab establecida correctamente
Conexión establecida correctamente al repositorio: confuturo_ti/hub-contable/hub-services
  Dado que tengo acceso al repositorio 'confuturo_ti/hub-contable/hub-services' # com.confuturo.steps.YamlValidationSteps.queAccesoAlRepositorio(java.lang.String)
Intentando leer archivo YAML: helm/prod-values-gke.yaml del proyecto: confuturo_ti/hub-contable/hub-services
Proyecto encontrado con ID: 32554150
Intentando obtener archivo de la rama: develop
Archivo encontrado en la rama: develop
Contenido YAML guardado en 'gitlab-yaml-content.txt'
=== CONTENIDO YAML ORIGINAL ===
Longitud: 1555 caracteres
Primeras 300 caracteres:
replicaCount: 1

image:
  repository: confuturocloud/hub-services
  tag: "latest"

imagePullSecrets:
  - name: confuturo-registry

nameOverride: ""
fullnameOverride: ""

serviceAccount:
  create: true
  annotations: {}
  name: ""

configmap:
  name: hub-services
  data:
    API_BASE_PATH: "/accounti
=== FIN DEL CONTENIDO ORIGINAL ===
=== PROCESO DE LIMPIEZA DE COMENTARIOS YAML ===
Líneas originales: 73
Líneas procesadas: 73
Comentarios eliminados: 0
=== FIN DEL PROCESO DE LIMPIEZA ===
YAML limpio guardado en 'cleaned-yaml-content.txt'
Longitud después de limpieza: 1556 caracteres
YAML limpio parseado correctamente
  Cuando leo el archivo 'helm/prod-values-gke.yaml'                             # com.confuturo.steps.YamlValidationSteps.leoElArchivo(java.lang.String)

============================================================
🔍 VERIFICANDO QUE NO EXISTA LA PALABRA EXACTA
============================================================
🎯 Palabra EXACTA que NO debe existir: 'qa'
📝 Nota: Búsqueda realizada en contenido SIN comentarios
Longitud del contenido a buscar: 1556
Usando contenido: LIMPIO (sin comentarios)
¿Contiene 'qa' con búsqueda simple? false
Aplicando 9 patrones de búsqueda...
¿Palabra EXACTA encontrada? false
Total de contextos únicos: 0
✓ Correcto: La palabra EXACTA 'qa' NO fue encontrada como término independiente
ℹ Confirmado: La secuencia 'qa' no aparece en absoluto en el archivo
  Entonces el archivo Yaml NO debe contener la palabra "qa"                     # com.confuturo.steps.YamlValidationSteps.elArchivoYamlNoDebeContenerLaPalabra(java.lang.String)

===== ESCENARIO EXITOSO =====
Nombre: El archivo YAML debe tener la configuración de servicios correcta

===== ESCENARIO EXITOSO =====
Nombre: El archivo YAML debe tener la configuración de servicios correcta
]]></system-out>
  </testcase>
  <testcase name="El archivo YAML debe tener la configuración de servicios correcta #56" classname="Validación de configuración de archivo json en ambiente de Produccion #2" time="1.223">
    <system-out><![CDATA[
@yaml-prod
Escenario: El archivo YAML debe tener la configuración de servicios correcta  # src/test/resources/features/yaml-validation_prod.feature:71

===== INICIANDO ESCENARIO =====
Nombre: El archivo YAML debe tener la configuración de servicios correcta

===== INICIANDO ESCENARIO =====
Nombre: El archivo YAML debe tener la configuración de servicios correcta
Conectando al repositorio: confuturo_ti/hub-contable/hub-worker
Buscando token en archivo .env...
Comprobando archivo .env en: C:\Users\spena\Desktop\AutomationYamlAndJson\AutomationYamlAndJsonMultiple\yaml-validator\.env
Comprobando archivo .env en: C:\Users\spena\Desktop\AutomationYamlAndJson\AutomationYamlAndJsonMultiple\yaml-validator\..\.env
Archivo .env encontrado en: C:\Users\spena\Desktop\AutomationYamlAndJson\AutomationYamlAndJsonMultiple\yaml-validator\..\.env
Token encontrado en archivo .env: ../.env
Conexión a GitLab establecida correctamente
Conexión establecida correctamente al repositorio: confuturo_ti/hub-contable/hub-worker
  Dado que tengo acceso al repositorio 'confuturo_ti/hub-contable/hub-worker' # com.confuturo.steps.YamlValidationSteps.queAccesoAlRepositorio(java.lang.String)
Intentando leer archivo YAML: helm/prod-values-gke.yaml del proyecto: confuturo_ti/hub-contable/hub-worker
Proyecto encontrado con ID: 34877645
Intentando obtener archivo de la rama: develop
Archivo encontrado en la rama: develop
Contenido YAML guardado en 'gitlab-yaml-content.txt'
=== CONTENIDO YAML ORIGINAL ===
Longitud: 1363 caracteres
Primeras 300 caracteres:
replicaCount: 1

image:
  repository: confuturocloud/hub-worker
  tag: "latest"

imagePullSecrets:
  - name: confuturo-registry

nameOverride: ""
fullnameOverride: ""

serviceAccount:
  create: true
  annotations: {}
  name: ""

configmap:
  name: hub-worker
  data:
    DOTNET_ENVIRONMENT: "Producti
=== FIN DEL CONTENIDO ORIGINAL ===
=== PROCESO DE LIMPIEZA DE COMENTARIOS YAML ===
Líneas originales: 63
Líneas procesadas: 63
Comentarios eliminados: 0
=== FIN DEL PROCESO DE LIMPIEZA ===
YAML limpio guardado en 'cleaned-yaml-content.txt'
Longitud después de limpieza: 1363 caracteres
YAML limpio parseado correctamente
  Cuando leo el archivo 'helm/prod-values-gke.yaml'                           # com.confuturo.steps.YamlValidationSteps.leoElArchivo(java.lang.String)

============================================================
🔍 VERIFICANDO QUE NO EXISTA LA PALABRA EXACTA
============================================================
🎯 Palabra EXACTA que NO debe existir: 'qa'
📝 Nota: Búsqueda realizada en contenido SIN comentarios
Longitud del contenido a buscar: 1363
Usando contenido: LIMPIO (sin comentarios)
¿Contiene 'qa' con búsqueda simple? false
Aplicando 9 patrones de búsqueda...
¿Palabra EXACTA encontrada? false
Total de contextos únicos: 0
✓ Correcto: La palabra EXACTA 'qa' NO fue encontrada como término independiente
ℹ Confirmado: La secuencia 'qa' no aparece en absoluto en el archivo
  Entonces el archivo Yaml NO debe contener la palabra "qa"                   # com.confuturo.steps.YamlValidationSteps.elArchivoYamlNoDebeContenerLaPalabra(java.lang.String)

===== ESCENARIO EXITOSO =====
Nombre: El archivo YAML debe tener la configuración de servicios correcta

===== ESCENARIO EXITOSO =====
Nombre: El archivo YAML debe tener la configuración de servicios correcta
]]></system-out>
  </testcase>
  <testcase name="El archivo YAML debe tener la configuración de servicios correcta #57" classname="Validación de configuración de archivo json en ambiente de Produccion #2" time="1.143">
    <system-out><![CDATA[
@yaml-prod
Escenario: El archivo YAML debe tener la configuración de servicios correcta                  # src/test/resources/features/yaml-validation_prod.feature:72

===== INICIANDO ESCENARIO =====
Nombre: El archivo YAML debe tener la configuración de servicios correcta

===== INICIANDO ESCENARIO =====
Nombre: El archivo YAML debe tener la configuración de servicios correcta
Conectando al repositorio: confuturo_ti/servicios-globales/indicadores-services
Buscando token en archivo .env...
Comprobando archivo .env en: C:\Users\spena\Desktop\AutomationYamlAndJson\AutomationYamlAndJsonMultiple\yaml-validator\.env
Comprobando archivo .env en: C:\Users\spena\Desktop\AutomationYamlAndJson\AutomationYamlAndJsonMultiple\yaml-validator\..\.env
Archivo .env encontrado en: C:\Users\spena\Desktop\AutomationYamlAndJson\AutomationYamlAndJsonMultiple\yaml-validator\..\.env
Token encontrado en archivo .env: ../.env
Conexión a GitLab establecida correctamente
Conexión establecida correctamente al repositorio: confuturo_ti/servicios-globales/indicadores-services
  Dado que tengo acceso al repositorio 'confuturo_ti/servicios-globales/indicadores-services' # com.confuturo.steps.YamlValidationSteps.queAccesoAlRepositorio(java.lang.String)
Intentando leer archivo YAML: src/API/helm/prod-values-gke.yaml del proyecto: confuturo_ti/servicios-globales/indicadores-services
Proyecto encontrado con ID: 28707161
Intentando obtener archivo de la rama: develop
Archivo encontrado en la rama: develop
Contenido YAML guardado en 'gitlab-yaml-content.txt'
=== CONTENIDO YAML ORIGINAL ===
Longitud: 2127 caracteres
Primeras 300 caracteres:
replicaCount: 1

image:
  repository: confuturocloud/indicadores-services-api
  pullPolicy: IfNotPresent
  tag: "latest"

imagePullSecrets: 
  - name: confuturo-registry

nameOverride: ""
fullnameOverride: ""

serviceAccount:
  create: true
  annotations: {}
  name: ""

configmap:
  name: indicadore
=== FIN DEL CONTENIDO ORIGINAL ===
=== PROCESO DE LIMPIEZA DE COMENTARIOS YAML ===
Líneas originales: 88
Líneas procesadas: 88
Comentarios eliminados: 0
=== FIN DEL PROCESO DE LIMPIEZA ===
YAML limpio guardado en 'cleaned-yaml-content.txt'
Longitud después de limpieza: 2127 caracteres
YAML limpio parseado correctamente
  Cuando leo el archivo 'src/API/helm/prod-values-gke.yaml'                                   # com.confuturo.steps.YamlValidationSteps.leoElArchivo(java.lang.String)

============================================================
🔍 VERIFICANDO QUE NO EXISTA LA PALABRA EXACTA
============================================================
🎯 Palabra EXACTA que NO debe existir: 'qa'
📝 Nota: Búsqueda realizada en contenido SIN comentarios
Longitud del contenido a buscar: 2127
Usando contenido: LIMPIO (sin comentarios)
¿Contiene 'qa' con búsqueda simple? false
Aplicando 9 patrones de búsqueda...
¿Palabra EXACTA encontrada? false
Total de contextos únicos: 0
✓ Correcto: La palabra EXACTA 'qa' NO fue encontrada como término independiente
ℹ Confirmado: La secuencia 'qa' no aparece en absoluto en el archivo
  Entonces el archivo Yaml NO debe contener la palabra "qa"                                   # com.confuturo.steps.YamlValidationSteps.elArchivoYamlNoDebeContenerLaPalabra(java.lang.String)

===== ESCENARIO EXITOSO =====
Nombre: El archivo YAML debe tener la configuración de servicios correcta

===== ESCENARIO EXITOSO =====
Nombre: El archivo YAML debe tener la configuración de servicios correcta
]]></system-out>
  </testcase>
  <testcase name="El archivo YAML debe tener la configuración de servicios correcta #58" classname="Validación de configuración de archivo json en ambiente de Produccion #2" time="1.033">
    <system-out><![CDATA[
@yaml-prod
Escenario: El archivo YAML debe tener la configuración de servicios correcta                  # src/test/resources/features/yaml-validation_prod.feature:73

===== INICIANDO ESCENARIO =====
Nombre: El archivo YAML debe tener la configuración de servicios correcta

===== INICIANDO ESCENARIO =====
Nombre: El archivo YAML debe tener la configuración de servicios correcta
Conectando al repositorio: confuturo_ti/servicios-globales/indicadores-services
Buscando token en archivo .env...
Comprobando archivo .env en: C:\Users\spena\Desktop\AutomationYamlAndJson\AutomationYamlAndJsonMultiple\yaml-validator\.env
Comprobando archivo .env en: C:\Users\spena\Desktop\AutomationYamlAndJson\AutomationYamlAndJsonMultiple\yaml-validator\..\.env
Archivo .env encontrado en: C:\Users\spena\Desktop\AutomationYamlAndJson\AutomationYamlAndJsonMultiple\yaml-validator\..\.env
Token encontrado en archivo .env: ../.env
Conexión a GitLab establecida correctamente
Conexión establecida correctamente al repositorio: confuturo_ti/servicios-globales/indicadores-services
  Dado que tengo acceso al repositorio 'confuturo_ti/servicios-globales/indicadores-services' # com.confuturo.steps.YamlValidationSteps.queAccesoAlRepositorio(java.lang.String)
Intentando leer archivo YAML: src/Workers/helm/prod-values-gke.yaml del proyecto: confuturo_ti/servicios-globales/indicadores-services
Proyecto encontrado con ID: 28707161
Intentando obtener archivo de la rama: develop
Archivo encontrado en la rama: develop
Contenido YAML guardado en 'gitlab-yaml-content.txt'
=== CONTENIDO YAML ORIGINAL ===
Longitud: 2264 caracteres
Primeras 300 caracteres:
replicaCount: 1

image:
  repository: confuturocloud/indicadores-services-workers
  pullPolicy: IfNotPresent
  tag: "latest"

imagePullSecrets: 
  - name: confuturo-registry
nameOverride: ""
fullnameOverride: ""

serviceAccount:
  create: true
  annotations: {}
  name: ""

podAnnotations: 
  vault.h
=== FIN DEL CONTENIDO ORIGINAL ===
=== PROCESO DE LIMPIEZA DE COMENTARIOS YAML ===
Líneas originales: 97
Líneas procesadas: 97
Comentarios eliminados: 0
=== FIN DEL PROCESO DE LIMPIEZA ===
YAML limpio guardado en 'cleaned-yaml-content.txt'
Longitud después de limpieza: 2264 caracteres
YAML limpio parseado correctamente
  Cuando leo el archivo 'src/Workers/helm/prod-values-gke.yaml'                               # com.confuturo.steps.YamlValidationSteps.leoElArchivo(java.lang.String)

============================================================
🔍 VERIFICANDO QUE NO EXISTA LA PALABRA EXACTA
============================================================
🎯 Palabra EXACTA que NO debe existir: 'qa'
📝 Nota: Búsqueda realizada en contenido SIN comentarios
Longitud del contenido a buscar: 2264
Usando contenido: LIMPIO (sin comentarios)
¿Contiene 'qa' con búsqueda simple? false
Aplicando 9 patrones de búsqueda...
¿Palabra EXACTA encontrada? false
Total de contextos únicos: 0
✓ Correcto: La palabra EXACTA 'qa' NO fue encontrada como término independiente
ℹ Confirmado: La secuencia 'qa' no aparece en absoluto en el archivo
  Entonces el archivo Yaml NO debe contener la palabra "qa"                                   # com.confuturo.steps.YamlValidationSteps.elArchivoYamlNoDebeContenerLaPalabra(java.lang.String)

===== ESCENARIO EXITOSO =====
Nombre: El archivo YAML debe tener la configuración de servicios correcta

===== ESCENARIO EXITOSO =====
Nombre: El archivo YAML debe tener la configuración de servicios correcta
]]></system-out>
  </testcase>
  <testcase name="El archivo YAML debe tener la configuración de servicios correcta #59" classname="Validación de configuración de archivo json en ambiente de Produccion #2" time="1.304">
    <system-out><![CDATA[
@yaml-prod
Escenario: El archivo YAML debe tener la configuración de servicios correcta    # src/test/resources/features/yaml-validation_prod.feature:74

===== INICIANDO ESCENARIO =====
Nombre: El archivo YAML debe tener la configuración de servicios correcta

===== INICIANDO ESCENARIO =====
Nombre: El archivo YAML debe tener la configuración de servicios correcta
Conectando al repositorio: confuturo_ti/reclamos/informe-reclamos
Buscando token en archivo .env...
Comprobando archivo .env en: C:\Users\spena\Desktop\AutomationYamlAndJson\AutomationYamlAndJsonMultiple\yaml-validator\.env
Comprobando archivo .env en: C:\Users\spena\Desktop\AutomationYamlAndJson\AutomationYamlAndJsonMultiple\yaml-validator\..\.env
Archivo .env encontrado en: C:\Users\spena\Desktop\AutomationYamlAndJson\AutomationYamlAndJsonMultiple\yaml-validator\..\.env
Token encontrado en archivo .env: ../.env
Conexión a GitLab establecida correctamente
Conexión establecida correctamente al repositorio: confuturo_ti/reclamos/informe-reclamos
  Dado que tengo acceso al repositorio 'confuturo_ti/reclamos/informe-reclamos' # com.confuturo.steps.YamlValidationSteps.queAccesoAlRepositorio(java.lang.String)
Intentando leer archivo YAML: helm/prod-values-gke.yaml del proyecto: confuturo_ti/reclamos/informe-reclamos
Proyecto encontrado con ID: 30289826
Intentando obtener archivo de la rama: develop
Archivo encontrado en la rama: develop
Contenido YAML guardado en 'gitlab-yaml-content.txt'
=== CONTENIDO YAML ORIGINAL ===
Longitud: 2052 caracteres
Primeras 300 caracteres:
# Default values for informe-reclamos.
# This is a YAML-formatted file.
# Declare variables to be passed into your templates.

replicaCount: 1

image:
  repository: confuturocloud/informe-reclamos
  pullPolicy: IfNotPresent
  # Overrides the image tag whose default is the chart appVersion.
  tag: "l
=== FIN DEL CONTENIDO ORIGINAL ===
=== PROCESO DE LIMPIEZA DE COMENTARIOS YAML ===
Línea 1:
  Original: [# Default values for informe-reclamos.]
  Limpia:   []
Línea 2:
  Original: [# This is a YAML-formatted file.]
  Limpia:   []
Línea 3:
  Original: [# Declare variables to be passed into your templates.]
  Limpia:   []
Línea 10:
  Original: [  # Overrides the image tag whose default is the chart appVersion.]
  Limpia:   []
Línea 19:
  Original: [  # Specifies whether a service account should be created]
  Limpia:   []
Línea 21:
  Original: [  # Annotations to add to the service account]
  Limpia:   []
Línea 23:
  Original: [  # The name of the service account to use.]
  Limpia:   []
Línea 24:
  Original: [  # If not set and create is true, a name is generated using the fullname template]
  Limpia:   []
Línea 31:
  Original: [  # fsGroup: 2000]
  Limpia:   []
Línea 35:
  Original: [  # capabilities:]
  Limpia:   []
Líneas originales: 96
Líneas procesadas: 96
Comentarios eliminados: 31
=== FIN DEL PROCESO DE LIMPIEZA ===
YAML limpio guardado en 'cleaned-yaml-content.txt'
Longitud después de limpieza: 861 caracteres
YAML limpio parseado correctamente
  Cuando leo el archivo 'helm/prod-values-gke.yaml'                             # com.confuturo.steps.YamlValidationSteps.leoElArchivo(java.lang.String)

============================================================
🔍 VERIFICANDO QUE NO EXISTA LA PALABRA EXACTA
============================================================
🎯 Palabra EXACTA que NO debe existir: 'qa'
📝 Nota: Búsqueda realizada en contenido SIN comentarios
Longitud del contenido a buscar: 861
Usando contenido: LIMPIO (sin comentarios)
¿Contiene 'qa' con búsqueda simple? false
Aplicando 9 patrones de búsqueda...
¿Palabra EXACTA encontrada? false
Total de contextos únicos: 0
✓ Correcto: La palabra EXACTA 'qa' NO fue encontrada como término independiente
ℹ Confirmado: La secuencia 'qa' no aparece en absoluto en el archivo
  Entonces el archivo Yaml NO debe contener la palabra "qa"                     # com.confuturo.steps.YamlValidationSteps.elArchivoYamlNoDebeContenerLaPalabra(java.lang.String)

===== ESCENARIO EXITOSO =====
Nombre: El archivo YAML debe tener la configuración de servicios correcta

===== ESCENARIO EXITOSO =====
Nombre: El archivo YAML debe tener la configuración de servicios correcta
]]></system-out>
  </testcase>
  <testcase name="El archivo YAML debe tener la configuración de servicios correcta #60" classname="Validación de configuración de archivo json en ambiente de Produccion #2" time="0.962">
    <system-out><![CDATA[
@yaml-prod
Escenario: El archivo YAML debe tener la configuración de servicios correcta                  # src/test/resources/features/yaml-validation_prod.feature:75

===== INICIANDO ESCENARIO =====
Nombre: El archivo YAML debe tener la configuración de servicios correcta

===== INICIANDO ESCENARIO =====
Nombre: El archivo YAML debe tener la configuración de servicios correcta
Conectando al repositorio: confuturo_ti/servicios-globales/intermediary-service
Buscando token en archivo .env...
Comprobando archivo .env en: C:\Users\spena\Desktop\AutomationYamlAndJson\AutomationYamlAndJsonMultiple\yaml-validator\.env
Comprobando archivo .env en: C:\Users\spena\Desktop\AutomationYamlAndJson\AutomationYamlAndJsonMultiple\yaml-validator\..\.env
Archivo .env encontrado en: C:\Users\spena\Desktop\AutomationYamlAndJson\AutomationYamlAndJsonMultiple\yaml-validator\..\.env
Token encontrado en archivo .env: ../.env
Conexión a GitLab establecida correctamente
Conexión establecida correctamente al repositorio: confuturo_ti/servicios-globales/intermediary-service
  Dado que tengo acceso al repositorio 'confuturo_ti/servicios-globales/intermediary-service' # com.confuturo.steps.YamlValidationSteps.queAccesoAlRepositorio(java.lang.String)
Intentando leer archivo YAML: helm/prod-values-gke.yaml del proyecto: confuturo_ti/servicios-globales/intermediary-service
Proyecto encontrado con ID: 40573233
Intentando obtener archivo de la rama: develop
Archivo encontrado en la rama: develop
Contenido YAML guardado en 'gitlab-yaml-content.txt'
=== CONTENIDO YAML ORIGINAL ===
Longitud: 1853 caracteres
Primeras 300 caracteres:
replicaCount: 1


image:
  repository: confuturocloud/intermediary-service
  tag: "latest"

imagePullSecrets:
  - name: confuturo-registry

nameOverride: ""
fullnameOverride: ""

serviceAccount:
  create: true
  annotations: {}
  name: ""

configmap:
  name: intermediary-service
  data:
    API_BASE
=== FIN DEL CONTENIDO ORIGINAL ===
=== PROCESO DE LIMPIEZA DE COMENTARIOS YAML ===
Líneas originales: 78
Líneas procesadas: 78
Comentarios eliminados: 0
=== FIN DEL PROCESO DE LIMPIEZA ===
YAML limpio guardado en 'cleaned-yaml-content.txt'
Longitud después de limpieza: 1854 caracteres
YAML limpio parseado correctamente
  Cuando leo el archivo 'helm/prod-values-gke.yaml'                                           # com.confuturo.steps.YamlValidationSteps.leoElArchivo(java.lang.String)

============================================================
🔍 VERIFICANDO QUE NO EXISTA LA PALABRA EXACTA
============================================================
🎯 Palabra EXACTA que NO debe existir: 'qa'
📝 Nota: Búsqueda realizada en contenido SIN comentarios
Longitud del contenido a buscar: 1854
Usando contenido: LIMPIO (sin comentarios)
¿Contiene 'qa' con búsqueda simple? false
Aplicando 9 patrones de búsqueda...
¿Palabra EXACTA encontrada? false
Total de contextos únicos: 0
✓ Correcto: La palabra EXACTA 'qa' NO fue encontrada como término independiente
ℹ Confirmado: La secuencia 'qa' no aparece en absoluto en el archivo
  Entonces el archivo Yaml NO debe contener la palabra "qa"                                   # com.confuturo.steps.YamlValidationSteps.elArchivoYamlNoDebeContenerLaPalabra(java.lang.String)

===== ESCENARIO EXITOSO =====
Nombre: El archivo YAML debe tener la configuración de servicios correcta

===== ESCENARIO EXITOSO =====
Nombre: El archivo YAML debe tener la configuración de servicios correcta
]]></system-out>
  </testcase>
  <testcase name="El archivo YAML debe tener la configuración de servicios correcta #61" classname="Validación de configuración de archivo json en ambiente de Produccion #2" time="1.03">
    <system-out><![CDATA[
@yaml-prod
Escenario: El archivo YAML debe tener la configuración de servicios correcta                                     # src/test/resources/features/yaml-validation_prod.feature:76

===== INICIANDO ESCENARIO =====
Nombre: El archivo YAML debe tener la configuración de servicios correcta

===== INICIANDO ESCENARIO =====
Nombre: El archivo YAML debe tener la configuración de servicios correcta
Conectando al repositorio: confuturo_ti/servicios-globales/investments-services/investment-service
Buscando token en archivo .env...
Comprobando archivo .env en: C:\Users\spena\Desktop\AutomationYamlAndJson\AutomationYamlAndJsonMultiple\yaml-validator\.env
Comprobando archivo .env en: C:\Users\spena\Desktop\AutomationYamlAndJson\AutomationYamlAndJsonMultiple\yaml-validator\..\.env
Archivo .env encontrado en: C:\Users\spena\Desktop\AutomationYamlAndJson\AutomationYamlAndJsonMultiple\yaml-validator\..\.env
Token encontrado en archivo .env: ../.env
Conexión a GitLab establecida correctamente
Conexión establecida correctamente al repositorio: confuturo_ti/servicios-globales/investments-services/investment-service
  Dado que tengo acceso al repositorio 'confuturo_ti/servicios-globales/investments-services/investment-service' # com.confuturo.steps.YamlValidationSteps.queAccesoAlRepositorio(java.lang.String)
Intentando leer archivo YAML: src/API/helm/prod-values-gke.yaml del proyecto: confuturo_ti/servicios-globales/investments-services/investment-service
Proyecto encontrado con ID: 40124686
Intentando obtener archivo de la rama: develop
Archivo encontrado en la rama: develop
Contenido YAML guardado en 'gitlab-yaml-content.txt'
=== CONTENIDO YAML ORIGINAL ===
Longitud: 2568 caracteres
Primeras 300 caracteres:
replicaCount: 1

image:
  repository: confuturocloud/investment-service-api
  pullPolicy: IfNotPresent
  tag: "latest"

imagePullSecrets:
  - name: confuturo-registry

nameOverride: ""
fullnameOverride: ""

serviceAccount:
  create: true
  annotations: {}
  name: ""

configmap:
  name: investment-se
=== FIN DEL CONTENIDO ORIGINAL ===
=== PROCESO DE LIMPIEZA DE COMENTARIOS YAML ===
Líneas originales: 94
Líneas procesadas: 94
Comentarios eliminados: 0
=== FIN DEL PROCESO DE LIMPIEZA ===
YAML limpio guardado en 'cleaned-yaml-content.txt'
Longitud después de limpieza: 2569 caracteres
YAML limpio parseado correctamente
  Cuando leo el archivo 'src/API/helm/prod-values-gke.yaml'                                                      # com.confuturo.steps.YamlValidationSteps.leoElArchivo(java.lang.String)

============================================================
🔍 VERIFICANDO QUE NO EXISTA LA PALABRA EXACTA
============================================================
🎯 Palabra EXACTA que NO debe existir: 'qa'
📝 Nota: Búsqueda realizada en contenido SIN comentarios
Longitud del contenido a buscar: 2569
Usando contenido: LIMPIO (sin comentarios)
¿Contiene 'qa' con búsqueda simple? false
Aplicando 9 patrones de búsqueda...
¿Palabra EXACTA encontrada? false
Total de contextos únicos: 0
✓ Correcto: La palabra EXACTA 'qa' NO fue encontrada como término independiente
ℹ Confirmado: La secuencia 'qa' no aparece en absoluto en el archivo
  Entonces el archivo Yaml NO debe contener la palabra "qa"                                                      # com.confuturo.steps.YamlValidationSteps.elArchivoYamlNoDebeContenerLaPalabra(java.lang.String)

===== ESCENARIO EXITOSO =====
Nombre: El archivo YAML debe tener la configuración de servicios correcta

===== ESCENARIO EXITOSO =====
Nombre: El archivo YAML debe tener la configuración de servicios correcta
]]></system-out>
  </testcase>
  <testcase name="El archivo YAML debe tener la configuración de servicios correcta #62" classname="Validación de configuración de archivo json en ambiente de Produccion #2" time="1.14">
    <system-out><![CDATA[
@yaml-prod
Escenario: El archivo YAML debe tener la configuración de servicios correcta                 # src/test/resources/features/yaml-validation_prod.feature:77

===== INICIANDO ESCENARIO =====
Nombre: El archivo YAML debe tener la configuración de servicios correcta

===== INICIANDO ESCENARIO =====
Nombre: El archivo YAML debe tener la configuración de servicios correcta
Conectando al repositorio: confuturo_ti/sucursalvirtual/microservicio-archivos
Buscando token en archivo .env...
Comprobando archivo .env en: C:\Users\spena\Desktop\AutomationYamlAndJson\AutomationYamlAndJsonMultiple\yaml-validator\.env
Comprobando archivo .env en: C:\Users\spena\Desktop\AutomationYamlAndJson\AutomationYamlAndJsonMultiple\yaml-validator\..\.env
Archivo .env encontrado en: C:\Users\spena\Desktop\AutomationYamlAndJson\AutomationYamlAndJsonMultiple\yaml-validator\..\.env
Token encontrado en archivo .env: ../.env
Conexión a GitLab establecida correctamente
Conexión establecida correctamente al repositorio: confuturo_ti/sucursalvirtual/microservicio-archivos
  Dado que tengo acceso al repositorio 'confuturo_ti/sucursalvirtual/microservicio-archivos' # com.confuturo.steps.YamlValidationSteps.queAccesoAlRepositorio(java.lang.String)
Intentando leer archivo YAML: helm/prod-values-gke.yaml del proyecto: confuturo_ti/sucursalvirtual/microservicio-archivos
Proyecto encontrado con ID: 22471225
Intentando obtener archivo de la rama: develop
Archivo encontrado en la rama: develop
Contenido YAML guardado en 'gitlab-yaml-content.txt'
=== CONTENIDO YAML ORIGINAL ===
Longitud: 2323 caracteres
Primeras 300 caracteres:
replicas: 1

image:
  repository: confuturocloud/microservicio-archivos
  pullPolicy: IfNotPresent
  name: microservicio-archivos
  port: 80
  tag: "latest"

configmap: 
  name: confuturo-microservicios-archivos
  data:
    ASPNETCORE_ENVIRONMENT: "prod"
    AlfrescoConfuturo__ApiDescargaUrl: "http:
=== FIN DEL CONTENIDO ORIGINAL ===
=== PROCESO DE LIMPIEZA DE COMENTARIOS YAML ===
Líneas originales: 84
Líneas procesadas: 84
Comentarios eliminados: 0
=== FIN DEL PROCESO DE LIMPIEZA ===
YAML limpio guardado en 'cleaned-yaml-content.txt'
Longitud después de limpieza: 2324 caracteres
YAML limpio parseado correctamente
  Cuando leo el archivo 'helm/prod-values-gke.yaml'                                          # com.confuturo.steps.YamlValidationSteps.leoElArchivo(java.lang.String)

============================================================
🔍 VERIFICANDO QUE NO EXISTA LA PALABRA EXACTA
============================================================
🎯 Palabra EXACTA que NO debe existir: 'qa'
📝 Nota: Búsqueda realizada en contenido SIN comentarios
Longitud del contenido a buscar: 2324
Usando contenido: LIMPIO (sin comentarios)
¿Contiene 'qa' con búsqueda simple? false
Aplicando 9 patrones de búsqueda...
¿Palabra EXACTA encontrada? false
Total de contextos únicos: 0
✓ Correcto: La palabra EXACTA 'qa' NO fue encontrada como término independiente
ℹ Confirmado: La secuencia 'qa' no aparece en absoluto en el archivo
  Entonces el archivo Yaml NO debe contener la palabra "qa"                                  # com.confuturo.steps.YamlValidationSteps.elArchivoYamlNoDebeContenerLaPalabra(java.lang.String)

===== ESCENARIO EXITOSO =====
Nombre: El archivo YAML debe tener la configuración de servicios correcta

===== ESCENARIO EXITOSO =====
Nombre: El archivo YAML debe tener la configuración de servicios correcta
]]></system-out>
  </testcase>
  <testcase name="El archivo YAML debe tener la configuración de servicios correcta #63" classname="Validación de configuración de archivo json en ambiente de Produccion #2" time="1.032">
    <failure message="Se encontraron 1 errores de validación. Consulta el detalle en los logs." type="java.lang.AssertionError"><![CDATA[java.lang.AssertionError: Se encontraron 1 errores de validación. Consulta el detalle en los logs.
	at com.confuturo.steps.YamlValidationSteps.afterScenario(YamlValidationSteps.java:48)
]]></failure>
    <system-out><![CDATA[
@yaml-prod
Escenario: El archivo YAML debe tener la configuración de servicios correcta                                     # src/test/resources/features/yaml-validation_prod.feature:78

===== INICIANDO ESCENARIO =====
Nombre: El archivo YAML debe tener la configuración de servicios correcta

===== INICIANDO ESCENARIO =====
Nombre: El archivo YAML debe tener la configuración de servicios correcta
Conectando al repositorio: confuturo_ti/sucursalvirtual/microservicio-backend-app-sucursal-virtual
Buscando token en archivo .env...
Comprobando archivo .env en: C:\Users\spena\Desktop\AutomationYamlAndJson\AutomationYamlAndJsonMultiple\yaml-validator\.env
Comprobando archivo .env en: C:\Users\spena\Desktop\AutomationYamlAndJson\AutomationYamlAndJsonMultiple\yaml-validator\..\.env
Archivo .env encontrado en: C:\Users\spena\Desktop\AutomationYamlAndJson\AutomationYamlAndJsonMultiple\yaml-validator\..\.env
Token encontrado en archivo .env: ../.env
Conexión a GitLab establecida correctamente
Conexión establecida correctamente al repositorio: confuturo_ti/sucursalvirtual/microservicio-backend-app-sucursal-virtual
  Dado que tengo acceso al repositorio 'confuturo_ti/sucursalvirtual/microservicio-backend-app-sucursal-virtual' # com.confuturo.steps.YamlValidationSteps.queAccesoAlRepositorio(java.lang.String)
Intentando leer archivo YAML: helm/prod-values-gke.yaml del proyecto: confuturo_ti/sucursalvirtual/microservicio-backend-app-sucursal-virtual
Proyecto encontrado con ID: 22471889
Intentando obtener archivo de la rama: develop
Archivo encontrado en la rama: develop
Contenido YAML guardado en 'gitlab-yaml-content.txt'
=== CONTENIDO YAML ORIGINAL ===
Longitud: 3180 caracteres
Primeras 300 caracteres:
replicaCount: 1

image:
  repository: confuturocloud/microservicio-backend-app-sucursal-virtual
  pullPolicy: IfNotPresent
  name: microservicio-backend-app-sucursal-virtual
  tag: "latest"

configmap: 
  name: confuturo-microservicios-backendappsucursalvirtual
  data:
    ASPNETCORE_ENVIRONMENT: "p
=== FIN DEL CONTENIDO ORIGINAL ===
=== PROCESO DE LIMPIEZA DE COMENTARIOS YAML ===
Líneas originales: 102
Líneas procesadas: 102
Comentarios eliminados: 0
=== FIN DEL PROCESO DE LIMPIEZA ===
YAML limpio guardado en 'cleaned-yaml-content.txt'
Longitud después de limpieza: 3181 caracteres
YAML limpio parseado correctamente
  Cuando leo el archivo 'helm/prod-values-gke.yaml'                                                              # com.confuturo.steps.YamlValidationSteps.leoElArchivo(java.lang.String)

============================================================
🔍 VERIFICANDO QUE NO EXISTA LA PALABRA EXACTA
============================================================
🎯 Palabra EXACTA que NO debe existir: 'qa'
📝 Nota: Búsqueda realizada en contenido SIN comentarios
Longitud del contenido a buscar: 3181
Usando contenido: LIMPIO (sin comentarios)
¿Contiene 'qa' con búsqueda simple? true
Ejemplos de dónde aparece (máximo 3):
  1: ...
  hosts:
    - host: backend.qa.seguros.local
      paths:
  ...
  2: ...ns: ["http://sucursal-virtual.qa.seguros.local"]
      methods...
Aplicando 9 patrones de búsqueda...
Patrón 2 (\.\Qqa\E(?=[-\.])): 2 coincidencias
Patrón 3 ((?<=[:/\.])\Qqa\E(?=[-\.])): 2 coincidencias
Patrón 8 (\b\QQA\E\b): 2 coincidencias
Patrón 9 (\b\Qqa\E\b(?![a-zA-Z])): 2 coincidencias
¿Palabra EXACTA encontrada? true
Total de contextos únicos: 4
  Entonces el archivo Yaml NO debe contener la palabra "qa"                                                      # com.confuturo.steps.YamlValidationSteps.elArchivoYamlNoDebeContenerLaPalabra(java.lang.String)

===== ERRORES DE VALIDACIÓN ENCONTRADOS =====

    Error de validación: La palabra EXACTA 'qa' fue encontrada en el archivo pero NO debería estar presente. Total ocurrencias: 4. Contexto(s): Patrón 2: ...l hosts: - host: backend.qa.seguros.local paths: ... | Patrón 2: ...ins: ["http://sucursal-virtual.qa.seguros.local"] methods... | Patrón 3: ... hosts: - host: backend.qa.seguros.local paths: ... | Patrón 3: ...ns: ["http://sucursal-virtual.qa.seguros.local"] methods...


    Embedding Error de validación [text/plain 407 bytes]

      java.lang.AssertionError: Se encontraron 1 errores de validación. Consulta el detalle en los logs.
	at com.confuturo.steps.YamlValidationSteps.afterScenario(YamlValidationSteps.java:48)


===== ESCENARIO FALLIDO =====
Nombre: El archivo YAML debe tener la configuración de servicios correcta
Error: 35b97a50-1263-44bf-915e-5bb239417fae
]]></system-out>
    <system-err><![CDATA[¡ERROR DE VALIDACIÓN! La palabra EXACTA 'qa' fue encontrada en el archivo pero NO debería estar presente. Total ocurrencias: 4. Contexto(s): Patrón 2: ...l hosts: - host: backend.qa.seguros.local paths: ... | Patrón 2: ...ins: ["http://sucursal-virtual.qa.seguros.local"] methods... | Patrón 3: ... hosts: - host: backend.qa.seguros.local paths: ... | Patrón 3: ...ns: ["http://sucursal-virtual.qa.seguros.local"] methods...
- La palabra EXACTA 'qa' fue encontrada en el archivo pero NO debería estar presente. Total ocurrencias: 4. Contexto(s): Patrón 2: ...l hosts: - host: backend.qa.seguros.local paths: ... | Patrón 2: ...ins: ["http://sucursal-virtual.qa.seguros.local"] methods... | Patrón 3: ... hosts: - host: backend.qa.seguros.local paths: ... | Patrón 3: ...ns: ["http://sucursal-virtual.qa.seguros.local"] methods...
]]></system-err>
  </testcase>
  <testcase name="El archivo YAML debe tener la configuración de servicios correcta #64" classname="Validación de configuración de archivo json en ambiente de Produccion #2" time="1.109">
    <system-out><![CDATA[
@yaml-prod
Escenario: El archivo YAML debe tener la configuración de servicios correcta                           # src/test/resources/features/yaml-validation_prod.feature:79

===== INICIANDO ESCENARIO =====
Nombre: El archivo YAML debe tener la configuración de servicios correcta

===== INICIANDO ESCENARIO =====
Nombre: El archivo YAML debe tener la configuración de servicios correcta
Conectando al repositorio: confuturo_ti/sucursalvirtual/microservicio-backend-backoffice
Buscando token en archivo .env...
Comprobando archivo .env en: C:\Users\spena\Desktop\AutomationYamlAndJson\AutomationYamlAndJsonMultiple\yaml-validator\.env
Comprobando archivo .env en: C:\Users\spena\Desktop\AutomationYamlAndJson\AutomationYamlAndJsonMultiple\yaml-validator\..\.env
Archivo .env encontrado en: C:\Users\spena\Desktop\AutomationYamlAndJson\AutomationYamlAndJsonMultiple\yaml-validator\..\.env
Token encontrado en archivo .env: ../.env
Conexión a GitLab establecida correctamente
Conexión establecida correctamente al repositorio: confuturo_ti/sucursalvirtual/microservicio-backend-backoffice
  Dado que tengo acceso al repositorio 'confuturo_ti/sucursalvirtual/microservicio-backend-backoffice' # com.confuturo.steps.YamlValidationSteps.queAccesoAlRepositorio(java.lang.String)
Intentando leer archivo YAML: helm/prod-values-gke.yaml del proyecto: confuturo_ti/sucursalvirtual/microservicio-backend-backoffice
Proyecto encontrado con ID: 22471594
Intentando obtener archivo de la rama: develop
Archivo encontrado en la rama: develop
Contenido YAML guardado en 'gitlab-yaml-content.txt'
=== CONTENIDO YAML ORIGINAL ===
Longitud: 2589 caracteres
Primeras 300 caracteres:
replicaCount: 1

image:
  repository: confuturocloud/microservicio-backend-backoffice
  name: microservicio-backend-backoffice
  pullPolicy: IfNotPresent
  tag: "latest"

configmap: 
  name: confuturo-microservicios-backendbackoffice
  data:
    ASPNETCORE_ENVIRONMENT: "prod"
    Logging__GELF__Host
=== FIN DEL CONTENIDO ORIGINAL ===
=== PROCESO DE LIMPIEZA DE COMENTARIOS YAML ===
Líneas originales: 91
Líneas procesadas: 91
Comentarios eliminados: 0
=== FIN DEL PROCESO DE LIMPIEZA ===
YAML limpio guardado en 'cleaned-yaml-content.txt'
Longitud después de limpieza: 2590 caracteres
YAML limpio parseado correctamente
  Cuando leo el archivo 'helm/prod-values-gke.yaml'                                                    # com.confuturo.steps.YamlValidationSteps.leoElArchivo(java.lang.String)

============================================================
🔍 VERIFICANDO QUE NO EXISTA LA PALABRA EXACTA
============================================================
🎯 Palabra EXACTA que NO debe existir: 'qa'
📝 Nota: Búsqueda realizada en contenido SIN comentarios
Longitud del contenido a buscar: 2590
Usando contenido: LIMPIO (sin comentarios)
¿Contiene 'qa' con búsqueda simple? false
Aplicando 9 patrones de búsqueda...
¿Palabra EXACTA encontrada? false
Total de contextos únicos: 0
✓ Correcto: La palabra EXACTA 'qa' NO fue encontrada como término independiente
ℹ Confirmado: La secuencia 'qa' no aparece en absoluto en el archivo
  Entonces el archivo Yaml NO debe contener la palabra "qa"                                            # com.confuturo.steps.YamlValidationSteps.elArchivoYamlNoDebeContenerLaPalabra(java.lang.String)

===== ESCENARIO EXITOSO =====
Nombre: El archivo YAML debe tener la configuración de servicios correcta

===== ESCENARIO EXITOSO =====
Nombre: El archivo YAML debe tener la configuración de servicios correcta
]]></system-out>
  </testcase>
  <testcase name="El archivo YAML debe tener la configuración de servicios correcta #65" classname="Validación de configuración de archivo json en ambiente de Produccion #2" time="1.159">
    <system-out><![CDATA[
@yaml-prod
Escenario: El archivo YAML debe tener la configuración de servicios correcta               # src/test/resources/features/yaml-validation_prod.feature:80

===== INICIANDO ESCENARIO =====
Nombre: El archivo YAML debe tener la configuración de servicios correcta

===== INICIANDO ESCENARIO =====
Nombre: El archivo YAML debe tener la configuración de servicios correcta
Conectando al repositorio: confuturo_ti/sucursalvirtual/microservicio-emails
Buscando token en archivo .env...
Comprobando archivo .env en: C:\Users\spena\Desktop\AutomationYamlAndJson\AutomationYamlAndJsonMultiple\yaml-validator\.env
Comprobando archivo .env en: C:\Users\spena\Desktop\AutomationYamlAndJson\AutomationYamlAndJsonMultiple\yaml-validator\..\.env
Archivo .env encontrado en: C:\Users\spena\Desktop\AutomationYamlAndJson\AutomationYamlAndJsonMultiple\yaml-validator\..\.env
Token encontrado en archivo .env: ../.env
Conexión a GitLab establecida correctamente
Conexión establecida correctamente al repositorio: confuturo_ti/sucursalvirtual/microservicio-emails
  Dado que tengo acceso al repositorio 'confuturo_ti/sucursalvirtual/microservicio-emails' # com.confuturo.steps.YamlValidationSteps.queAccesoAlRepositorio(java.lang.String)
Intentando leer archivo YAML: helm/prod-values-gke.yaml del proyecto: confuturo_ti/sucursalvirtual/microservicio-emails
Proyecto encontrado con ID: 22471683
Intentando obtener archivo de la rama: develop
Archivo encontrado en la rama: develop
Contenido YAML guardado en 'gitlab-yaml-content.txt'
=== CONTENIDO YAML ORIGINAL ===
Longitud: 1962 caracteres
Primeras 300 caracteres:
replicaCount: 1

image:
  repository: confuturocloud/microservicio-emails
  pullPolicy: IfNotPresent
  name: microservicio-emails
  tag: "latest"


configmap: 
  name: microservicio-emails
  data:
    ASPNETCORE_ENVIRONMENT: "prod"
    Logging__GELF__Host: "192.168.154.88"
    Logging__GELF__LogSour
=== FIN DEL CONTENIDO ORIGINAL ===
=== PROCESO DE LIMPIEZA DE COMENTARIOS YAML ===
Líneas originales: 94
Líneas procesadas: 94
Comentarios eliminados: 0
=== FIN DEL PROCESO DE LIMPIEZA ===
YAML limpio guardado en 'cleaned-yaml-content.txt'
Longitud después de limpieza: 1962 caracteres
YAML limpio parseado correctamente
  Cuando leo el archivo 'helm/prod-values-gke.yaml'                                        # com.confuturo.steps.YamlValidationSteps.leoElArchivo(java.lang.String)

============================================================
🔍 VERIFICANDO QUE NO EXISTA LA PALABRA EXACTA
============================================================
🎯 Palabra EXACTA que NO debe existir: 'qa'
📝 Nota: Búsqueda realizada en contenido SIN comentarios
Longitud del contenido a buscar: 1962
Usando contenido: LIMPIO (sin comentarios)
¿Contiene 'qa' con búsqueda simple? false
Aplicando 9 patrones de búsqueda...
¿Palabra EXACTA encontrada? false
Total de contextos únicos: 0
✓ Correcto: La palabra EXACTA 'qa' NO fue encontrada como término independiente
ℹ Confirmado: La secuencia 'qa' no aparece en absoluto en el archivo
  Entonces el archivo Yaml NO debe contener la palabra "qa"                                # com.confuturo.steps.YamlValidationSteps.elArchivoYamlNoDebeContenerLaPalabra(java.lang.String)

===== ESCENARIO EXITOSO =====
Nombre: El archivo YAML debe tener la configuración de servicios correcta

===== ESCENARIO EXITOSO =====
Nombre: El archivo YAML debe tener la configuración de servicios correcta
]]></system-out>
  </testcase>
  <testcase name="El archivo YAML debe tener la configuración de servicios correcta #66" classname="Validación de configuración de archivo json en ambiente de Produccion #2" time="1.11">
    <system-out><![CDATA[
@yaml-prod
Escenario: El archivo YAML debe tener la configuración de servicios correcta                        # src/test/resources/features/yaml-validation_prod.feature:81

===== INICIANDO ESCENARIO =====
Nombre: El archivo YAML debe tener la configuración de servicios correcta

===== INICIANDO ESCENARIO =====
Nombre: El archivo YAML debe tener la configuración de servicios correcta
Conectando al repositorio: confuturo_ti/sucursalvirtual/microservicio-generacion-pdfs
Buscando token en archivo .env...
Comprobando archivo .env en: C:\Users\spena\Desktop\AutomationYamlAndJson\AutomationYamlAndJsonMultiple\yaml-validator\.env
Comprobando archivo .env en: C:\Users\spena\Desktop\AutomationYamlAndJson\AutomationYamlAndJsonMultiple\yaml-validator\..\.env
Archivo .env encontrado en: C:\Users\spena\Desktop\AutomationYamlAndJson\AutomationYamlAndJsonMultiple\yaml-validator\..\.env
Token encontrado en archivo .env: ../.env
Conexión a GitLab establecida correctamente
Conexión establecida correctamente al repositorio: confuturo_ti/sucursalvirtual/microservicio-generacion-pdfs
  Dado que tengo acceso al repositorio 'confuturo_ti/sucursalvirtual/microservicio-generacion-pdfs' # com.confuturo.steps.YamlValidationSteps.queAccesoAlRepositorio(java.lang.String)
Intentando leer archivo YAML: helm/prod-values-gke.yaml del proyecto: confuturo_ti/sucursalvirtual/microservicio-generacion-pdfs
Proyecto encontrado con ID: 22471770
Intentando obtener archivo de la rama: develop
Archivo encontrado en la rama: develop
Contenido YAML guardado en 'gitlab-yaml-content.txt'
=== CONTENIDO YAML ORIGINAL ===
Longitud: 1368 caracteres
Primeras 300 caracteres:
replicaCount: 1

image:
  repository: confuturocloud/microservicio-generacion-pdfs
  pullPolicy: IfNotPresent
  name: microservicio-generacion-pdfs
  tag: "latest"

configmap: 
  name: microservicio-generacion-pdfs
  data:
    ASPNETCORE_ENVIRONMENT: "prod"
    Logging__GELF__Host: "192.168.154.88"

=== FIN DEL CONTENIDO ORIGINAL ===
=== PROCESO DE LIMPIEZA DE COMENTARIOS YAML ===
Líneas originales: 79
Líneas procesadas: 79
Comentarios eliminados: 0
=== FIN DEL PROCESO DE LIMPIEZA ===
YAML limpio guardado en 'cleaned-yaml-content.txt'
Longitud después de limpieza: 1368 caracteres
YAML limpio parseado correctamente
  Cuando leo el archivo 'helm/prod-values-gke.yaml'                                                 # com.confuturo.steps.YamlValidationSteps.leoElArchivo(java.lang.String)

============================================================
🔍 VERIFICANDO QUE NO EXISTA LA PALABRA EXACTA
============================================================
🎯 Palabra EXACTA que NO debe existir: 'qa'
📝 Nota: Búsqueda realizada en contenido SIN comentarios
Longitud del contenido a buscar: 1368
Usando contenido: LIMPIO (sin comentarios)
¿Contiene 'qa' con búsqueda simple? false
Aplicando 9 patrones de búsqueda...
¿Palabra EXACTA encontrada? false
Total de contextos únicos: 0
✓ Correcto: La palabra EXACTA 'qa' NO fue encontrada como término independiente
ℹ Confirmado: La secuencia 'qa' no aparece en absoluto en el archivo
  Entonces el archivo Yaml NO debe contener la palabra "qa"                                         # com.confuturo.steps.YamlValidationSteps.elArchivoYamlNoDebeContenerLaPalabra(java.lang.String)

===== ESCENARIO EXITOSO =====
Nombre: El archivo YAML debe tener la configuración de servicios correcta

===== ESCENARIO EXITOSO =====
Nombre: El archivo YAML debe tener la configuración de servicios correcta
]]></system-out>
  </testcase>
  <testcase name="El archivo YAML debe tener la configuración de servicios correcta #67" classname="Validación de configuración de archivo json en ambiente de Produccion #2" time="1.059">
    <system-out><![CDATA[
@yaml-prod
Escenario: El archivo YAML debe tener la configuración de servicios correcta                      # src/test/resources/features/yaml-validation_prod.feature:82

===== INICIANDO ESCENARIO =====
Nombre: El archivo YAML debe tener la configuración de servicios correcta

===== INICIANDO ESCENARIO =====
Nombre: El archivo YAML debe tener la configuración de servicios correcta
Conectando al repositorio: confuturo_ti/sucursalvirtual/microservicio-transacciones
Buscando token en archivo .env...
Comprobando archivo .env en: C:\Users\spena\Desktop\AutomationYamlAndJson\AutomationYamlAndJsonMultiple\yaml-validator\.env
Comprobando archivo .env en: C:\Users\spena\Desktop\AutomationYamlAndJson\AutomationYamlAndJsonMultiple\yaml-validator\..\.env
Archivo .env encontrado en: C:\Users\spena\Desktop\AutomationYamlAndJson\AutomationYamlAndJsonMultiple\yaml-validator\..\.env
Token encontrado en archivo .env: ../.env
Conexión a GitLab establecida correctamente
Conexión establecida correctamente al repositorio: confuturo_ti/sucursalvirtual/microservicio-transacciones
  Dado que tengo acceso al repositorio 'confuturo_ti/sucursalvirtual/microservicio-transacciones' # com.confuturo.steps.YamlValidationSteps.queAccesoAlRepositorio(java.lang.String)
Intentando leer archivo YAML: helm/prod-values-gke.yaml del proyecto: confuturo_ti/sucursalvirtual/microservicio-transacciones
Proyecto encontrado con ID: 22471665
Intentando obtener archivo de la rama: develop
Archivo encontrado en la rama: develop
Contenido YAML guardado en 'gitlab-yaml-content.txt'
=== CONTENIDO YAML ORIGINAL ===
Longitud: 1852 caracteres
Primeras 300 caracteres:
replicaCount: 1

image:
  repository: confuturocloud/microservicio-transacciones
  pullPolicy: IfNotPresent
  name: microservicio-transacciones
  tag: "latest"

configmap: 
  name: confuturo-microservicios-transacciones
  data:
    ASPNETCORE_ENVIRONMENT: "prod"
    Logging__GELF__Host: "192.168.154
=== FIN DEL CONTENIDO ORIGINAL ===
=== PROCESO DE LIMPIEZA DE COMENTARIOS YAML ===
Líneas originales: 69
Líneas procesadas: 69
Comentarios eliminados: 0
=== FIN DEL PROCESO DE LIMPIEZA ===
YAML limpio guardado en 'cleaned-yaml-content.txt'
Longitud después de limpieza: 1853 caracteres
YAML limpio parseado correctamente
  Cuando leo el archivo 'helm/prod-values-gke.yaml'                                               # com.confuturo.steps.YamlValidationSteps.leoElArchivo(java.lang.String)

============================================================
🔍 VERIFICANDO QUE NO EXISTA LA PALABRA EXACTA
============================================================
🎯 Palabra EXACTA que NO debe existir: 'qa'
📝 Nota: Búsqueda realizada en contenido SIN comentarios
Longitud del contenido a buscar: 1853
Usando contenido: LIMPIO (sin comentarios)
¿Contiene 'qa' con búsqueda simple? false
Aplicando 9 patrones de búsqueda...
¿Palabra EXACTA encontrada? false
Total de contextos únicos: 0
✓ Correcto: La palabra EXACTA 'qa' NO fue encontrada como término independiente
ℹ Confirmado: La secuencia 'qa' no aparece en absoluto en el archivo
  Entonces el archivo Yaml NO debe contener la palabra "qa"                                       # com.confuturo.steps.YamlValidationSteps.elArchivoYamlNoDebeContenerLaPalabra(java.lang.String)

===== ESCENARIO EXITOSO =====
Nombre: El archivo YAML debe tener la configuración de servicios correcta

===== ESCENARIO EXITOSO =====
Nombre: El archivo YAML debe tener la configuración de servicios correcta
]]></system-out>
  </testcase>
  <testcase name="El archivo YAML debe tener la configuración de servicios correcta #68" classname="Validación de configuración de archivo json en ambiente de Produccion #2" time="0.996">
    <system-out><![CDATA[
@yaml-prod
Escenario: El archivo YAML debe tener la configuración de servicios correcta                     # src/test/resources/features/yaml-validation_prod.feature:84

===== INICIANDO ESCENARIO =====
Nombre: El archivo YAML debe tener la configuración de servicios correcta

===== INICIANDO ESCENARIO =====
Nombre: El archivo YAML debe tener la configuración de servicios correcta
Conectando al repositorio: confuturo_ti/servicios-de-pago/payment-backoffice-front
Buscando token en archivo .env...
Comprobando archivo .env en: C:\Users\spena\Desktop\AutomationYamlAndJson\AutomationYamlAndJsonMultiple\yaml-validator\.env
Comprobando archivo .env en: C:\Users\spena\Desktop\AutomationYamlAndJson\AutomationYamlAndJsonMultiple\yaml-validator\..\.env
Archivo .env encontrado en: C:\Users\spena\Desktop\AutomationYamlAndJson\AutomationYamlAndJsonMultiple\yaml-validator\..\.env
Token encontrado en archivo .env: ../.env
Conexión a GitLab establecida correctamente
Conexión establecida correctamente al repositorio: confuturo_ti/servicios-de-pago/payment-backoffice-front
  Dado que tengo acceso al repositorio 'confuturo_ti/servicios-de-pago/payment-backoffice-front' # com.confuturo.steps.YamlValidationSteps.queAccesoAlRepositorio(java.lang.String)
Intentando leer archivo YAML: helm/prod-values-gke.yaml del proyecto: confuturo_ti/servicios-de-pago/payment-backoffice-front
Proyecto encontrado con ID: 34311810
Intentando obtener archivo de la rama: develop
Archivo encontrado en la rama: develop
Contenido YAML guardado en 'gitlab-yaml-content.txt'
=== CONTENIDO YAML ORIGINAL ===
Longitud: 840 caracteres
Primeras 300 caracteres:
replicaCount: 1

image:
  repository: confuturocloud/payment-backoffice-front
  pullPolicy: IfNotPresent
  tag: "latest"

imagePullSecrets:
  - name: confuturo-registry

nameOverride: ""
fullnameOverride: ""

serviceAccount:
  create: true
  annotations: {}
  name: ""

configmap: {}

service:
  type
=== FIN DEL CONTENIDO ORIGINAL ===
=== PROCESO DE LIMPIEZA DE COMENTARIOS YAML ===
Líneas originales: 48
Líneas procesadas: 48
Comentarios eliminados: 0
=== FIN DEL PROCESO DE LIMPIEZA ===
YAML limpio guardado en 'cleaned-yaml-content.txt'
Longitud después de limpieza: 841 caracteres
YAML limpio parseado correctamente
  Cuando leo el archivo 'helm/prod-values-gke.yaml'                                              # com.confuturo.steps.YamlValidationSteps.leoElArchivo(java.lang.String)

============================================================
🔍 VERIFICANDO QUE NO EXISTA LA PALABRA EXACTA
============================================================
🎯 Palabra EXACTA que NO debe existir: 'qa'
📝 Nota: Búsqueda realizada en contenido SIN comentarios
Longitud del contenido a buscar: 841
Usando contenido: LIMPIO (sin comentarios)
¿Contiene 'qa' con búsqueda simple? false
Aplicando 9 patrones de búsqueda...
¿Palabra EXACTA encontrada? false
Total de contextos únicos: 0
✓ Correcto: La palabra EXACTA 'qa' NO fue encontrada como término independiente
ℹ Confirmado: La secuencia 'qa' no aparece en absoluto en el archivo
  Entonces el archivo Yaml NO debe contener la palabra "qa"                                      # com.confuturo.steps.YamlValidationSteps.elArchivoYamlNoDebeContenerLaPalabra(java.lang.String)

===== ESCENARIO EXITOSO =====
Nombre: El archivo YAML debe tener la configuración de servicios correcta

===== ESCENARIO EXITOSO =====
Nombre: El archivo YAML debe tener la configuración de servicios correcta
]]></system-out>
  </testcase>
  <testcase name="El archivo YAML debe tener la configuración de servicios correcta #69" classname="Validación de configuración de archivo json en ambiente de Produccion #2" time="1.13">
    <system-out><![CDATA[
@yaml-prod
Escenario: El archivo YAML debe tener la configuración de servicios correcta                        # src/test/resources/features/yaml-validation_prod.feature:85

===== INICIANDO ESCENARIO =====
Nombre: El archivo YAML debe tener la configuración de servicios correcta

===== INICIANDO ESCENARIO =====
Nombre: El archivo YAML debe tener la configuración de servicios correcta
Conectando al repositorio: confuturo_ti/servicios-de-pago/payment-notification-worker
Buscando token en archivo .env...
Comprobando archivo .env en: C:\Users\spena\Desktop\AutomationYamlAndJson\AutomationYamlAndJsonMultiple\yaml-validator\.env
Comprobando archivo .env en: C:\Users\spena\Desktop\AutomationYamlAndJson\AutomationYamlAndJsonMultiple\yaml-validator\..\.env
Archivo .env encontrado en: C:\Users\spena\Desktop\AutomationYamlAndJson\AutomationYamlAndJsonMultiple\yaml-validator\..\.env
Token encontrado en archivo .env: ../.env
Conexión a GitLab establecida correctamente
Conexión establecida correctamente al repositorio: confuturo_ti/servicios-de-pago/payment-notification-worker
  Dado que tengo acceso al repositorio 'confuturo_ti/servicios-de-pago/payment-notification-worker' # com.confuturo.steps.YamlValidationSteps.queAccesoAlRepositorio(java.lang.String)
Intentando leer archivo YAML: helm/prod-values-gke.yaml del proyecto: confuturo_ti/servicios-de-pago/payment-notification-worker
Proyecto encontrado con ID: 52756990
Intentando obtener archivo de la rama: develop
Archivo encontrado en la rama: develop
Contenido YAML guardado en 'gitlab-yaml-content.txt'
=== CONTENIDO YAML ORIGINAL ===
Longitud: 2738 caracteres
Primeras 300 caracteres:
# Default values for payment-notification-worker.
# This is a YAML-formatted file.
# Declare variables to be passed into your templates.

replicaCount: 1

image:
  repository: confuturocloud/payment-notification-worker
  pullPolicy: IfNotPresent
  # Overrides the image tag whose default is the chart
=== FIN DEL CONTENIDO ORIGINAL ===
=== PROCESO DE LIMPIEZA DE COMENTARIOS YAML ===
Línea 1:
  Original: [# Default values for payment-notification-worker.]
  Limpia:   []
Línea 2:
  Original: [# This is a YAML-formatted file.]
  Limpia:   []
Línea 3:
  Original: [# Declare variables to be passed into your templates.]
  Limpia:   []
Línea 10:
  Original: [  # Overrides the image tag whose default is the chart appVersion.]
  Limpia:   []
Línea 19:
  Original: [  # Specifies whether a service account should be created]
  Limpia:   []
Línea 21:
  Original: [  # Annotations to add to the service account]
  Limpia:   []
Línea 23:
  Original: [  # The name of the service account to use.]
  Limpia:   []
Línea 24:
  Original: [  # If not set and create is true, a name is generated using the fullname template]
  Limpia:   []
Línea 55:
  Original: [  # fsGroup: 2000]
  Limpia:   []
Línea 59:
  Original: [  # capabilities:]
  Limpia:   []
Líneas originales: 105
Líneas procesadas: 105
Comentarios eliminados: 26
=== FIN DEL PROCESO DE LIMPIEZA ===
YAML limpio guardado en 'cleaned-yaml-content.txt'
Longitud después de limpieza: 1691 caracteres
YAML limpio parseado correctamente
  Cuando leo el archivo 'helm/prod-values-gke.yaml'                                                 # com.confuturo.steps.YamlValidationSteps.leoElArchivo(java.lang.String)

============================================================
🔍 VERIFICANDO QUE NO EXISTA LA PALABRA EXACTA
============================================================
🎯 Palabra EXACTA que NO debe existir: 'qa'
📝 Nota: Búsqueda realizada en contenido SIN comentarios
Longitud del contenido a buscar: 1691
Usando contenido: LIMPIO (sin comentarios)
¿Contiene 'qa' con búsqueda simple? false
Aplicando 9 patrones de búsqueda...
¿Palabra EXACTA encontrada? false
Total de contextos únicos: 0
✓ Correcto: La palabra EXACTA 'qa' NO fue encontrada como término independiente
ℹ Confirmado: La secuencia 'qa' no aparece en absoluto en el archivo
  Entonces el archivo Yaml NO debe contener la palabra "qa"                                         # com.confuturo.steps.YamlValidationSteps.elArchivoYamlNoDebeContenerLaPalabra(java.lang.String)

===== ESCENARIO EXITOSO =====
Nombre: El archivo YAML debe tener la configuración de servicios correcta

===== ESCENARIO EXITOSO =====
Nombre: El archivo YAML debe tener la configuración de servicios correcta
]]></system-out>
  </testcase>
  <testcase name="El archivo YAML debe tener la configuración de servicios correcta #70" classname="Validación de configuración de archivo json en ambiente de Produccion #2" time="1.171">
    <system-out><![CDATA[
@yaml-prod
Escenario: El archivo YAML debe tener la configuración de servicios correcta            # src/test/resources/features/yaml-validation_prod.feature:86

===== INICIANDO ESCENARIO =====
Nombre: El archivo YAML debe tener la configuración de servicios correcta

===== INICIANDO ESCENARIO =====
Nombre: El archivo YAML debe tener la configuración de servicios correcta
Conectando al repositorio: confuturo_ti/servicios-de-pago/payment-service
Buscando token en archivo .env...
Comprobando archivo .env en: C:\Users\spena\Desktop\AutomationYamlAndJson\AutomationYamlAndJsonMultiple\yaml-validator\.env
Comprobando archivo .env en: C:\Users\spena\Desktop\AutomationYamlAndJson\AutomationYamlAndJsonMultiple\yaml-validator\..\.env
Archivo .env encontrado en: C:\Users\spena\Desktop\AutomationYamlAndJson\AutomationYamlAndJsonMultiple\yaml-validator\..\.env
Token encontrado en archivo .env: ../.env
Conexión a GitLab establecida correctamente
Conexión establecida correctamente al repositorio: confuturo_ti/servicios-de-pago/payment-service
  Dado que tengo acceso al repositorio 'confuturo_ti/servicios-de-pago/payment-service' # com.confuturo.steps.YamlValidationSteps.queAccesoAlRepositorio(java.lang.String)
Intentando leer archivo YAML: src/API/helm/prod-values-gke.yaml del proyecto: confuturo_ti/servicios-de-pago/payment-service
Proyecto encontrado con ID: 32261643
Intentando obtener archivo de la rama: develop
Archivo encontrado en la rama: develop
Contenido YAML guardado en 'gitlab-yaml-content.txt'
=== CONTENIDO YAML ORIGINAL ===
Longitud: 5615 caracteres
Primeras 300 caracteres:
replicaCount: 1

image:
  repository: confuturocloud/payment-service-api
  pullPolicy: IfNotPresent
  tag: "latest"

imagePullSecrets: 
  - name: confuturo-registry

nameOverride: ""
fullnameOverride: ""

serviceAccount:
  create: true
  annotations: {}
  name: ""

podAnnotations:
  vault.hashicorp.
=== FIN DEL CONTENIDO ORIGINAL ===
=== PROCESO DE LIMPIEZA DE COMENTARIOS YAML ===
Líneas originales: 124
Líneas procesadas: 124
Comentarios eliminados: 0
=== FIN DEL PROCESO DE LIMPIEZA ===
YAML limpio guardado en 'cleaned-yaml-content.txt'
Longitud después de limpieza: 5615 caracteres
YAML limpio parseado correctamente
  Cuando leo el archivo 'src/API/helm/prod-values-gke.yaml'                             # com.confuturo.steps.YamlValidationSteps.leoElArchivo(java.lang.String)

============================================================
🔍 VERIFICANDO QUE NO EXISTA LA PALABRA EXACTA
============================================================
🎯 Palabra EXACTA que NO debe existir: 'qa'
📝 Nota: Búsqueda realizada en contenido SIN comentarios
Longitud del contenido a buscar: 5615
Usando contenido: LIMPIO (sin comentarios)
¿Contiene 'qa' con búsqueda simple? false
Aplicando 9 patrones de búsqueda...
¿Palabra EXACTA encontrada? false
Total de contextos únicos: 0
✓ Correcto: La palabra EXACTA 'qa' NO fue encontrada como término independiente
ℹ Confirmado: La secuencia 'qa' no aparece en absoluto en el archivo
  Entonces el archivo Yaml NO debe contener la palabra "qa"                             # com.confuturo.steps.YamlValidationSteps.elArchivoYamlNoDebeContenerLaPalabra(java.lang.String)

===== ESCENARIO EXITOSO =====
Nombre: El archivo YAML debe tener la configuración de servicios correcta

===== ESCENARIO EXITOSO =====
Nombre: El archivo YAML debe tener la configuración de servicios correcta
]]></system-out>
  </testcase>
  <testcase name="El archivo YAML debe tener la configuración de servicios correcta #71" classname="Validación de configuración de archivo json en ambiente de Produccion #2" time="1.246">
    <system-out><![CDATA[
@yaml-prod
Escenario: El archivo YAML debe tener la configuración de servicios correcta                  # src/test/resources/features/yaml-validation_prod.feature:87

===== INICIANDO ESCENARIO =====
Nombre: El archivo YAML debe tener la configuración de servicios correcta

===== INICIANDO ESCENARIO =====
Nombre: El archivo YAML debe tener la configuración de servicios correcta
Conectando al repositorio: confuturo_ti/servicios-de-pago/payment-service-front
Buscando token en archivo .env...
Comprobando archivo .env en: C:\Users\spena\Desktop\AutomationYamlAndJson\AutomationYamlAndJsonMultiple\yaml-validator\.env
Comprobando archivo .env en: C:\Users\spena\Desktop\AutomationYamlAndJson\AutomationYamlAndJsonMultiple\yaml-validator\..\.env
Archivo .env encontrado en: C:\Users\spena\Desktop\AutomationYamlAndJson\AutomationYamlAndJsonMultiple\yaml-validator\..\.env
Token encontrado en archivo .env: ../.env
Conexión a GitLab establecida correctamente
Conexión establecida correctamente al repositorio: confuturo_ti/servicios-de-pago/payment-service-front
  Dado que tengo acceso al repositorio 'confuturo_ti/servicios-de-pago/payment-service-front' # com.confuturo.steps.YamlValidationSteps.queAccesoAlRepositorio(java.lang.String)
Intentando leer archivo YAML: helm/prod-values-gke.yaml del proyecto: confuturo_ti/servicios-de-pago/payment-service-front
Proyecto encontrado con ID: 32294512
Intentando obtener archivo de la rama: develop
Archivo encontrado en la rama: develop
Contenido YAML guardado en 'gitlab-yaml-content.txt'
=== CONTENIDO YAML ORIGINAL ===
Longitud: 866 caracteres
Primeras 300 caracteres:
replicaCount: 1

image:
  repository: confuturocloud/payment-service-front
  pullPolicy: IfNotPresent
  tag: "latest"

imagePullSecrets:
  - name: confuturo-registry


imagePullSecrets:
  - name: confuturo-registry

nameOverride: ""
fullnameOverride: ""

serviceAccount:
  create: true
  annotations:
=== FIN DEL CONTENIDO ORIGINAL ===
=== PROCESO DE LIMPIEZA DE COMENTARIOS YAML ===
Líneas originales: 67
Líneas procesadas: 67
Comentarios eliminados: 0
=== FIN DEL PROCESO DE LIMPIEZA ===
YAML limpio guardado en 'cleaned-yaml-content.txt'
Longitud después de limpieza: 866 caracteres
YAML limpio parseado correctamente
  Cuando leo el archivo 'helm/prod-values-gke.yaml'                                           # com.confuturo.steps.YamlValidationSteps.leoElArchivo(java.lang.String)

============================================================
🔍 VERIFICANDO QUE NO EXISTA LA PALABRA EXACTA
============================================================
🎯 Palabra EXACTA que NO debe existir: 'qa'
📝 Nota: Búsqueda realizada en contenido SIN comentarios
Longitud del contenido a buscar: 866
Usando contenido: LIMPIO (sin comentarios)
¿Contiene 'qa' con búsqueda simple? false
Aplicando 9 patrones de búsqueda...
¿Palabra EXACTA encontrada? false
Total de contextos únicos: 0
✓ Correcto: La palabra EXACTA 'qa' NO fue encontrada como término independiente
ℹ Confirmado: La secuencia 'qa' no aparece en absoluto en el archivo
  Entonces el archivo Yaml NO debe contener la palabra "qa"                                   # com.confuturo.steps.YamlValidationSteps.elArchivoYamlNoDebeContenerLaPalabra(java.lang.String)

===== ESCENARIO EXITOSO =====
Nombre: El archivo YAML debe tener la configuración de servicios correcta

===== ESCENARIO EXITOSO =====
Nombre: El archivo YAML debe tener la configuración de servicios correcta
]]></system-out>
  </testcase>
  <testcase name="El archivo YAML debe tener la configuración de servicios correcta #72" classname="Validación de configuración de archivo json en ambiente de Produccion #2" time="1.227">
    <system-out><![CDATA[
@yaml-prod
Escenario: El archivo YAML debe tener la configuración de servicios correcta           # src/test/resources/features/yaml-validation_prod.feature:88

===== INICIANDO ESCENARIO =====
Nombre: El archivo YAML debe tener la configuración de servicios correcta

===== INICIANDO ESCENARIO =====
Nombre: El archivo YAML debe tener la configuración de servicios correcta
Conectando al repositorio: confuturo_ti/servicios-de-pago/payment-worker
Buscando token en archivo .env...
Comprobando archivo .env en: C:\Users\spena\Desktop\AutomationYamlAndJson\AutomationYamlAndJsonMultiple\yaml-validator\.env
Comprobando archivo .env en: C:\Users\spena\Desktop\AutomationYamlAndJson\AutomationYamlAndJsonMultiple\yaml-validator\..\.env
Archivo .env encontrado en: C:\Users\spena\Desktop\AutomationYamlAndJson\AutomationYamlAndJsonMultiple\yaml-validator\..\.env
Token encontrado en archivo .env: ../.env
Conexión a GitLab establecida correctamente
Conexión establecida correctamente al repositorio: confuturo_ti/servicios-de-pago/payment-worker
  Dado que tengo acceso al repositorio 'confuturo_ti/servicios-de-pago/payment-worker' # com.confuturo.steps.YamlValidationSteps.queAccesoAlRepositorio(java.lang.String)
Intentando leer archivo YAML: helm/prod-values-gke.yaml del proyecto: confuturo_ti/servicios-de-pago/payment-worker
Proyecto encontrado con ID: 55627295
Intentando obtener archivo de la rama: develop
Archivo encontrado en la rama: develop
Contenido YAML guardado en 'gitlab-yaml-content.txt'
=== CONTENIDO YAML ORIGINAL ===
Longitud: 2297 caracteres
Primeras 300 caracteres:
replicaCount: 1

image:
  repository: confuturocloud/payment-service-workers
  pullPolicy: IfNotPresent
  tag: "latest"

imagePullSecrets: 
  - name: confuturo-registry
nameOverride: ""
fullnameOverride: ""

serviceAccount:
  create: true
  annotations: {}
  name: ""

configmap:
  name: payment-serv
=== FIN DEL CONTENIDO ORIGINAL ===
=== PROCESO DE LIMPIEZA DE COMENTARIOS YAML ===
Líneas originales: 70
Líneas procesadas: 70
Comentarios eliminados: 0
=== FIN DEL PROCESO DE LIMPIEZA ===
YAML limpio guardado en 'cleaned-yaml-content.txt'
Longitud después de limpieza: 2298 caracteres
YAML limpio parseado correctamente
  Cuando leo el archivo 'helm/prod-values-gke.yaml'                                    # com.confuturo.steps.YamlValidationSteps.leoElArchivo(java.lang.String)

============================================================
🔍 VERIFICANDO QUE NO EXISTA LA PALABRA EXACTA
============================================================
🎯 Palabra EXACTA que NO debe existir: 'qa'
📝 Nota: Búsqueda realizada en contenido SIN comentarios
Longitud del contenido a buscar: 2298
Usando contenido: LIMPIO (sin comentarios)
¿Contiene 'qa' con búsqueda simple? false
Aplicando 9 patrones de búsqueda...
¿Palabra EXACTA encontrada? false
Total de contextos únicos: 0
✓ Correcto: La palabra EXACTA 'qa' NO fue encontrada como término independiente
ℹ Confirmado: La secuencia 'qa' no aparece en absoluto en el archivo
  Entonces el archivo Yaml NO debe contener la palabra "qa"                            # com.confuturo.steps.YamlValidationSteps.elArchivoYamlNoDebeContenerLaPalabra(java.lang.String)

===== ESCENARIO EXITOSO =====
Nombre: El archivo YAML debe tener la configuración de servicios correcta

===== ESCENARIO EXITOSO =====
Nombre: El archivo YAML debe tener la configuración de servicios correcta
]]></system-out>
  </testcase>
  <testcase name="El archivo YAML debe tener la configuración de servicios correcta #73" classname="Validación de configuración de archivo json en ambiente de Produccion #2" time="1.031">
    <system-out><![CDATA[
@yaml-prod
Escenario: El archivo YAML debe tener la configuración de servicios correcta                # src/test/resources/features/yaml-validation_prod.feature:89

===== INICIANDO ESCENARIO =====
Nombre: El archivo YAML debe tener la configuración de servicios correcta

===== INICIANDO ESCENARIO =====
Nombre: El archivo YAML debe tener la configuración de servicios correcta
Conectando al repositorio: confuturo_ti/servicios-rentas/back-payroll-payment
Buscando token en archivo .env...
Comprobando archivo .env en: C:\Users\spena\Desktop\AutomationYamlAndJson\AutomationYamlAndJsonMultiple\yaml-validator\.env
Comprobando archivo .env en: C:\Users\spena\Desktop\AutomationYamlAndJson\AutomationYamlAndJsonMultiple\yaml-validator\..\.env
Archivo .env encontrado en: C:\Users\spena\Desktop\AutomationYamlAndJson\AutomationYamlAndJsonMultiple\yaml-validator\..\.env
Token encontrado en archivo .env: ../.env
Conexión a GitLab establecida correctamente
Conexión establecida correctamente al repositorio: confuturo_ti/servicios-rentas/back-payroll-payment
  Dado que tengo acceso al repositorio 'confuturo_ti/servicios-rentas/back-payroll-payment' # com.confuturo.steps.YamlValidationSteps.queAccesoAlRepositorio(java.lang.String)
Intentando leer archivo YAML: helm/prod-values-gke.yaml del proyecto: confuturo_ti/servicios-rentas/back-payroll-payment
Proyecto encontrado con ID: 60243457
Intentando obtener archivo de la rama: develop
Archivo encontrado en la rama: develop
Contenido YAML guardado en 'gitlab-yaml-content.txt'
=== CONTENIDO YAML ORIGINAL ===
Longitud: 1168 caracteres
Primeras 300 caracteres:
replicaCount: 1

image:
  repository: confuturocloud/payroll-payment-services
  pullPolicy: IfNotPresent
  tag: "latest"

imagePullSecrets:
  - name: confuturo-registry

nameOverride: ""
fullnameOverride: ""

configmap:
  name: payroll-payment-services
  data:
    ASPNETCORE_ENVIRONMENT: "Prod"

ser
=== FIN DEL CONTENIDO ORIGINAL ===
=== PROCESO DE LIMPIEZA DE COMENTARIOS YAML ===
Líneas originales: 60
Líneas procesadas: 60
Comentarios eliminados: 0
=== FIN DEL PROCESO DE LIMPIEZA ===
YAML limpio guardado en 'cleaned-yaml-content.txt'
Longitud después de limpieza: 1169 caracteres
YAML limpio parseado correctamente
  Cuando leo el archivo 'helm/prod-values-gke.yaml'                                         # com.confuturo.steps.YamlValidationSteps.leoElArchivo(java.lang.String)

============================================================
🔍 VERIFICANDO QUE NO EXISTA LA PALABRA EXACTA
============================================================
🎯 Palabra EXACTA que NO debe existir: 'qa'
📝 Nota: Búsqueda realizada en contenido SIN comentarios
Longitud del contenido a buscar: 1169
Usando contenido: LIMPIO (sin comentarios)
¿Contiene 'qa' con búsqueda simple? false
Aplicando 9 patrones de búsqueda...
¿Palabra EXACTA encontrada? false
Total de contextos únicos: 0
✓ Correcto: La palabra EXACTA 'qa' NO fue encontrada como término independiente
ℹ Confirmado: La secuencia 'qa' no aparece en absoluto en el archivo
  Entonces el archivo Yaml NO debe contener la palabra "qa"                                 # com.confuturo.steps.YamlValidationSteps.elArchivoYamlNoDebeContenerLaPalabra(java.lang.String)

===== ESCENARIO EXITOSO =====
Nombre: El archivo YAML debe tener la configuración de servicios correcta

===== ESCENARIO EXITOSO =====
Nombre: El archivo YAML debe tener la configuración de servicios correcta
]]></system-out>
  </testcase>
  <testcase name="El archivo YAML debe tener la configuración de servicios correcta #74" classname="Validación de configuración de archivo json en ambiente de Produccion #2" time="1.025">
    <system-out><![CDATA[
@yaml-prod
Escenario: El archivo YAML debe tener la configuración de servicios correcta         # src/test/resources/features/yaml-validation_prod.feature:90

===== INICIANDO ESCENARIO =====
Nombre: El archivo YAML debe tener la configuración de servicios correcta

===== INICIANDO ESCENARIO =====
Nombre: El archivo YAML debe tener la configuración de servicios correcta
Conectando al repositorio: confuturo_ti/servicios-globales/pdf-service
Buscando token en archivo .env...
Comprobando archivo .env en: C:\Users\spena\Desktop\AutomationYamlAndJson\AutomationYamlAndJsonMultiple\yaml-validator\.env
Comprobando archivo .env en: C:\Users\spena\Desktop\AutomationYamlAndJson\AutomationYamlAndJsonMultiple\yaml-validator\..\.env
Archivo .env encontrado en: C:\Users\spena\Desktop\AutomationYamlAndJson\AutomationYamlAndJsonMultiple\yaml-validator\..\.env
Token encontrado en archivo .env: ../.env
Conexión a GitLab establecida correctamente
Conexión establecida correctamente al repositorio: confuturo_ti/servicios-globales/pdf-service
  Dado que tengo acceso al repositorio 'confuturo_ti/servicios-globales/pdf-service' # com.confuturo.steps.YamlValidationSteps.queAccesoAlRepositorio(java.lang.String)
Intentando leer archivo YAML: helm/prod-values-gke.yaml del proyecto: confuturo_ti/servicios-globales/pdf-service
Proyecto encontrado con ID: 56872036
Intentando obtener archivo de la rama: develop
Archivo encontrado en la rama: develop
Contenido YAML guardado en 'gitlab-yaml-content.txt'
=== CONTENIDO YAML ORIGINAL ===
Longitud: 856 caracteres
Primeras 300 caracteres:
replicaCount: 1

image:
  repository: confuturocloud/pdf-service
  tag: "latest"

imagePullSecrets:
  - name: confuturo-registry
nameOverride: ""
fullnameOverride: ""

serviceAccount:
  create: true
  annotations: {}
  name: ""

configmap: {}

podAnnotations: {}

service:
  type: ClusterIP
  port: 8
=== FIN DEL CONTENIDO ORIGINAL ===
=== PROCESO DE LIMPIEZA DE COMENTARIOS YAML ===
Líneas originales: 48
Líneas procesadas: 48
Comentarios eliminados: 0
=== FIN DEL PROCESO DE LIMPIEZA ===
YAML limpio guardado en 'cleaned-yaml-content.txt'
Longitud después de limpieza: 857 caracteres
YAML limpio parseado correctamente
  Cuando leo el archivo 'helm/prod-values-gke.yaml'                                  # com.confuturo.steps.YamlValidationSteps.leoElArchivo(java.lang.String)

============================================================
🔍 VERIFICANDO QUE NO EXISTA LA PALABRA EXACTA
============================================================
🎯 Palabra EXACTA que NO debe existir: 'qa'
📝 Nota: Búsqueda realizada en contenido SIN comentarios
Longitud del contenido a buscar: 857
Usando contenido: LIMPIO (sin comentarios)
¿Contiene 'qa' con búsqueda simple? false
Aplicando 9 patrones de búsqueda...
¿Palabra EXACTA encontrada? false
Total de contextos únicos: 0
✓ Correcto: La palabra EXACTA 'qa' NO fue encontrada como término independiente
ℹ Confirmado: La secuencia 'qa' no aparece en absoluto en el archivo
  Entonces el archivo Yaml NO debe contener la palabra "qa"                          # com.confuturo.steps.YamlValidationSteps.elArchivoYamlNoDebeContenerLaPalabra(java.lang.String)

===== ESCENARIO EXITOSO =====
Nombre: El archivo YAML debe tener la configuración de servicios correcta

===== ESCENARIO EXITOSO =====
Nombre: El archivo YAML debe tener la configuración de servicios correcta
]]></system-out>
  </testcase>
  <testcase name="El archivo YAML debe tener la configuración de servicios correcta #75" classname="Validación de configuración de archivo json en ambiente de Produccion #2" time="1.187">
    <system-out><![CDATA[
@yaml-prod
Escenario: El archivo YAML debe tener la configuración de servicios correcta              # src/test/resources/features/yaml-validation_prod.feature:91

===== INICIANDO ESCENARIO =====
Nombre: El archivo YAML debe tener la configuración de servicios correcta

===== INICIANDO ESCENARIO =====
Nombre: El archivo YAML debe tener la configuración de servicios correcta
Conectando al repositorio: confuturo_ti/servicios-rentas/pension-settlement
Buscando token en archivo .env...
Comprobando archivo .env en: C:\Users\spena\Desktop\AutomationYamlAndJson\AutomationYamlAndJsonMultiple\yaml-validator\.env
Comprobando archivo .env en: C:\Users\spena\Desktop\AutomationYamlAndJson\AutomationYamlAndJsonMultiple\yaml-validator\..\.env
Archivo .env encontrado en: C:\Users\spena\Desktop\AutomationYamlAndJson\AutomationYamlAndJsonMultiple\yaml-validator\..\.env
Token encontrado en archivo .env: ../.env
Conexión a GitLab establecida correctamente
Conexión establecida correctamente al repositorio: confuturo_ti/servicios-rentas/pension-settlement
  Dado que tengo acceso al repositorio 'confuturo_ti/servicios-rentas/pension-settlement' # com.confuturo.steps.YamlValidationSteps.queAccesoAlRepositorio(java.lang.String)
Intentando leer archivo YAML: helm/prod-values-gke.yaml del proyecto: confuturo_ti/servicios-rentas/pension-settlement
Proyecto encontrado con ID: 36371733
Intentando obtener archivo de la rama: develop
Archivo encontrado en la rama: develop
Contenido YAML guardado en 'gitlab-yaml-content.txt'
=== CONTENIDO YAML ORIGINAL ===
Longitud: 2255 caracteres
Primeras 300 caracteres:
replicaCount: 1

image:
  repository: confuturocloud/pension-settlement
  tag: "latest"

imagePullSecrets:
  - name: confuturo-registry

nameOverride: ""
fullnameOverride: ""

serviceAccount:
  create: true
  annotations: {}
  name: ""

configmap:
  name: pension-settlement
  data:
    API_BASE_PATH
=== FIN DEL CONTENIDO ORIGINAL ===
=== PROCESO DE LIMPIEZA DE COMENTARIOS YAML ===
Líneas originales: 91
Líneas procesadas: 91
Comentarios eliminados: 0
=== FIN DEL PROCESO DE LIMPIEZA ===
YAML limpio guardado en 'cleaned-yaml-content.txt'
Longitud después de limpieza: 2255 caracteres
YAML limpio parseado correctamente
  Cuando leo el archivo 'helm/prod-values-gke.yaml'                                       # com.confuturo.steps.YamlValidationSteps.leoElArchivo(java.lang.String)

============================================================
🔍 VERIFICANDO QUE NO EXISTA LA PALABRA EXACTA
============================================================
🎯 Palabra EXACTA que NO debe existir: 'qa'
📝 Nota: Búsqueda realizada en contenido SIN comentarios
Longitud del contenido a buscar: 2255
Usando contenido: LIMPIO (sin comentarios)
¿Contiene 'qa' con búsqueda simple? false
Aplicando 9 patrones de búsqueda...
¿Palabra EXACTA encontrada? false
Total de contextos únicos: 0
✓ Correcto: La palabra EXACTA 'qa' NO fue encontrada como término independiente
ℹ Confirmado: La secuencia 'qa' no aparece en absoluto en el archivo
  Entonces el archivo Yaml NO debe contener la palabra "qa"                               # com.confuturo.steps.YamlValidationSteps.elArchivoYamlNoDebeContenerLaPalabra(java.lang.String)

===== ESCENARIO EXITOSO =====
Nombre: El archivo YAML debe tener la configuración de servicios correcta

===== ESCENARIO EXITOSO =====
Nombre: El archivo YAML debe tener la configuración de servicios correcta
]]></system-out>
  </testcase>
  <testcase name="El archivo YAML debe tener la configuración de servicios correcta #76" classname="Validación de configuración de archivo json en ambiente de Produccion #2" time="1.572">
    <system-out><![CDATA[
@yaml-prod
Escenario: El archivo YAML debe tener la configuración de servicios correcta              # src/test/resources/features/yaml-validation_prod.feature:92

===== INICIANDO ESCENARIO =====
Nombre: El archivo YAML debe tener la configuración de servicios correcta

===== INICIANDO ESCENARIO =====
Nombre: El archivo YAML debe tener la configuración de servicios correcta
Conectando al repositorio: confuturo_ti/pensiones-web/pensiones-web-backend
Buscando token en archivo .env...
Comprobando archivo .env en: C:\Users\spena\Desktop\AutomationYamlAndJson\AutomationYamlAndJsonMultiple\yaml-validator\.env
Comprobando archivo .env en: C:\Users\spena\Desktop\AutomationYamlAndJson\AutomationYamlAndJsonMultiple\yaml-validator\..\.env
Archivo .env encontrado en: C:\Users\spena\Desktop\AutomationYamlAndJson\AutomationYamlAndJsonMultiple\yaml-validator\..\.env
Token encontrado en archivo .env: ../.env
Conexión a GitLab establecida correctamente
Conexión establecida correctamente al repositorio: confuturo_ti/pensiones-web/pensiones-web-backend
  Dado que tengo acceso al repositorio 'confuturo_ti/pensiones-web/pensiones-web-backend' # com.confuturo.steps.YamlValidationSteps.queAccesoAlRepositorio(java.lang.String)
Intentando leer archivo YAML: helm/prod-values-gke.yaml del proyecto: confuturo_ti/pensiones-web/pensiones-web-backend
Proyecto encontrado con ID: 23919679
Intentando obtener archivo de la rama: develop
Archivo encontrado en la rama: develop
Contenido YAML guardado en 'gitlab-yaml-content.txt'
=== CONTENIDO YAML ORIGINAL ===
Longitud: 1720 caracteres
Primeras 300 caracteres:
replicaCount: 1

image:
  repository: confuturocloud/pensiones-web-backend
  pullPolicy: IfNotPresent
  port: 80
  tag: "latest"

configmap: 
  name: pensiones-web-backend
  data:
    ENV: "prod"
    TZ: "America/Santiago"

imagePullSecrets: 
  - name: confuturo-registry

nameOverride: ""
fullnameOv
=== FIN DEL CONTENIDO ORIGINAL ===
=== PROCESO DE LIMPIEZA DE COMENTARIOS YAML ===
Líneas originales: 71
Líneas procesadas: 71
Comentarios eliminados: 0
=== FIN DEL PROCESO DE LIMPIEZA ===
YAML limpio guardado en 'cleaned-yaml-content.txt'
Longitud después de limpieza: 1721 caracteres
YAML limpio parseado correctamente
  Cuando leo el archivo 'helm/prod-values-gke.yaml'                                       # com.confuturo.steps.YamlValidationSteps.leoElArchivo(java.lang.String)

============================================================
🔍 VERIFICANDO QUE NO EXISTA LA PALABRA EXACTA
============================================================
🎯 Palabra EXACTA que NO debe existir: 'qa'
📝 Nota: Búsqueda realizada en contenido SIN comentarios
Longitud del contenido a buscar: 1721
Usando contenido: LIMPIO (sin comentarios)
¿Contiene 'qa' con búsqueda simple? false
Aplicando 9 patrones de búsqueda...
¿Palabra EXACTA encontrada? false
Total de contextos únicos: 0
✓ Correcto: La palabra EXACTA 'qa' NO fue encontrada como término independiente
ℹ Confirmado: La secuencia 'qa' no aparece en absoluto en el archivo
  Entonces el archivo Yaml NO debe contener la palabra "qa"                               # com.confuturo.steps.YamlValidationSteps.elArchivoYamlNoDebeContenerLaPalabra(java.lang.String)

===== ESCENARIO EXITOSO =====
Nombre: El archivo YAML debe tener la configuración de servicios correcta

===== ESCENARIO EXITOSO =====
Nombre: El archivo YAML debe tener la configuración de servicios correcta
]]></system-out>
  </testcase>
  <testcase name="El archivo YAML debe tener la configuración de servicios correcta #77" classname="Validación de configuración de archivo json en ambiente de Produccion #2" time="1">
    <system-out><![CDATA[
@yaml-prod
Escenario: El archivo YAML debe tener la configuración de servicios correcta            # src/test/resources/features/yaml-validation_prod.feature:93

===== INICIANDO ESCENARIO =====
Nombre: El archivo YAML debe tener la configuración de servicios correcta

===== INICIANDO ESCENARIO =====
Nombre: El archivo YAML debe tener la configuración de servicios correcta
Conectando al repositorio: confuturo_ti/pensiones-web/pensiones-web-front
Buscando token en archivo .env...
Comprobando archivo .env en: C:\Users\spena\Desktop\AutomationYamlAndJson\AutomationYamlAndJsonMultiple\yaml-validator\.env
Comprobando archivo .env en: C:\Users\spena\Desktop\AutomationYamlAndJson\AutomationYamlAndJsonMultiple\yaml-validator\..\.env
Archivo .env encontrado en: C:\Users\spena\Desktop\AutomationYamlAndJson\AutomationYamlAndJsonMultiple\yaml-validator\..\.env
Token encontrado en archivo .env: ../.env
Conexión a GitLab establecida correctamente
Conexión establecida correctamente al repositorio: confuturo_ti/pensiones-web/pensiones-web-front
  Dado que tengo acceso al repositorio 'confuturo_ti/pensiones-web/pensiones-web-front' # com.confuturo.steps.YamlValidationSteps.queAccesoAlRepositorio(java.lang.String)
Intentando leer archivo YAML: helm/prod-values-gke.yaml del proyecto: confuturo_ti/pensiones-web/pensiones-web-front
Proyecto encontrado con ID: 23919677
Intentando obtener archivo de la rama: develop
Archivo encontrado en la rama: develop
Contenido YAML guardado en 'gitlab-yaml-content.txt'
=== CONTENIDO YAML ORIGINAL ===
Longitud: 918 caracteres
Primeras 300 caracteres:
replicaCount: 1

image:
  repository: confuturocloud/pensiones-web-front
  pullPolicy: IfNotPresent
  port: 80
  tag: "latest"

configmap:
  name: pensiones-web-front
  file: "files/prod.json"

imagePullSecrets:
  - name: confuturo-registry
nameOverride: ""
fullnameOverride: ""

serviceAccount:
  cr
=== FIN DEL CONTENIDO ORIGINAL ===
=== PROCESO DE LIMPIEZA DE COMENTARIOS YAML ===
Líneas originales: 52
Líneas procesadas: 52
Comentarios eliminados: 0
=== FIN DEL PROCESO DE LIMPIEZA ===
YAML limpio guardado en 'cleaned-yaml-content.txt'
Longitud después de limpieza: 918 caracteres
YAML limpio parseado correctamente
  Cuando leo el archivo 'helm/prod-values-gke.yaml'                                     # com.confuturo.steps.YamlValidationSteps.leoElArchivo(java.lang.String)

============================================================
🔍 VERIFICANDO QUE NO EXISTA LA PALABRA EXACTA
============================================================
🎯 Palabra EXACTA que NO debe existir: 'qa'
📝 Nota: Búsqueda realizada en contenido SIN comentarios
Longitud del contenido a buscar: 918
Usando contenido: LIMPIO (sin comentarios)
¿Contiene 'qa' con búsqueda simple? false
Aplicando 9 patrones de búsqueda...
¿Palabra EXACTA encontrada? false
Total de contextos únicos: 0
✓ Correcto: La palabra EXACTA 'qa' NO fue encontrada como término independiente
ℹ Confirmado: La secuencia 'qa' no aparece en absoluto en el archivo
  Entonces el archivo Yaml NO debe contener la palabra "qa"                             # com.confuturo.steps.YamlValidationSteps.elArchivoYamlNoDebeContenerLaPalabra(java.lang.String)

===== ESCENARIO EXITOSO =====
Nombre: El archivo YAML debe tener la configuración de servicios correcta

===== ESCENARIO EXITOSO =====
Nombre: El archivo YAML debe tener la configuración de servicios correcta
]]></system-out>
  </testcase>
  <testcase name="El archivo YAML debe tener la configuración de servicios correcta #78" classname="Validación de configuración de archivo json en ambiente de Produccion #2" time="1.2">
    <system-out><![CDATA[
@yaml-prod
Escenario: El archivo YAML debe tener la configuración de servicios correcta                # src/test/resources/features/yaml-validation_prod.feature:94

===== INICIANDO ESCENARIO =====
Nombre: El archivo YAML debe tener la configuración de servicios correcta

===== INICIANDO ESCENARIO =====
Nombre: El archivo YAML debe tener la configuración de servicios correcta
Conectando al repositorio: confuturo_ti/servicios-globales/productos-services
Buscando token en archivo .env...
Comprobando archivo .env en: C:\Users\spena\Desktop\AutomationYamlAndJson\AutomationYamlAndJsonMultiple\yaml-validator\.env
Comprobando archivo .env en: C:\Users\spena\Desktop\AutomationYamlAndJson\AutomationYamlAndJsonMultiple\yaml-validator\..\.env
Archivo .env encontrado en: C:\Users\spena\Desktop\AutomationYamlAndJson\AutomationYamlAndJsonMultiple\yaml-validator\..\.env
Token encontrado en archivo .env: ../.env
Conexión a GitLab establecida correctamente
Conexión establecida correctamente al repositorio: confuturo_ti/servicios-globales/productos-services
  Dado que tengo acceso al repositorio 'confuturo_ti/servicios-globales/productos-services' # com.confuturo.steps.YamlValidationSteps.queAccesoAlRepositorio(java.lang.String)
Intentando leer archivo YAML: helm/prod-values-gke.yaml del proyecto: confuturo_ti/servicios-globales/productos-services
Proyecto encontrado con ID: 28093518
Intentando obtener archivo de la rama: develop
Archivo encontrado en la rama: develop
Contenido YAML guardado en 'gitlab-yaml-content.txt'
=== CONTENIDO YAML ORIGINAL ===
Longitud: 2798 caracteres
Primeras 300 caracteres:
replicaCount: 1

image:
  repository: confuturocloud/productos-services
  pullPolicy: IfNotPresent
  tag: "latest"

imagePullSecrets:
  - name: confuturo-registry

nameOverride: ""
fullnameOverride: ""

configmap:
  name: productos-services
  data:
    DOTNET_ENVIRONMENT: "Prod"
    ASPNETCORE_ENVIR
=== FIN DEL CONTENIDO ORIGINAL ===
=== PROCESO DE LIMPIEZA DE COMENTARIOS YAML ===
Líneas originales: 99
Líneas procesadas: 99
Comentarios eliminados: 0
=== FIN DEL PROCESO DE LIMPIEZA ===
YAML limpio guardado en 'cleaned-yaml-content.txt'
Longitud después de limpieza: 2798 caracteres
YAML limpio parseado correctamente
  Cuando leo el archivo 'helm/prod-values-gke.yaml'                                         # com.confuturo.steps.YamlValidationSteps.leoElArchivo(java.lang.String)

============================================================
🔍 VERIFICANDO QUE NO EXISTA LA PALABRA EXACTA
============================================================
🎯 Palabra EXACTA que NO debe existir: 'qa'
📝 Nota: Búsqueda realizada en contenido SIN comentarios
Longitud del contenido a buscar: 2798
Usando contenido: LIMPIO (sin comentarios)
¿Contiene 'qa' con búsqueda simple? false
Aplicando 9 patrones de búsqueda...
¿Palabra EXACTA encontrada? false
Total de contextos únicos: 0
✓ Correcto: La palabra EXACTA 'qa' NO fue encontrada como término independiente
ℹ Confirmado: La secuencia 'qa' no aparece en absoluto en el archivo
  Entonces el archivo Yaml NO debe contener la palabra "qa"                                 # com.confuturo.steps.YamlValidationSteps.elArchivoYamlNoDebeContenerLaPalabra(java.lang.String)

===== ESCENARIO EXITOSO =====
Nombre: El archivo YAML debe tener la configuración de servicios correcta

===== ESCENARIO EXITOSO =====
Nombre: El archivo YAML debe tener la configuración de servicios correcta
]]></system-out>
  </testcase>
  <testcase name="El archivo YAML debe tener la configuración de servicios correcta #79" classname="Validación de configuración de archivo json en ambiente de Produccion #2" time="1.015">
    <system-out><![CDATA[
@yaml-prod
Escenario: El archivo YAML debe tener la configuración de servicios correcta                     # src/test/resources/features/yaml-validation_prod.feature:95

===== INICIANDO ESCENARIO =====
Nombre: El archivo YAML debe tener la configuración de servicios correcta

===== INICIANDO ESCENARIO =====
Nombre: El archivo YAML debe tener la configuración de servicios correcta
Conectando al repositorio: confuturo_ti/servicios-globales/middleware/rrhh-service
Buscando token en archivo .env...
Comprobando archivo .env en: C:\Users\spena\Desktop\AutomationYamlAndJson\AutomationYamlAndJsonMultiple\yaml-validator\.env
Comprobando archivo .env en: C:\Users\spena\Desktop\AutomationYamlAndJson\AutomationYamlAndJsonMultiple\yaml-validator\..\.env
Archivo .env encontrado en: C:\Users\spena\Desktop\AutomationYamlAndJson\AutomationYamlAndJsonMultiple\yaml-validator\..\.env
Token encontrado en archivo .env: ../.env
Conexión a GitLab establecida correctamente
Conexión establecida correctamente al repositorio: confuturo_ti/servicios-globales/middleware/rrhh-service
  Dado que tengo acceso al repositorio 'confuturo_ti/servicios-globales/middleware/rrhh-service' # com.confuturo.steps.YamlValidationSteps.queAccesoAlRepositorio(java.lang.String)
Intentando leer archivo YAML: helm/prod-values-gke.yaml del proyecto: confuturo_ti/servicios-globales/middleware/rrhh-service
Proyecto encontrado con ID: 41344306
Intentando obtener archivo de la rama: develop
Archivo encontrado en la rama: develop
Contenido YAML guardado en 'gitlab-yaml-content.txt'
=== CONTENIDO YAML ORIGINAL ===
Longitud: 1918 caracteres
Primeras 300 caracteres:
replicaCount: 1

image:
  repository: confuturocloud/rrhh-service
  tag: "latest"

imagePullSecrets:
  - name: confuturo-registry

nameOverride: ""
fullnameOverride: ""

serviceAccount:
  create: true
  annotations: {}
  name: ""

configmap:
  name: rrhh-service
  data:
    API_BASE_PATH: "/rrhh"
  
=== FIN DEL CONTENIDO ORIGINAL ===
=== PROCESO DE LIMPIEZA DE COMENTARIOS YAML ===
Líneas originales: 85
Líneas procesadas: 85
Comentarios eliminados: 0
=== FIN DEL PROCESO DE LIMPIEZA ===
YAML limpio guardado en 'cleaned-yaml-content.txt'
Longitud después de limpieza: 1918 caracteres
YAML limpio parseado correctamente
  Cuando leo el archivo 'helm/prod-values-gke.yaml'                                              # com.confuturo.steps.YamlValidationSteps.leoElArchivo(java.lang.String)

============================================================
🔍 VERIFICANDO QUE NO EXISTA LA PALABRA EXACTA
============================================================
🎯 Palabra EXACTA que NO debe existir: 'qa'
📝 Nota: Búsqueda realizada en contenido SIN comentarios
Longitud del contenido a buscar: 1918
Usando contenido: LIMPIO (sin comentarios)
¿Contiene 'qa' con búsqueda simple? false
Aplicando 9 patrones de búsqueda...
¿Palabra EXACTA encontrada? false
Total de contextos únicos: 0
✓ Correcto: La palabra EXACTA 'qa' NO fue encontrada como término independiente
ℹ Confirmado: La secuencia 'qa' no aparece en absoluto en el archivo
  Entonces el archivo Yaml NO debe contener la palabra "qa"                                      # com.confuturo.steps.YamlValidationSteps.elArchivoYamlNoDebeContenerLaPalabra(java.lang.String)

===== ESCENARIO EXITOSO =====
Nombre: El archivo YAML debe tener la configuración de servicios correcta

===== ESCENARIO EXITOSO =====
Nombre: El archivo YAML debe tener la configuración de servicios correcta
]]></system-out>
  </testcase>
  <testcase name="El archivo YAML debe tener la configuración de servicios correcta #80" classname="Validación de configuración de archivo json en ambiente de Produccion #2" time="1.031">
    <failure message="Se encontraron 1 errores de validación. Consulta el detalle en los logs." type="java.lang.AssertionError"><![CDATA[java.lang.AssertionError: Se encontraron 1 errores de validación. Consulta el detalle en los logs.
	at com.confuturo.steps.YamlValidationSteps.afterScenario(YamlValidationSteps.java:48)
]]></failure>
    <system-out><![CDATA[
@yaml-prod
Escenario: El archivo YAML debe tener la configuración de servicios correcta                  # src/test/resources/features/yaml-validation_prod.feature:98

===== INICIANDO ESCENARIO =====
Nombre: El archivo YAML debe tener la configuración de servicios correcta

===== INICIANDO ESCENARIO =====
Nombre: El archivo YAML debe tener la configuración de servicios correcta
Conectando al repositorio: confuturo_ti/servicios-de-pago/cashier-services/sicc
Buscando token en archivo .env...
Comprobando archivo .env en: C:\Users\spena\Desktop\AutomationYamlAndJson\AutomationYamlAndJsonMultiple\yaml-validator\.env
Comprobando archivo .env en: C:\Users\spena\Desktop\AutomationYamlAndJson\AutomationYamlAndJsonMultiple\yaml-validator\..\.env
Archivo .env encontrado en: C:\Users\spena\Desktop\AutomationYamlAndJson\AutomationYamlAndJsonMultiple\yaml-validator\..\.env
Token encontrado en archivo .env: ../.env
Conexión a GitLab establecida correctamente
Conexión establecida correctamente al repositorio: confuturo_ti/servicios-de-pago/cashier-services/sicc
  Dado que tengo acceso al repositorio 'confuturo_ti/servicios-de-pago/cashier-services/sicc' # com.confuturo.steps.YamlValidationSteps.queAccesoAlRepositorio(java.lang.String)
Intentando leer archivo YAML: confuturo-sicc-acceso/helm/prod-values-gke.yaml del proyecto: confuturo_ti/servicios-de-pago/cashier-services/sicc
Proyecto encontrado con ID: 33153056
Intentando obtener archivo de la rama: develop
Archivo encontrado en la rama: develop
Contenido YAML guardado en 'gitlab-yaml-content.txt'
=== CONTENIDO YAML ORIGINAL ===
Longitud: 1799 caracteres
Primeras 300 caracteres:
replicaCount: 1

image:
  repository: confuturocloud/sicc-acceso
  pullPolicy: IfNotPresent
  tag: "latest"

imagePullSecrets: 
  - name: confuturo-registry

nameOverride: ""
fullnameOverride: ""

serviceAccount:
  create: true
  annotations: {}
  name: ""

configmap:
  name: sicc-acceso
  data:
   
=== FIN DEL CONTENIDO ORIGINAL ===
=== PROCESO DE LIMPIEZA DE COMENTARIOS YAML ===
Líneas originales: 71
Líneas procesadas: 71
Comentarios eliminados: 0
=== FIN DEL PROCESO DE LIMPIEZA ===
YAML limpio guardado en 'cleaned-yaml-content.txt'
Longitud después de limpieza: 1799 caracteres
YAML limpio parseado correctamente
  Cuando leo el archivo 'confuturo-sicc-acceso/helm/prod-values-gke.yaml'                     # com.confuturo.steps.YamlValidationSteps.leoElArchivo(java.lang.String)

============================================================
🔍 VERIFICANDO QUE NO EXISTA LA PALABRA EXACTA
============================================================
🎯 Palabra EXACTA que NO debe existir: 'qa'
📝 Nota: Búsqueda realizada en contenido SIN comentarios
Longitud del contenido a buscar: 1799
Usando contenido: LIMPIO (sin comentarios)
¿Contiene 'qa' con búsqueda simple? true
Ejemplos de dónde aparece (máximo 3):
  1: ...rnal
  hosts:
    - host: api.qa.seguros.local
      paths:
  ...
Aplicando 9 patrones de búsqueda...
Patrón 2 (\.\Qqa\E(?=[-\.])): 1 coincidencias
Patrón 3 ((?<=[:/\.])\Qqa\E(?=[-\.])): 1 coincidencias
Patrón 8 (\b\QQA\E\b): 1 coincidencias
Patrón 9 (\b\Qqa\E\b(?![a-zA-Z])): 1 coincidencias
¿Palabra EXACTA encontrada? true
Total de contextos únicos: 2
  Entonces el archivo Yaml NO debe contener la palabra "qa"                                   # com.confuturo.steps.YamlValidationSteps.elArchivoYamlNoDebeContenerLaPalabra(java.lang.String)

===== ERRORES DE VALIDACIÓN ENCONTRADOS =====

    Error de validación: La palabra EXACTA 'qa' fue encontrada en el archivo pero NO debería estar presente. Total ocurrencias: 2. Contexto(s): Patrón 2: ...ernal hosts: - host: api.qa.seguros.local paths: ... | Patrón 3: ...rnal hosts: - host: api.qa.seguros.local paths: ...


    Embedding Error de validación [text/plain 254 bytes]

      java.lang.AssertionError: Se encontraron 1 errores de validación. Consulta el detalle en los logs.
	at com.confuturo.steps.YamlValidationSteps.afterScenario(YamlValidationSteps.java:48)


===== ESCENARIO FALLIDO =====
Nombre: El archivo YAML debe tener la configuración de servicios correcta
Error: d2e85e0b-cc88-4ff6-82ce-b27cdc435412
]]></system-out>
    <system-err><![CDATA[¡ERROR DE VALIDACIÓN! La palabra EXACTA 'qa' fue encontrada en el archivo pero NO debería estar presente. Total ocurrencias: 2. Contexto(s): Patrón 2: ...ernal hosts: - host: api.qa.seguros.local paths: ... | Patrón 3: ...rnal hosts: - host: api.qa.seguros.local paths: ...
- La palabra EXACTA 'qa' fue encontrada en el archivo pero NO debería estar presente. Total ocurrencias: 2. Contexto(s): Patrón 2: ...ernal hosts: - host: api.qa.seguros.local paths: ... | Patrón 3: ...rnal hosts: - host: api.qa.seguros.local paths: ...
]]></system-err>
  </testcase>
  <testcase name="El archivo YAML debe tener la configuración de servicios correcta #81" classname="Validación de configuración de archivo json en ambiente de Produccion #2" time="0.999">
    <failure message="Se encontraron 1 errores de validación. Consulta el detalle en los logs." type="java.lang.AssertionError"><![CDATA[java.lang.AssertionError: Se encontraron 1 errores de validación. Consulta el detalle en los logs.
	at com.confuturo.steps.YamlValidationSteps.afterScenario(YamlValidationSteps.java:48)
]]></failure>
    <system-out><![CDATA[
@yaml-prod
Escenario: El archivo YAML debe tener la configuración de servicios correcta                  # src/test/resources/features/yaml-validation_prod.feature:99

===== INICIANDO ESCENARIO =====
Nombre: El archivo YAML debe tener la configuración de servicios correcta

===== INICIANDO ESCENARIO =====
Nombre: El archivo YAML debe tener la configuración de servicios correcta
Conectando al repositorio: confuturo_ti/servicios-de-pago/cashier-services/sicc
Buscando token en archivo .env...
Comprobando archivo .env en: C:\Users\spena\Desktop\AutomationYamlAndJson\AutomationYamlAndJsonMultiple\yaml-validator\.env
Comprobando archivo .env en: C:\Users\spena\Desktop\AutomationYamlAndJson\AutomationYamlAndJsonMultiple\yaml-validator\..\.env
Archivo .env encontrado en: C:\Users\spena\Desktop\AutomationYamlAndJson\AutomationYamlAndJsonMultiple\yaml-validator\..\.env
Token encontrado en archivo .env: ../.env
Conexión a GitLab establecida correctamente
Conexión establecida correctamente al repositorio: confuturo_ti/servicios-de-pago/cashier-services/sicc
  Dado que tengo acceso al repositorio 'confuturo_ti/servicios-de-pago/cashier-services/sicc' # com.confuturo.steps.YamlValidationSteps.queAccesoAlRepositorio(java.lang.String)
Intentando leer archivo YAML: confuturo-sicc-caja/helm/prod-values-gke.yaml del proyecto: confuturo_ti/servicios-de-pago/cashier-services/sicc
Proyecto encontrado con ID: 33153056
Intentando obtener archivo de la rama: develop
Archivo encontrado en la rama: develop
Contenido YAML guardado en 'gitlab-yaml-content.txt'
=== CONTENIDO YAML ORIGINAL ===
Longitud: 2149 caracteres
Primeras 300 caracteres:
replicaCount: 1

image:
  repository: confuturocloud/sicc-caja
  pullPolicy: IfNotPresent
  tag: "latest"

imagePullSecrets: 
  - name: confuturo-registry

nameOverride: ""
fullnameOverride: ""

serviceAccount:
  create: true
  annotations: {}
  name: ""

configmap:
  name: sicc-caja
  data:
    ASP
=== FIN DEL CONTENIDO ORIGINAL ===
=== PROCESO DE LIMPIEZA DE COMENTARIOS YAML ===
Líneas originales: 75
Líneas procesadas: 75
Comentarios eliminados: 0
=== FIN DEL PROCESO DE LIMPIEZA ===
YAML limpio guardado en 'cleaned-yaml-content.txt'
Longitud después de limpieza: 2150 caracteres
YAML limpio parseado correctamente
  Cuando leo el archivo 'confuturo-sicc-caja/helm/prod-values-gke.yaml'                       # com.confuturo.steps.YamlValidationSteps.leoElArchivo(java.lang.String)

============================================================
🔍 VERIFICANDO QUE NO EXISTA LA PALABRA EXACTA
============================================================
🎯 Palabra EXACTA que NO debe existir: 'qa'
📝 Nota: Búsqueda realizada en contenido SIN comentarios
Longitud del contenido a buscar: 2150
Usando contenido: LIMPIO (sin comentarios)
¿Contiene 'qa' con búsqueda simple? true
Ejemplos de dónde aparece (máximo 3):
  1: ...al  
  hosts:
    - host: api.qa.seguros.local
      paths:
  ...
Aplicando 9 patrones de búsqueda...
Patrón 2 (\.\Qqa\E(?=[-\.])): 1 coincidencias
Patrón 3 ((?<=[:/\.])\Qqa\E(?=[-\.])): 1 coincidencias
Patrón 8 (\b\QQA\E\b): 1 coincidencias
Patrón 9 (\b\Qqa\E\b(?![a-zA-Z])): 1 coincidencias
¿Palabra EXACTA encontrada? true
Total de contextos únicos: 2
  Entonces el archivo Yaml NO debe contener la palabra "qa"                                   # com.confuturo.steps.YamlValidationSteps.elArchivoYamlNoDebeContenerLaPalabra(java.lang.String)

===== ERRORES DE VALIDACIÓN ENCONTRADOS =====

    Error de validación: La palabra EXACTA 'qa' fue encontrada en el archivo pero NO debería estar presente. Total ocurrencias: 2. Contexto(s): Patrón 2: ...nal hosts: - host: api.qa.seguros.local paths: ... | Patrón 3: ...al hosts: - host: api.qa.seguros.local paths: ...


    Embedding Error de validación [text/plain 250 bytes]

      java.lang.AssertionError: Se encontraron 1 errores de validación. Consulta el detalle en los logs.
	at com.confuturo.steps.YamlValidationSteps.afterScenario(YamlValidationSteps.java:48)


===== ESCENARIO FALLIDO =====
Nombre: El archivo YAML debe tener la configuración de servicios correcta
Error: ffa17b60-a8e8-4085-9280-09dc6ddba9e2
]]></system-out>
    <system-err><![CDATA[¡ERROR DE VALIDACIÓN! La palabra EXACTA 'qa' fue encontrada en el archivo pero NO debería estar presente. Total ocurrencias: 2. Contexto(s): Patrón 2: ...nal hosts: - host: api.qa.seguros.local paths: ... | Patrón 3: ...al hosts: - host: api.qa.seguros.local paths: ...
- La palabra EXACTA 'qa' fue encontrada en el archivo pero NO debería estar presente. Total ocurrencias: 2. Contexto(s): Patrón 2: ...nal hosts: - host: api.qa.seguros.local paths: ... | Patrón 3: ...al hosts: - host: api.qa.seguros.local paths: ...
]]></system-err>
  </testcase>
  <testcase name="El archivo YAML debe tener la configuración de servicios correcta #82" classname="Validación de configuración de archivo json en ambiente de Produccion #2" time="1.051">
    <system-out><![CDATA[
@yaml-prod
Escenario: El archivo YAML debe tener la configuración de servicios correcta                  # src/test/resources/features/yaml-validation_prod.feature:100

===== INICIANDO ESCENARIO =====
Nombre: El archivo YAML debe tener la configuración de servicios correcta

===== INICIANDO ESCENARIO =====
Nombre: El archivo YAML debe tener la configuración de servicios correcta
Conectando al repositorio: confuturo_ti/servicios-de-pago/cashier-services/sicc
Buscando token en archivo .env...
Comprobando archivo .env en: C:\Users\spena\Desktop\AutomationYamlAndJson\AutomationYamlAndJsonMultiple\yaml-validator\.env
Comprobando archivo .env en: C:\Users\spena\Desktop\AutomationYamlAndJson\AutomationYamlAndJsonMultiple\yaml-validator\..\.env
Archivo .env encontrado en: C:\Users\spena\Desktop\AutomationYamlAndJson\AutomationYamlAndJsonMultiple\yaml-validator\..\.env
Token encontrado en archivo .env: ../.env
Conexión a GitLab establecida correctamente
Conexión establecida correctamente al repositorio: confuturo_ti/servicios-de-pago/cashier-services/sicc
  Dado que tengo acceso al repositorio 'confuturo_ti/servicios-de-pago/cashier-services/sicc' # com.confuturo.steps.YamlValidationSteps.queAccesoAlRepositorio(java.lang.String)
Intentando leer archivo YAML: confuturo-sicc-cartola/helm/prod-values-gke.yaml del proyecto: confuturo_ti/servicios-de-pago/cashier-services/sicc
Proyecto encontrado con ID: 33153056
Intentando obtener archivo de la rama: develop
Archivo encontrado en la rama: develop
Contenido YAML guardado en 'gitlab-yaml-content.txt'
=== CONTENIDO YAML ORIGINAL ===
Longitud: 1729 caracteres
Primeras 300 caracteres:
replicaCount: 1

image:
  repository: confuturocloud/sicc-cartola
  pullPolicy: IfNotPresent
  tag: "latest"

imagePullSecrets: 
  - name: confuturo-registry

nameOverride: ""
fullnameOverride: ""

serviceAccount:
  create: true
  annotations: {}
  name: ""

configmap:
  name: sicc-cartola
  data:
 
=== FIN DEL CONTENIDO ORIGINAL ===
=== PROCESO DE LIMPIEZA DE COMENTARIOS YAML ===
Líneas originales: 70
Líneas procesadas: 70
Comentarios eliminados: 0
=== FIN DEL PROCESO DE LIMPIEZA ===
YAML limpio guardado en 'cleaned-yaml-content.txt'
Longitud después de limpieza: 1730 caracteres
YAML limpio parseado correctamente
  Cuando leo el archivo 'confuturo-sicc-cartola/helm/prod-values-gke.yaml'                    # com.confuturo.steps.YamlValidationSteps.leoElArchivo(java.lang.String)

============================================================
🔍 VERIFICANDO QUE NO EXISTA LA PALABRA EXACTA
============================================================
🎯 Palabra EXACTA que NO debe existir: 'qa'
📝 Nota: Búsqueda realizada en contenido SIN comentarios
Longitud del contenido a buscar: 1730
Usando contenido: LIMPIO (sin comentarios)
¿Contiene 'qa' con búsqueda simple? false
Aplicando 9 patrones de búsqueda...
¿Palabra EXACTA encontrada? false
Total de contextos únicos: 0
✓ Correcto: La palabra EXACTA 'qa' NO fue encontrada como término independiente
ℹ Confirmado: La secuencia 'qa' no aparece en absoluto en el archivo
  Entonces el archivo Yaml NO debe contener la palabra "qa"                                   # com.confuturo.steps.YamlValidationSteps.elArchivoYamlNoDebeContenerLaPalabra(java.lang.String)

===== ESCENARIO EXITOSO =====
Nombre: El archivo YAML debe tener la configuración de servicios correcta

===== ESCENARIO EXITOSO =====
Nombre: El archivo YAML debe tener la configuración de servicios correcta
]]></system-out>
  </testcase>
  <testcase name="El archivo YAML debe tener la configuración de servicios correcta #83" classname="Validación de configuración de archivo json en ambiente de Produccion #2" time="1.305">
    <system-out><![CDATA[
@yaml-prod
Escenario: El archivo YAML debe tener la configuración de servicios correcta                  # src/test/resources/features/yaml-validation_prod.feature:101

===== INICIANDO ESCENARIO =====
Nombre: El archivo YAML debe tener la configuración de servicios correcta

===== INICIANDO ESCENARIO =====
Nombre: El archivo YAML debe tener la configuración de servicios correcta
Conectando al repositorio: confuturo_ti/servicios-de-pago/cashier-services/sicc
Buscando token en archivo .env...
Comprobando archivo .env en: C:\Users\spena\Desktop\AutomationYamlAndJson\AutomationYamlAndJsonMultiple\yaml-validator\.env
Comprobando archivo .env en: C:\Users\spena\Desktop\AutomationYamlAndJson\AutomationYamlAndJsonMultiple\yaml-validator\..\.env
Archivo .env encontrado en: C:\Users\spena\Desktop\AutomationYamlAndJson\AutomationYamlAndJsonMultiple\yaml-validator\..\.env
Token encontrado en archivo .env: ../.env
Conexión a GitLab establecida correctamente
Conexión establecida correctamente al repositorio: confuturo_ti/servicios-de-pago/cashier-services/sicc
  Dado que tengo acceso al repositorio 'confuturo_ti/servicios-de-pago/cashier-services/sicc' # com.confuturo.steps.YamlValidationSteps.queAccesoAlRepositorio(java.lang.String)
Intentando leer archivo YAML: confuturo-sicc-solicitudes/helm/prod-values-gke.yaml del proyecto: confuturo_ti/servicios-de-pago/cashier-services/sicc
Proyecto encontrado con ID: 33153056
Intentando obtener archivo de la rama: develop
Archivo encontrado en la rama: develop
Contenido YAML guardado en 'gitlab-yaml-content.txt'
=== CONTENIDO YAML ORIGINAL ===
Longitud: 1766 caracteres
Primeras 300 caracteres:
replicaCount: 1

image:
  repository: confuturocloud/sicc-solicitudes
  pullPolicy: IfNotPresent
  tag: "latest"

imagePullSecrets:
  - name: confuturo-registry

nameOverride: ""
fullnameOverride: ""

serviceAccount:
  create: true
  annotations: {}
  name: ""

configmap:
  name: sicc-solicitudes
  
=== FIN DEL CONTENIDO ORIGINAL ===
=== PROCESO DE LIMPIEZA DE COMENTARIOS YAML ===
Líneas originales: 70
Líneas procesadas: 70
Comentarios eliminados: 0
=== FIN DEL PROCESO DE LIMPIEZA ===
YAML limpio guardado en 'cleaned-yaml-content.txt'
Longitud después de limpieza: 1767 caracteres
YAML limpio parseado correctamente
  Cuando leo el archivo 'confuturo-sicc-solicitudes/helm/prod-values-gke.yaml'                # com.confuturo.steps.YamlValidationSteps.leoElArchivo(java.lang.String)

============================================================
🔍 VERIFICANDO QUE NO EXISTA LA PALABRA EXACTA
============================================================
🎯 Palabra EXACTA que NO debe existir: 'qa'
📝 Nota: Búsqueda realizada en contenido SIN comentarios
Longitud del contenido a buscar: 1767
Usando contenido: LIMPIO (sin comentarios)
¿Contiene 'qa' con búsqueda simple? false
Aplicando 9 patrones de búsqueda...
¿Palabra EXACTA encontrada? false
Total de contextos únicos: 0
✓ Correcto: La palabra EXACTA 'qa' NO fue encontrada como término independiente
ℹ Confirmado: La secuencia 'qa' no aparece en absoluto en el archivo
  Entonces el archivo Yaml NO debe contener la palabra "qa"                                   # com.confuturo.steps.YamlValidationSteps.elArchivoYamlNoDebeContenerLaPalabra(java.lang.String)

===== ESCENARIO EXITOSO =====
Nombre: El archivo YAML debe tener la configuración de servicios correcta

===== ESCENARIO EXITOSO =====
Nombre: El archivo YAML debe tener la configuración de servicios correcta
]]></system-out>
  </testcase>
  <testcase name="El archivo YAML debe tener la configuración de servicios correcta #84" classname="Validación de configuración de archivo json en ambiente de Produccion #2" time="1.238">
    <system-out><![CDATA[
@yaml-prod
Escenario: El archivo YAML debe tener la configuración de servicios correcta                  # src/test/resources/features/yaml-validation_prod.feature:102

===== INICIANDO ESCENARIO =====
Nombre: El archivo YAML debe tener la configuración de servicios correcta

===== INICIANDO ESCENARIO =====
Nombre: El archivo YAML debe tener la configuración de servicios correcta
Conectando al repositorio: confuturo_ti/servicios-de-pago/cashier-services/sicc
Buscando token en archivo .env...
Comprobando archivo .env en: C:\Users\spena\Desktop\AutomationYamlAndJson\AutomationYamlAndJsonMultiple\yaml-validator\.env
Comprobando archivo .env en: C:\Users\spena\Desktop\AutomationYamlAndJson\AutomationYamlAndJsonMultiple\yaml-validator\..\.env
Archivo .env encontrado en: C:\Users\spena\Desktop\AutomationYamlAndJson\AutomationYamlAndJsonMultiple\yaml-validator\..\.env
Token encontrado en archivo .env: ../.env
Conexión a GitLab establecida correctamente
Conexión establecida correctamente al repositorio: confuturo_ti/servicios-de-pago/cashier-services/sicc
  Dado que tengo acceso al repositorio 'confuturo_ti/servicios-de-pago/cashier-services/sicc' # com.confuturo.steps.YamlValidationSteps.queAccesoAlRepositorio(java.lang.String)
Intentando leer archivo YAML: confuturo-sicc-utilitario/helm/prod-values-gke.yaml del proyecto: confuturo_ti/servicios-de-pago/cashier-services/sicc
Proyecto encontrado con ID: 33153056
Intentando obtener archivo de la rama: develop
Archivo encontrado en la rama: develop
Contenido YAML guardado en 'gitlab-yaml-content.txt'
=== CONTENIDO YAML ORIGINAL ===
Longitud: 2486 caracteres
Primeras 300 caracteres:
replicaCount: 1

image:
  repository: confuturocloud/sicc-utilitario
  pullPolicy: IfNotPresent
  tag: "latest"

imagePullSecrets: 
  - name: confuturo-registry
nameOverride: ""
fullnameOverride: ""

serviceAccount:
  create: true
  annotations: {}
  name: ""

configmap:
  name: sicc-utilitario
  da
=== FIN DEL CONTENIDO ORIGINAL ===
=== PROCESO DE LIMPIEZA DE COMENTARIOS YAML ===
Líneas originales: 77
Líneas procesadas: 77
Comentarios eliminados: 0
=== FIN DEL PROCESO DE LIMPIEZA ===
YAML limpio guardado en 'cleaned-yaml-content.txt'
Longitud después de limpieza: 2487 caracteres
YAML limpio parseado correctamente
  Cuando leo el archivo 'confuturo-sicc-utilitario/helm/prod-values-gke.yaml'                 # com.confuturo.steps.YamlValidationSteps.leoElArchivo(java.lang.String)

============================================================
🔍 VERIFICANDO QUE NO EXISTA LA PALABRA EXACTA
============================================================
🎯 Palabra EXACTA que NO debe existir: 'qa'
📝 Nota: Búsqueda realizada en contenido SIN comentarios
Longitud del contenido a buscar: 2487
Usando contenido: LIMPIO (sin comentarios)
¿Contiene 'qa' con búsqueda simple? false
Aplicando 9 patrones de búsqueda...
¿Palabra EXACTA encontrada? false
Total de contextos únicos: 0
✓ Correcto: La palabra EXACTA 'qa' NO fue encontrada como término independiente
ℹ Confirmado: La secuencia 'qa' no aparece en absoluto en el archivo
  Entonces el archivo Yaml NO debe contener la palabra "qa"                                   # com.confuturo.steps.YamlValidationSteps.elArchivoYamlNoDebeContenerLaPalabra(java.lang.String)

===== ESCENARIO EXITOSO =====
Nombre: El archivo YAML debe tener la configuración de servicios correcta

===== ESCENARIO EXITOSO =====
Nombre: El archivo YAML debe tener la configuración de servicios correcta
]]></system-out>
  </testcase>
  <testcase name="El archivo YAML debe tener la configuración de servicios correcta #85" classname="Validación de configuración de archivo json en ambiente de Produccion #2" time="1.031">
    <system-out><![CDATA[
@yaml-prod
Escenario: El archivo YAML debe tener la configuración de servicios correcta                  # src/test/resources/features/yaml-validation_prod.feature:103

===== INICIANDO ESCENARIO =====
Nombre: El archivo YAML debe tener la configuración de servicios correcta

===== INICIANDO ESCENARIO =====
Nombre: El archivo YAML debe tener la configuración de servicios correcta
Conectando al repositorio: confuturo_ti/servicios-de-pago/cashier-services/sicc
Buscando token en archivo .env...
Comprobando archivo .env en: C:\Users\spena\Desktop\AutomationYamlAndJson\AutomationYamlAndJsonMultiple\yaml-validator\.env
Comprobando archivo .env en: C:\Users\spena\Desktop\AutomationYamlAndJson\AutomationYamlAndJsonMultiple\yaml-validator\..\.env
Archivo .env encontrado en: C:\Users\spena\Desktop\AutomationYamlAndJson\AutomationYamlAndJsonMultiple\yaml-validator\..\.env
Token encontrado en archivo .env: ../.env
Conexión a GitLab establecida correctamente
Conexión establecida correctamente al repositorio: confuturo_ti/servicios-de-pago/cashier-services/sicc
  Dado que tengo acceso al repositorio 'confuturo_ti/servicios-de-pago/cashier-services/sicc' # com.confuturo.steps.YamlValidationSteps.queAccesoAlRepositorio(java.lang.String)
Intentando leer archivo YAML: confuturo_sicc_frontend/helm/prod-values-gke.yaml del proyecto: confuturo_ti/servicios-de-pago/cashier-services/sicc
Proyecto encontrado con ID: 33153056
Intentando obtener archivo de la rama: develop
Archivo encontrado en la rama: develop
Contenido YAML guardado en 'gitlab-yaml-content.txt'
=== CONTENIDO YAML ORIGINAL ===
Longitud: 881 caracteres
Primeras 300 caracteres:
replicaCount: 1

image:
  repository: confuturocloud/sicc-frontend
  pullPolicy: IfNotPresent
  tag: "latest"

imagePullSecrets: 
  - name: confuturo-registry

nameOverride: ""
fullnameOverride: ""

serviceAccount:
  create: true
  annotations: {}
  name: ""

configmap:
  name: sicc-frontend
  data:
=== FIN DEL CONTENIDO ORIGINAL ===
=== PROCESO DE LIMPIEZA DE COMENTARIOS YAML ===
Líneas originales: 51
Líneas procesadas: 51
Comentarios eliminados: 0
=== FIN DEL PROCESO DE LIMPIEZA ===
YAML limpio guardado en 'cleaned-yaml-content.txt'
Longitud después de limpieza: 881 caracteres
YAML limpio parseado correctamente
  Cuando leo el archivo 'confuturo_sicc_frontend/helm/prod-values-gke.yaml'                   # com.confuturo.steps.YamlValidationSteps.leoElArchivo(java.lang.String)

============================================================
🔍 VERIFICANDO QUE NO EXISTA LA PALABRA EXACTA
============================================================
🎯 Palabra EXACTA que NO debe existir: 'qa'
📝 Nota: Búsqueda realizada en contenido SIN comentarios
Longitud del contenido a buscar: 881
Usando contenido: LIMPIO (sin comentarios)
¿Contiene 'qa' con búsqueda simple? false
Aplicando 9 patrones de búsqueda...
¿Palabra EXACTA encontrada? false
Total de contextos únicos: 0
✓ Correcto: La palabra EXACTA 'qa' NO fue encontrada como término independiente
ℹ Confirmado: La secuencia 'qa' no aparece en absoluto en el archivo
  Entonces el archivo Yaml NO debe contener la palabra "qa"                                   # com.confuturo.steps.YamlValidationSteps.elArchivoYamlNoDebeContenerLaPalabra(java.lang.String)

===== ESCENARIO EXITOSO =====
Nombre: El archivo YAML debe tener la configuración de servicios correcta

===== ESCENARIO EXITOSO =====
Nombre: El archivo YAML debe tener la configuración de servicios correcta
]]></system-out>
  </testcase>
  <testcase name="El archivo YAML debe tener la configuración de servicios correcta #86" classname="Validación de configuración de archivo json en ambiente de Produccion #2" time="1.859">
    <system-out><![CDATA[
@yaml-prod
Escenario: El archivo YAML debe tener la configuración de servicios correcta                 # src/test/resources/features/yaml-validation_prod.feature:104

===== INICIANDO ESCENARIO =====
Nombre: El archivo YAML debe tener la configuración de servicios correcta

===== INICIANDO ESCENARIO =====
Nombre: El archivo YAML debe tener la configuración de servicios correcta
Conectando al repositorio: confuturo_ti/portales-internos/texttospeech-service
Buscando token en archivo .env...
Comprobando archivo .env en: C:\Users\spena\Desktop\AutomationYamlAndJson\AutomationYamlAndJsonMultiple\yaml-validator\.env
Comprobando archivo .env en: C:\Users\spena\Desktop\AutomationYamlAndJson\AutomationYamlAndJsonMultiple\yaml-validator\..\.env
Archivo .env encontrado en: C:\Users\spena\Desktop\AutomationYamlAndJson\AutomationYamlAndJsonMultiple\yaml-validator\..\.env
Token encontrado en archivo .env: ../.env
Conexión a GitLab establecida correctamente
Conexión establecida correctamente al repositorio: confuturo_ti/portales-internos/texttospeech-service
  Dado que tengo acceso al repositorio 'confuturo_ti/portales-internos/texttospeech-service' # com.confuturo.steps.YamlValidationSteps.queAccesoAlRepositorio(java.lang.String)
Intentando leer archivo YAML: helm/prod-values-gke.yaml del proyecto: confuturo_ti/portales-internos/texttospeech-service
Proyecto encontrado con ID: 68859839
Intentando obtener archivo de la rama: develop
Archivo encontrado en la rama: develop
Contenido YAML guardado en 'gitlab-yaml-content.txt'
=== CONTENIDO YAML ORIGINAL ===
Longitud: 1658 caracteres
Primeras 300 caracteres:
replicaCount: 1

image:
  repository: confuturocloud/texttospeech-service
  tag: "latest"

imagePullSecrets:
  - name: confuturo-registry

nameOverride: ""
fullnameOverride: ""

serviceAccount:
  create: true
  annotations: {}
  name: ""

podAnnotations:
  vault.hashicorp.com/agent
=== FIN DEL CONTENIDO ORIGINAL ===
=== PROCESO DE LIMPIEZA DE COMENTARIOS YAML ===
Líneas originales: 72
Líneas procesadas: 72
Comentarios eliminados: 0
=== FIN DEL PROCESO DE LIMPIEZA ===
YAML limpio guardado en 'cleaned-yaml-content.txt'
Longitud después de limpieza: 1658 caracteres
YAML limpio parseado correctamente
  Cuando leo el archivo 'helm/prod-values-gke.yaml'                                          # com.confuturo.steps.YamlValidationSteps.leoElArchivo(java.lang.String)

============================================================
🔍 VERIFICANDO QUE NO EXISTA LA PALABRA EXACTA
============================================================
🎯 Palabra EXACTA que NO debe existir: 'qa'
📝 Nota: Búsqueda realizada en contenido SIN comentarios
Longitud del contenido a buscar: 1658
Usando contenido: LIMPIO (sin comentarios)
¿Contiene 'qa' con búsqueda simple? false
Aplicando 9 patrones de búsqueda...
¿Palabra EXACTA encontrada? false
Total de contextos únicos: 0
✓ Correcto: La palabra EXACTA 'qa' NO fue encontrada como término independiente
ℹ Confirmado: La secuencia 'qa' no aparece en absoluto en el archivo
  Entonces el archivo Yaml NO debe contener la palabra "qa"                                  # com.confuturo.steps.YamlValidationSteps.elArchivoYamlNoDebeContenerLaPalabra(java.lang.String)

===== ESCENARIO EXITOSO =====
Nombre: El archivo YAML debe tener la configuración de servicios correcta

===== ESCENARIO EXITOSO =====
Nombre: El archivo YAML debe tener la configuración de servicios correcta
]]></system-out>
  </testcase>
  <testcase name="El archivo YAML debe tener la configuración de servicios correcta #87" classname="Validación de configuración de archivo json en ambiente de Produccion #2" time="0.958">
    <system-out><![CDATA[
@yaml-prod
Escenario: El archivo YAML debe tener la configuración de servicios correcta                       # src/test/resources/features/yaml-validation_prod.feature:105

===== INICIANDO ESCENARIO =====
Nombre: El archivo YAML debe tener la configuración de servicios correcta

===== INICIANDO ESCENARIO =====
Nombre: El archivo YAML debe tener la configuración de servicios correcta
Conectando al repositorio: confuturo_ti/portales-internos/tracking/tracking-services
Buscando token en archivo .env...
Comprobando archivo .env en: C:\Users\spena\Desktop\AutomationYamlAndJson\AutomationYamlAndJsonMultiple\yaml-validator\.env
Comprobando archivo .env en: C:\Users\spena\Desktop\AutomationYamlAndJson\AutomationYamlAndJsonMultiple\yaml-validator\..\.env
Archivo .env encontrado en: C:\Users\spena\Desktop\AutomationYamlAndJson\AutomationYamlAndJsonMultiple\yaml-validator\..\.env
Token encontrado en archivo .env: ../.env
Conexión a GitLab establecida correctamente
Conexión establecida correctamente al repositorio: confuturo_ti/portales-internos/tracking/tracking-services
  Dado que tengo acceso al repositorio 'confuturo_ti/portales-internos/tracking/tracking-services' # com.confuturo.steps.YamlValidationSteps.queAccesoAlRepositorio(java.lang.String)
Intentando leer archivo YAML: helm/prod-values-gke.yaml del proyecto: confuturo_ti/portales-internos/tracking/tracking-services
Proyecto encontrado con ID: 32832393
Intentando obtener archivo de la rama: develop
Archivo encontrado en la rama: develop
Contenido YAML guardado en 'gitlab-yaml-content.txt'
=== CONTENIDO YAML ORIGINAL ===
Longitud: 2460 caracteres
Primeras 300 caracteres:
replicaCount: 1

image:
  repository: confuturocloud/tracking-services
  tag: "latest"

imagePullSecrets:
  - name: confuturo-registry

nameOverride: ""
fullnameOverride: ""

serviceAccount:
  create: true
  annotations: {}
  name: ""

configmap:
  name: tracking-services
  data:
    AllowedHosts: "
=== FIN DEL CONTENIDO ORIGINAL ===
=== PROCESO DE LIMPIEZA DE COMENTARIOS YAML ===
Líneas originales: 95
Líneas procesadas: 95
Comentarios eliminados: 0
=== FIN DEL PROCESO DE LIMPIEZA ===
YAML limpio guardado en 'cleaned-yaml-content.txt'
Longitud después de limpieza: 2460 caracteres
YAML limpio parseado correctamente
  Cuando leo el archivo 'helm/prod-values-gke.yaml'                                                # com.confuturo.steps.YamlValidationSteps.leoElArchivo(java.lang.String)

============================================================
🔍 VERIFICANDO QUE NO EXISTA LA PALABRA EXACTA
============================================================
🎯 Palabra EXACTA que NO debe existir: 'qa'
📝 Nota: Búsqueda realizada en contenido SIN comentarios
Longitud del contenido a buscar: 2460
Usando contenido: LIMPIO (sin comentarios)
¿Contiene 'qa' con búsqueda simple? false
Aplicando 9 patrones de búsqueda...
¿Palabra EXACTA encontrada? false
Total de contextos únicos: 0
✓ Correcto: La palabra EXACTA 'qa' NO fue encontrada como término independiente
ℹ Confirmado: La secuencia 'qa' no aparece en absoluto en el archivo
  Entonces el archivo Yaml NO debe contener la palabra "qa"                                        # com.confuturo.steps.YamlValidationSteps.elArchivoYamlNoDebeContenerLaPalabra(java.lang.String)

===== ESCENARIO EXITOSO =====
Nombre: El archivo YAML debe tener la configuración de servicios correcta

===== ESCENARIO EXITOSO =====
Nombre: El archivo YAML debe tener la configuración de servicios correcta
]]></system-out>
  </testcase>
  <testcase name="El archivo YAML debe tener la configuración de servicios correcta #88" classname="Validación de configuración de archivo json en ambiente de Produccion #2" time="1.141">
    <system-out><![CDATA[
@yaml-prod
Escenario: El archivo YAML debe tener la configuración de servicios correcta                           # src/test/resources/features/yaml-validation_prod.feature:106

===== INICIANDO ESCENARIO =====
Nombre: El archivo YAML debe tener la configuración de servicios correcta

===== INICIANDO ESCENARIO =====
Nombre: El archivo YAML debe tener la configuración de servicios correcta
Conectando al repositorio: confuturo_ti/transacciones-apoyo/transacciones-de-apoyo-front
Buscando token en archivo .env...
Comprobando archivo .env en: C:\Users\spena\Desktop\AutomationYamlAndJson\AutomationYamlAndJsonMultiple\yaml-validator\.env
Comprobando archivo .env en: C:\Users\spena\Desktop\AutomationYamlAndJson\AutomationYamlAndJsonMultiple\yaml-validator\..\.env
Archivo .env encontrado en: C:\Users\spena\Desktop\AutomationYamlAndJson\AutomationYamlAndJsonMultiple\yaml-validator\..\.env
Token encontrado en archivo .env: ../.env
Conexión a GitLab establecida correctamente
Conexión establecida correctamente al repositorio: confuturo_ti/transacciones-apoyo/transacciones-de-apoyo-front
  Dado que tengo acceso al repositorio 'confuturo_ti/transacciones-apoyo/transacciones-de-apoyo-front' # com.confuturo.steps.YamlValidationSteps.queAccesoAlRepositorio(java.lang.String)
Intentando leer archivo YAML: helm/prod-values-gke.yaml del proyecto: confuturo_ti/transacciones-apoyo/transacciones-de-apoyo-front
Proyecto encontrado con ID: 26180886
Intentando obtener archivo de la rama: develop
Archivo encontrado en la rama: develop
Contenido YAML guardado en 'gitlab-yaml-content.txt'
=== CONTENIDO YAML ORIGINAL ===
Longitud: 1283 caracteres
Primeras 300 caracteres:
replicaCount: 1

image:
  repository: confuturocloud/transacciones-de-apoyo-front
  pullPolicy: IfNotPresent
  tag: "latest"

imagePullSecrets:
  - name: confuturo-registry
nameOverride: ""
fullnameOverride: ""

configmap:
  name: transacciones-de-apoyo-front
  data:
    env: prod

serviceAccount:
 
=== FIN DEL CONTENIDO ORIGINAL ===
=== PROCESO DE LIMPIEZA DE COMENTARIOS YAML ===
Líneas originales: 58
Líneas procesadas: 58
Comentarios eliminados: 0
=== FIN DEL PROCESO DE LIMPIEZA ===
YAML limpio guardado en 'cleaned-yaml-content.txt'
Longitud después de limpieza: 1282 caracteres
YAML limpio parseado correctamente
  Cuando leo el archivo 'helm/prod-values-gke.yaml'                                                    # com.confuturo.steps.YamlValidationSteps.leoElArchivo(java.lang.String)

============================================================
🔍 VERIFICANDO QUE NO EXISTA LA PALABRA EXACTA
============================================================
🎯 Palabra EXACTA que NO debe existir: 'qa'
📝 Nota: Búsqueda realizada en contenido SIN comentarios
Longitud del contenido a buscar: 1282
Usando contenido: LIMPIO (sin comentarios)
¿Contiene 'qa' con búsqueda simple? false
Aplicando 9 patrones de búsqueda...
¿Palabra EXACTA encontrada? false
Total de contextos únicos: 0
✓ Correcto: La palabra EXACTA 'qa' NO fue encontrada como término independiente
ℹ Confirmado: La secuencia 'qa' no aparece en absoluto en el archivo
  Entonces el archivo Yaml NO debe contener la palabra "qa"                                            # com.confuturo.steps.YamlValidationSteps.elArchivoYamlNoDebeContenerLaPalabra(java.lang.String)

===== ESCENARIO EXITOSO =====
Nombre: El archivo YAML debe tener la configuración de servicios correcta

===== ESCENARIO EXITOSO =====
Nombre: El archivo YAML debe tener la configuración de servicios correcta
]]></system-out>
  </testcase>
</testsuite>